<?xml version="1.0"?>
<testsuite name="Chrome 126.0.0.0 (Windows 10)" package="" timestamp="2024-07-24T21:30:10" id="0" hostname="NRD5CG219491W" tests="1095" errors="0" failures="0" time="5.521">
  <properties>
    <property name="browser.fullName" value="Mozilla/5.0 (Windows NT 10.0; Win64; x64) AppleWebKit/537.36 (KHTML, like Gecko) Chrome/126.0.0.0 Safari/537.36"/>
  </properties>
  <testcase name="GwcBackupComponent should create" time="0.225" classname="Chrome_126_0_0_0_(Windows_10).GwcBackupComponent"/>
  <testcase name="GwcBackupComponent should initialize form and disable controls" time="0.005" classname="Chrome_126_0_0_0_(Windows_10).GwcBackupComponent"/>
  <testcase name="GwcBackupComponent should handle checkbox changes and update form controls" time="0.004" classname="Chrome_126_0_0_0_(Windows_10).GwcBackupComponent"/>
  <testcase name="GwcBackupComponent should prevent default for forbidden key codes" time="0.006" classname="Chrome_126_0_0_0_(Windows_10).GwcBackupComponent"/>
  <testcase name="AlgsComponent should call closeDeleteDialogAndDeleteSelectedData()" time="0.007" classname="Chrome_126_0_0_0_(Windows_10).AlgsComponent"/>
  <testcase name="AlgsComponent should call closeInfoAboutNoOptionDialog()" time="0.006" classname="Chrome_126_0_0_0_(Windows_10).AlgsComponent"/>
  <testcase name="AlgsComponent should handle error and set messageText, detailsText, and showErrorDialog" time="0.004" classname="Chrome_126_0_0_0_(Windows_10).AlgsComponent"/>
  <testcase name="AlgsComponent should call editAlg()" time="0.006" classname="Chrome_126_0_0_0_(Windows_10).AlgsComponent"/>
  <testcase name="AlgsComponent should call editAlgFormFooterHandler() with event=true and invalid negative port value" time="0.006" classname="Chrome_126_0_0_0_(Windows_10).AlgsComponent"/>
  <testcase name="AlgsComponent should call addAlg()" time="0.004" classname="Chrome_126_0_0_0_(Windows_10).AlgsComponent"/>
  <testcase name="AlgsComponent should call editAlgFormFooterHandler() with event=true and valid port value" time="0.004" classname="Chrome_126_0_0_0_(Windows_10).AlgsComponent"/>
  <testcase name="AlgsComponent should call editAlgFormFooterHandler() with event=false" time="0.005" classname="Chrome_126_0_0_0_(Windows_10).AlgsComponent"/>
  <testcase name="AlgsComponent should handle error details message on deleteALG()" time="0.003" classname="Chrome_126_0_0_0_(Windows_10).AlgsComponent"/>
  <testcase name="AlgsComponent should create" time="0.004" classname="Chrome_126_0_0_0_(Windows_10).AlgsComponent"/>
  <testcase name="AlgsComponent should call closeErrorDialog()" time="0.004" classname="Chrome_126_0_0_0_(Windows_10).AlgsComponent"/>
  <testcase name="AlgsComponent should call editAlgFormFooterHandler() with event=true and invalid positive port value" time="0.004" classname="Chrome_126_0_0_0_(Windows_10).AlgsComponent"/>
  <testcase name="AlgsComponent should call ngOnInit()" time="0.005" classname="Chrome_126_0_0_0_(Windows_10).AlgsComponent"/>
  <testcase name="AlgsComponent should call deleteALG()" time="0.003" classname="Chrome_126_0_0_0_(Windows_10).AlgsComponent"/>
  <testcase name="AlgsComponent should call showOrHideButtonClick()" time="0.003" classname="Chrome_126_0_0_0_(Windows_10).AlgsComponent"/>
  <testcase name="AlgsComponent should call closeAddDialogAndDeleteFormValue()" time="0.006" classname="Chrome_126_0_0_0_(Windows_10).AlgsComponent"/>
  <testcase name="AlgsComponent should call addNewAlgBtn()" time="0.005" classname="Chrome_126_0_0_0_(Windows_10).AlgsComponent"/>
  <testcase name="AlgsComponent should call closeEditDialogAndDeleteFormValue()" time="0.004" classname="Chrome_126_0_0_0_(Windows_10).AlgsComponent"/>
  <testcase name="AlgsComponent should call addAlgFormFooterHandler() with event=true and valid port value" time="0.004" classname="Chrome_126_0_0_0_(Windows_10).AlgsComponent"/>
  <testcase name="AlgsComponent should call setFormValueToDefault()" time="0.004" classname="Chrome_126_0_0_0_(Windows_10).AlgsComponent"/>
  <testcase name="AlgsComponent should call addAlgFormFooterHandler() with event=false" time="0.005" classname="Chrome_126_0_0_0_(Windows_10).AlgsComponent"/>
  <testcase name="AlgsComponent should call deleteDialogFooterHandler() with event=true" time="0.003" classname="Chrome_126_0_0_0_(Windows_10).AlgsComponent"/>
  <testcase name="AlgsComponent should call deleteDialogFooterHandler() with event=false" time="0.003" classname="Chrome_126_0_0_0_(Windows_10).AlgsComponent"/>
  <testcase name="AlgsComponent should call getAlgsData() and resturns error" time="0.005" classname="Chrome_126_0_0_0_(Windows_10).AlgsComponent"/>
  <testcase name="AlgsComponent should handle error and set messageText, detailsText, and showErrorDialog" time="0.003" classname="Chrome_126_0_0_0_(Windows_10).AlgsComponent"/>
  <testcase name="AlgsComponent should refreshTable()" time="0.004" classname="Chrome_126_0_0_0_(Windows_10).AlgsComponent"/>
  <testcase name="ProceduresComponent should create" time="0.005" classname="Chrome_126_0_0_0_(Windows_10).ProceduresComponent"/>
  <testcase name="IntegrityTakeActionsReportsComponent should call doGetAuditReport" time="0.051" classname="Chrome_126_0_0_0_(Windows_10).IntegrityTakeActionsReportsComponent"/>
  <testcase name="IntegrityTakeActionsReportsComponent should call getlastRunTime" time="0.031" classname="Chrome_126_0_0_0_(Windows_10).IntegrityTakeActionsReportsComponent"/>
  <testcase name="IntegrityTakeActionsReportsComponent should create" time="0.029" classname="Chrome_126_0_0_0_(Windows_10).IntegrityTakeActionsReportsComponent"/>
  <testcase name="IntegrityTakeActionsReportsComponent should call getlastRunTime" time="0.032" classname="Chrome_126_0_0_0_(Windows_10).IntegrityTakeActionsReportsComponent"/>
  <testcase name="IntegrityTakeActionsReportsComponent should call doRefreshDataTable" time="0.026" classname="Chrome_126_0_0_0_(Windows_10).IntegrityTakeActionsReportsComponent"/>
  <testcase name="IntegrityTakeActionsReportsComponent should call doGetAuditReport" time="0.026" classname="Chrome_126_0_0_0_(Windows_10).IntegrityTakeActionsReportsComponent"/>
  <testcase name="IntegrityTakeActionsReportsComponent should call doTakeAction" time="0.028" classname="Chrome_126_0_0_0_(Windows_10).IntegrityTakeActionsReportsComponent"/>
  <testcase name="NetworkViewService should call getCMCLLI" time="0.002" classname="Chrome_126_0_0_0_(Windows_10).NetworkViewService"/>
  <testcase name="NetworkViewService should call getAllSupportedGatewayProfiles" time="0.002" classname="Chrome_126_0_0_0_(Windows_10).NetworkViewService"/>
  <testcase name="NetworkViewService should call getAllGwc" time="0.001" classname="Chrome_126_0_0_0_(Windows_10).NetworkViewService"/>
  <testcase name="NetworkViewService should call getGWCNames" time="0" classname="Chrome_126_0_0_0_(Windows_10).NetworkViewService"/>
  <testcase name="NetworkViewService should be created" time="0.001" classname="Chrome_126_0_0_0_(Windows_10).NetworkViewService"/>
  <testcase name="GrGatewayInfoComponent should close the dialog and call getOptions" time="0.003" classname="Chrome_126_0_0_0_(Windows_10).GrGatewayInfoComponent"/>
  <testcase name="GrGatewayInfoComponent should populate options array when getOptions is called" time="0.003" classname="Chrome_126_0_0_0_(Windows_10).GrGatewayInfoComponent"/>
  <testcase name="GrGatewayInfoComponent should return true when item is &quot;button&quot;" time="0.003" classname="Chrome_126_0_0_0_(Windows_10).GrGatewayInfoComponent"/>
  <testcase name="GrGatewayInfoComponent should return false when item is not &quot;button&quot;" time="0.004" classname="Chrome_126_0_0_0_(Windows_10).GrGatewayInfoComponent"/>
  <testcase name="GrGatewayInfoComponent should create" time="0.003" classname="Chrome_126_0_0_0_(Windows_10).GrGatewayInfoComponent"/>
  <testcase name="GrGatewayInfoComponent should reset the form and show the dialog when option is &quot;button&quot;" time="0.002" classname="Chrome_126_0_0_0_(Windows_10).GrGatewayInfoComponent"/>
  <testcase name="AssociateFormService gwcBackup should be defined" time="0.001" classname="Chrome_126_0_0_0_(Windows_10).AssociateFormService gwcBackup"/>
  <testcase name="AssociateFormService gwcBackup should have mgcsecipAddress control" time="0.001" classname="Chrome_126_0_0_0_(Windows_10).AssociateFormService gwcBackup"/>
  <testcase name="AssociateFormService gwcBackup should have lbl control" time="0.002" classname="Chrome_126_0_0_0_(Windows_10).AssociateFormService gwcBackup"/>
  <testcase name="AssociateFormService should be created" time="0.002" classname="Chrome_126_0_0_0_(Windows_10).AssociateFormService"/>
  <testcase name="AssociateFormService signalProtocol should be defined" time="0.001" classname="Chrome_126_0_0_0_(Windows_10).AssociateFormService signalProtocol"/>
  <testcase name="AssociateFormService signalProtocol should have protocolType control" time="0.001" classname="Chrome_126_0_0_0_(Windows_10).AssociateFormService signalProtocol"/>
  <testcase name="AssociateFormService signalProtocol should have protocolPort control" time="0.001" classname="Chrome_126_0_0_0_(Windows_10).AssociateFormService signalProtocol"/>
  <testcase name="AssociateFormService mainFormGroup should be defined" time="0.001" classname="Chrome_126_0_0_0_(Windows_10).AssociateFormService mainFormGroup"/>
  <testcase name="AssociateFormService gatewayInformation should have ipAddress control" time="0.001" classname="Chrome_126_0_0_0_(Windows_10).AssociateFormService gatewayInformation"/>
  <testcase name="AssociateFormService gatewayInformation should be defined" time="0.001" classname="Chrome_126_0_0_0_(Windows_10).AssociateFormService gatewayInformation"/>
  <testcase name="AssociateFormService gatewayInformation should have name control" time="0" classname="Chrome_126_0_0_0_(Windows_10).AssociateFormService gatewayInformation"/>
  <testcase name="ProvComponent should set isShowAddProv and isShowDeleteProv to false" time="0.002" classname="Chrome_126_0_0_0_(Windows_10).ProvComponent"/>
  <testcase name="ProvComponent should create" time="0.004" classname="Chrome_126_0_0_0_(Windows_10).ProvComponent"/>
  <testcase name="ProvComponent should delete throw error" time="0.004" classname="Chrome_126_0_0_0_(Windows_10).ProvComponent"/>
  <testcase name="ProvComponent should delete selected identifier" time="0.002" classname="Chrome_126_0_0_0_(Windows_10).ProvComponent"/>
  <testcase name="ProvComponent should call showErrorMessage when getProvIDs returns an error" time="0.002" classname="Chrome_126_0_0_0_(Windows_10).ProvComponent"/>
  <testcase name="ProvComponent should delete response has wrong rc show error" time="0.002" classname="Chrome_126_0_0_0_(Windows_10).ProvComponent"/>
  <testcase name="ProvisioningComponent should create" time="0.003" classname="Chrome_126_0_0_0_(Windows_10).ProvisioningComponent"/>
  <testcase name="ViewReportsComponent should call handleShowLoading" time="0.017" classname="Chrome_126_0_0_0_(Windows_10).ViewReportsComponent"/>
  <testcase name="ViewReportsComponent should call handleExport" time="0.012" classname="Chrome_126_0_0_0_(Windows_10).ViewReportsComponent"/>
  <testcase name="ViewReportsComponent should call doGetReports case throwError" time="0.014" classname="Chrome_126_0_0_0_(Windows_10).ViewReportsComponent"/>
  <testcase name="ViewReportsComponent should call doViewReport" time="0.019" classname="Chrome_126_0_0_0_(Windows_10).ViewReportsComponent"/>
  <testcase name="ViewReportsComponent should create" time="0.017" classname="Chrome_126_0_0_0_(Windows_10).ViewReportsComponent"/>
  <testcase name="DetailDialogComponent should not close the dialog or emit closeDetailDialog event when event is truthy in onDetailDialog" time="0.005" classname="Chrome_126_0_0_0_(Windows_10).DetailDialogComponent"/>
  <testcase name="DetailDialogComponent should close the dialog and emit closeDetailDialog event in closeDialog" time="0.003" classname="Chrome_126_0_0_0_(Windows_10).DetailDialogComponent"/>
  <testcase name="DetailDialogComponent should create" time="0.004" classname="Chrome_126_0_0_0_(Windows_10).DetailDialogComponent"/>
  <testcase name="DetailDialogComponent should close the dialog and emit closeDetailDialog event when event is falsy in onDetailDialog" time="0.004" classname="Chrome_126_0_0_0_(Windows_10).DetailDialogComponent"/>
  <testcase name="GrGatewaysComponent should call getGRGWsData() and returns error" time="0.009" classname="Chrome_126_0_0_0_(Windows_10).GrGatewaysComponent"/>
  <testcase name="GrGatewaysComponent should call closeDeleteErrorDialog()" time="0.006" classname="Chrome_126_0_0_0_(Windows_10).GrGatewaysComponent"/>
  <testcase name="GrGatewaysComponent should call setFormValueToDefault()" time="0.005" classname="Chrome_126_0_0_0_(Windows_10).GrGatewaysComponent"/>
  <testcase name="GrGatewaysComponent should call showOrHideButtonClick()" time="0.006" classname="Chrome_126_0_0_0_(Windows_10).GrGatewaysComponent"/>
  <testcase name="GrGatewaysComponent should refreshTable()" time="0.005" classname="Chrome_126_0_0_0_(Windows_10).GrGatewaysComponent"/>
  <testcase name="GrGatewaysComponent should call addGRGWFormFooterHandler() with event=true" time="0.005" classname="Chrome_126_0_0_0_(Windows_10).GrGatewaysComponent"/>
  <testcase name="GrGatewaysComponent should call addGRGW()" time="0.004" classname="Chrome_126_0_0_0_(Windows_10).GrGatewaysComponent"/>
  <testcase name="GrGatewaysComponent should call editGRGWFormFooterHandler() with event=true" time="0.005" classname="Chrome_126_0_0_0_(Windows_10).GrGatewaysComponent"/>
  <testcase name="GrGatewaysComponent should call addGRGWFormFooterHandler() with event=false" time="0.004" classname="Chrome_126_0_0_0_(Windows_10).GrGatewaysComponent"/>
  <testcase name="GrGatewaysComponent should handle error and set messageText, detailsText, and showErrorDialog" time="0.006" classname="Chrome_126_0_0_0_(Windows_10).GrGatewaysComponent"/>
  <testcase name="GrGatewaysComponent should call isDataChangedValue()" time="0.004" classname="Chrome_126_0_0_0_(Windows_10).GrGatewaysComponent"/>
  <testcase name="GrGatewaysComponent should call addNewGRBtn()" time="0.004" classname="Chrome_126_0_0_0_(Windows_10).GrGatewaysComponent"/>
  <testcase name="GrGatewaysComponent should call closeEditDialogAndDeleteFormValue()" time="0.005" classname="Chrome_126_0_0_0_(Windows_10).GrGatewaysComponent"/>
  <testcase name="GrGatewaysComponent should call editGRGW()" time="0.003" classname="Chrome_126_0_0_0_(Windows_10).GrGatewaysComponent"/>
  <testcase name="GrGatewaysComponent should call editGRGWFormFooterHandler() with event=false" time="0.004" classname="Chrome_126_0_0_0_(Windows_10).GrGatewaysComponent"/>
  <testcase name="GrGatewaysComponent should call editGRGW(), return error" time="0.003" classname="Chrome_126_0_0_0_(Windows_10).GrGatewaysComponent"/>
  <testcase name="GrGatewaysComponent should isGRGWUsed with error" time="0.004" classname="Chrome_126_0_0_0_(Windows_10).GrGatewaysComponent"/>
  <testcase name="GrGatewaysComponent should delete GRGW when it is used ,(isGRGWUsed response is true)" time="0.005" classname="Chrome_126_0_0_0_(Windows_10).GrGatewaysComponent"/>
  <testcase name="GrGatewaysComponent should delete GRGW when not used ,(isGRGWUsed response is false)" time="0.004" classname="Chrome_126_0_0_0_(Windows_10).GrGatewaysComponent"/>
  <testcase name="GrGatewaysComponent should call closeErrorDialog()" time="0.005" classname="Chrome_126_0_0_0_(Windows_10).GrGatewaysComponent"/>
  <testcase name="GrGatewaysComponent should call closeAddDialogAndDeleteFormValue()" time="0.005" classname="Chrome_126_0_0_0_(Windows_10).GrGatewaysComponent"/>
  <testcase name="GrGatewaysComponent should handle error when trying to deleteGRGW(), (isGRGWUsed response is false)" time="0.003" classname="Chrome_126_0_0_0_(Windows_10).GrGatewaysComponent"/>
  <testcase name="GrGatewaysComponent should handle error" time="0.005" classname="Chrome_126_0_0_0_(Windows_10).GrGatewaysComponent"/>
  <testcase name="GrGatewaysComponent should create" time="0.003" classname="Chrome_126_0_0_0_(Windows_10).GrGatewaysComponent"/>
  <testcase name="GrGatewaysComponent should call deleteDialogFooterHandler() with event=false" time="0.004" classname="Chrome_126_0_0_0_(Windows_10).GrGatewaysComponent"/>
  <testcase name="GrGatewaysComponent should showDeleteErrorPopup" time="0.005" classname="Chrome_126_0_0_0_(Windows_10).GrGatewaysComponent"/>
  <testcase name="GrGatewaysComponent should initialize form and properties" time="0.003" classname="Chrome_126_0_0_0_(Windows_10).GrGatewaysComponent"/>
  <testcase name="GrGatewaysComponent should call closeDeleteDialogAndDeleteSelectedData()" time="0.005" classname="Chrome_126_0_0_0_(Windows_10).GrGatewaysComponent"/>
  <testcase name="GrGatewaysComponent should showDeleteErrorPopup" time="0.004" classname="Chrome_126_0_0_0_(Windows_10).GrGatewaysComponent"/>
  <testcase name="GrGatewaysComponent should call deleteGRGW(), return error" time="0.004" classname="Chrome_126_0_0_0_(Windows_10).GrGatewaysComponent"/>
  <testcase name="GrGatewaysComponent should update isDataChanged on form changes" time="0.004" classname="Chrome_126_0_0_0_(Windows_10).GrGatewaysComponent"/>
  <testcase name="GrGatewaysComponent should call deleteDialogFooterHandler() with event=true" time="0.003" classname="Chrome_126_0_0_0_(Windows_10).GrGatewaysComponent"/>
  <testcase name="SummaryAuditComponent should closeDialog case disabledBtnAbort = false" time="0.01" classname="Chrome_126_0_0_0_(Windows_10).SummaryAuditComponent"/>
  <testcase name="SummaryAuditComponent should call ngOnchange" time="0.009" classname="Chrome_126_0_0_0_(Windows_10).SummaryAuditComponent"/>
  <testcase name="SummaryAuditComponent should create" time="0.007" classname="Chrome_126_0_0_0_(Windows_10).SummaryAuditComponent"/>
  <testcase name="SummaryAuditComponent should call closeDialog case disabledBtnAbort = true" time="0.009" classname="Chrome_126_0_0_0_(Windows_10).SummaryAuditComponent"/>
  <testcase name="SummaryAuditComponent should call closeDialog case disabledBtnAbort = false" time="0.008" classname="Chrome_126_0_0_0_(Windows_10).SummaryAuditComponent"/>
  <testcase name="AddGrGatewayInfoComponent should call closeAddDialogAndDeleteFormValue()" time="0.004" classname="Chrome_126_0_0_0_(Windows_10).AddGrGatewayInfoComponent"/>
  <testcase name="AddGrGatewayInfoComponent should call setFormValueToDefault()" time="0.004" classname="Chrome_126_0_0_0_(Windows_10).AddGrGatewayInfoComponent"/>
  <testcase name="AddGrGatewayInfoComponent should create" time="0.003" classname="Chrome_126_0_0_0_(Windows_10).AddGrGatewayInfoComponent"/>
  <testcase name="AddGrGatewayInfoComponent should initialize form and call addNewGRBtn on ngOnInit" time="0.004" classname="Chrome_126_0_0_0_(Windows_10).AddGrGatewayInfoComponent"/>
  <testcase name="AddGrGatewayInfoComponent should handle error and set messageText, detailsText, and showErrorDialog" time="0.003" classname="Chrome_126_0_0_0_(Windows_10).AddGrGatewayInfoComponent"/>
  <testcase name="AddGrGatewayInfoComponent should call addGRGW()" time="0.003" classname="Chrome_126_0_0_0_(Windows_10).AddGrGatewayInfoComponent"/>
  <testcase name="AddGrGatewayInfoComponent should close error dialog and show details button" time="0.004" classname="Chrome_126_0_0_0_(Windows_10).AddGrGatewayInfoComponent"/>
  <testcase name="AddGrGatewayInfoComponent should toggle showDetailsBtn property" time="0.003" classname="Chrome_126_0_0_0_(Windows_10).AddGrGatewayInfoComponent"/>
  <testcase name="AddGrGatewayInfoComponent should call addGRGW when event is true" time="0.005" classname="Chrome_126_0_0_0_(Windows_10).AddGrGatewayInfoComponent"/>
  <testcase name="AddGrGatewayInfoComponent should call closeAddDialogAndDeleteFormValue when event is false" time="0.004" classname="Chrome_126_0_0_0_(Windows_10).AddGrGatewayInfoComponent"/>
  <testcase name="TreePickListComponent should create" time="0.006" classname="Chrome_126_0_0_0_(Windows_10).TreePickListComponent"/>
  <testcase name="MultiSiteComponent should create" time="0.004" classname="Chrome_126_0_0_0_(Windows_10).MultiSiteComponent"/>
  <testcase name="MultiSiteComponent should show error message if selecting more than allowed site names" time="0.002" classname="Chrome_126_0_0_0_(Windows_10).MultiSiteComponent"/>
  <testcase name="MultiSiteComponent should emit site names if within the allowed limit" time="0.002" classname="Chrome_126_0_0_0_(Windows_10).MultiSiteComponent"/>
  <testcase name="MultiSiteComponent should update allSiteNames on ngOnChanges" time="0.001" classname="Chrome_126_0_0_0_(Windows_10).MultiSiteComponent"/>
  <testcase name="TrunkDataIntegrityAuditComponent should create" time="0.006" classname="Chrome_126_0_0_0_(Windows_10).TrunkDataIntegrityAuditComponent"/>
  <testcase name="GatewayInformationComponent should set pepOrAlgLabel based on pep_alg_radioValues" time="0.004" classname="Chrome_126_0_0_0_(Windows_10).GatewayInformationComponent"/>
  <testcase name="GatewayInformationComponent should emit true when serviceTypeMapping is 4" time="0.005" classname="Chrome_126_0_0_0_(Windows_10).GatewayInformationComponent"/>
  <testcase name="GatewayInformationComponent should update properties and emit events based on the profile change" time="0.004" classname="Chrome_126_0_0_0_(Windows_10).GatewayInformationComponent"/>
  <testcase name="GatewayInformationComponent should emit true if conditions are met" time="0.002" classname="Chrome_126_0_0_0_(Windows_10).GatewayInformationComponent"/>
  <testcase name="GatewayInformationComponent should set pepOrAlgLabel based on pep_alg_radioValue" time="0.003" classname="Chrome_126_0_0_0_(Windows_10).GatewayInformationComponent"/>
  <testcase name="GatewayInformationComponent should return true if ipAddress control is invalid and viceversa" time="0.004" classname="Chrome_126_0_0_0_(Windows_10).GatewayInformationComponent"/>
  <testcase name="GatewayInformationComponent should set showIsNodeSharing to true when lgrpType is LL_3RDPTY_FLEX and vice versa " time="0.002" classname="Chrome_126_0_0_0_(Windows_10).GatewayInformationComponent"/>
  <testcase name="GatewayInformationComponent should emit true when isSupportMlt returns &quot;true&quot;" time="0.003" classname="Chrome_126_0_0_0_(Windows_10).GatewayInformationComponent"/>
  <testcase name="GatewayInformationComponent should prevent default for forbidden key codes" time="0.004" classname="Chrome_126_0_0_0_(Windows_10).GatewayInformationComponent"/>
  <testcase name="GatewayInformationComponent should emit true when checkgwcBackupPanel" time="0.003" classname="Chrome_126_0_0_0_(Windows_10).GatewayInformationComponent"/>
  <testcase name="GatewayInformationComponent should check lgrp panel" time="0.004" classname="Chrome_126_0_0_0_(Windows_10).GatewayInformationComponent"/>
  <testcase name="GatewayInformationComponent should add lgrpType control if conditions are met" time="0.002" classname="Chrome_126_0_0_0_(Windows_10).GatewayInformationComponent"/>
  <testcase name="GatewayInformationComponent should create" time="0.003" classname="Chrome_126_0_0_0_(Windows_10).GatewayInformationComponent"/>
  <testcase name="GatewayInformationComponent should emit true if profileName is GENBAND_G9_NA else false" time="0.002" classname="Chrome_126_0_0_0_(Windows_10).GatewayInformationComponent"/>
  <testcase name="GatewayInformationComponent should call checkForGatewayLgrp and checkTGRPpanel with the provided controller name" time="0.004" classname="Chrome_126_0_0_0_(Windows_10).GatewayInformationComponent"/>
  <testcase name="GatewayInformationComponent should reset values when showDialog changes to false" time="0.005" classname="Chrome_126_0_0_0_(Windows_10).GatewayInformationComponent"/>
  <testcase name="AuditSubjectService should be created" time="0.001" classname="Chrome_126_0_0_0_(Windows_10).AuditSubjectService"/>
  <testcase name="RingComponent should return the std form control" time="0.004" classname="Chrome_126_0_0_0_(Windows_10).RingComponent"/>
  <testcase name="RingComponent should emit isChanged value when closeDialog is called" time="0.004" classname="Chrome_126_0_0_0_(Windows_10).RingComponent"/>
  <testcase name="RingComponent should give error message if modify request is successful but has Validation error" time="0.005" classname="Chrome_126_0_0_0_(Windows_10).RingComponent"/>
  <testcase name="RingComponent should create" time="0.004" classname="Chrome_126_0_0_0_(Windows_10).RingComponent"/>
  <testcase name="RingComponent should give error message if modify request is successful but has Validation error" time="0.004" classname="Chrome_126_0_0_0_(Windows_10).RingComponent"/>
  <testcase name="RingComponent should modify a ring successfully with confirmation" time="0.004" classname="Chrome_126_0_0_0_(Windows_10).RingComponent"/>
  <testcase name="RingComponent should add a new ring successfully" time="0.004" classname="Chrome_126_0_0_0_(Windows_10).RingComponent"/>
  <testcase name="RingComponent should call getRingTemplate and set isButtonDisabled when identifiers and !isAddRing" time="0.005" classname="Chrome_126_0_0_0_(Windows_10).RingComponent"/>
  <testcase name="RingComponent should handle an Apierror when adding a new ring" time="0.003" classname="Chrome_126_0_0_0_(Windows_10).RingComponent"/>
  <testcase name="RingComponent should getRing template " time="0.005" classname="Chrome_126_0_0_0_(Windows_10).RingComponent"/>
  <testcase name="RingComponent should call getRingTemplate and set isButtonDisabled to true" time="0.005" classname="Chrome_126_0_0_0_(Windows_10).RingComponent"/>
  <testcase name="RingComponent should show identifier required error on formsubmit " time="0.005" classname="Chrome_126_0_0_0_(Windows_10).RingComponent"/>
  <testcase name="RingComponent should call getRingTemplate and set isButtonDisabled to false" time="0.004" classname="Chrome_126_0_0_0_(Windows_10).RingComponent"/>
  <testcase name="RingComponent should getRingdatas when cancelled  " time="0.003" classname="Chrome_126_0_0_0_(Windows_10).RingComponent"/>
  <testcase name="RingComponent should return the identifier form control" time="0.005" classname="Chrome_126_0_0_0_(Windows_10).RingComponent"/>
  <testcase name="RingComponent should give apierror on modify request " time="0.003" classname="Chrome_126_0_0_0_(Windows_10).RingComponent"/>
  <testcase name="GatewaysComponent should create" time="0.006" classname="Chrome_126_0_0_0_(Windows_10).GatewaysComponent"/>
  <testcase name="PreferencesComponent should call onSave" time="0.009" classname="Chrome_126_0_0_0_(Windows_10).PreferencesComponent"/>
  <testcase name="PreferencesComponent should call onHide" time="0.008" classname="Chrome_126_0_0_0_(Windows_10).PreferencesComponent"/>
  <testcase name="PreferencesComponent should call initDropdownOption" time="0.008" classname="Chrome_126_0_0_0_(Windows_10).PreferencesComponent"/>
  <testcase name="PreferencesComponent should call handleHourChange" time="0.007" classname="Chrome_126_0_0_0_(Windows_10).PreferencesComponent"/>
  <testcase name="PreferencesComponent should call ngOnInit" time="0.007" classname="Chrome_126_0_0_0_(Windows_10).PreferencesComponent"/>
  <testcase name="PreferencesComponent should call ngAfterViewInit" time="0.006" classname="Chrome_126_0_0_0_(Windows_10).PreferencesComponent"/>
  <testcase name="PreferencesComponent should call checkTerminationValue" time="0.007" classname="Chrome_126_0_0_0_(Windows_10).PreferencesComponent"/>
  <testcase name="PreferencesComponent should create" time="0.006" classname="Chrome_126_0_0_0_(Windows_10).PreferencesComponent"/>
  <testcase name="PreferencesComponent should call onShow" time="0.005" classname="Chrome_126_0_0_0_(Windows_10).PreferencesComponent"/>
  <testcase name="PreferencesComponent should call handleLogsOnSave" time="0.006" classname="Chrome_126_0_0_0_(Windows_10).PreferencesComponent"/>
  <testcase name="SigComponent should set isButtonDisabled to true when event is the same as the first identifier" time="0.004" classname="Chrome_126_0_0_0_(Windows_10).SigComponent"/>
  <testcase name="SigComponent delete should call closeDialog(false) when event is false" time="0.002" classname="Chrome_126_0_0_0_(Windows_10).SigComponent"/>
  <testcase name="SigComponent should set isShowAddSig to true" time="0.003" classname="Chrome_126_0_0_0_(Windows_10).SigComponent"/>
  <testcase name="SigComponent should close dialog and call getSigIdentifiers when isChanged is true" time="0.002" classname="Chrome_126_0_0_0_(Windows_10).SigComponent"/>
  <testcase name="SigComponent should set isShowDeleteSig to true" time="0.003" classname="Chrome_126_0_0_0_(Windows_10).SigComponent"/>
  <testcase name="SigComponent should show api error on error delete response" time="0.002" classname="Chrome_126_0_0_0_(Windows_10).SigComponent"/>
  <testcase name="SigComponent delete should call closeDialog(true) and handle a successful response when event is true" time="0.004" classname="Chrome_126_0_0_0_(Windows_10).SigComponent"/>
  <testcase name="SigComponent should show apierror when getSigid request response has error " time="0.002" classname="Chrome_126_0_0_0_(Windows_10).SigComponent"/>
  <testcase name="SigComponent should create" time="0.002" classname="Chrome_126_0_0_0_(Windows_10).SigComponent"/>
  <testcase name="SigComponent should close dialog and not call getSigIdentifiers when isChanged is false" time="0.002" classname="Chrome_126_0_0_0_(Windows_10).SigComponent"/>
  <testcase name="SigComponent should set isButtonDisabled to false when event is different from the first identifier" time="0.003" classname="Chrome_126_0_0_0_(Windows_10).SigComponent"/>
  <testcase name="SigComponent should show error on getSig if response rc != 0 " time="0.002" classname="Chrome_126_0_0_0_(Windows_10).SigComponent"/>
  <testcase name="SigComponent should show error on delete if response rc != 0 " time="0.002" classname="Chrome_126_0_0_0_(Windows_10).SigComponent"/>
  <testcase name="GatewaysComponent should closeRetrieveHandleErrorDialog()" time="0.007" classname="Chrome_126_0_0_0_(Windows_10).GatewaysComponent"/>
  <testcase name="GatewaysComponent should add a new item to searchHistory and update sessionStorage if criteria is valid" time="0.005" classname="Chrome_126_0_0_0_(Windows_10).GatewaysComponent"/>
  <testcase name="GatewaysComponent should resolve with response on successful API call" time="0.004" classname="Chrome_126_0_0_0_(Windows_10).GatewaysComponent"/>
  <testcase name="GatewaysComponent should invoke onDetailHandle when Details action is clicked" time="0.006" classname="Chrome_126_0_0_0_(Windows_10).GatewaysComponent"/>
  <testcase name="GatewaysComponent should showOrHideButtonClick()" time="0.005" classname="Chrome_126_0_0_0_(Windows_10).GatewaysComponent"/>
  <testcase name="GatewaysComponent ngOnChanges getUnitStatus handle error" time="0.004" classname="Chrome_126_0_0_0_(Windows_10).GatewaysComponent"/>
  <testcase name="GatewaysComponent should reject on API call error" time="0.003" classname="Chrome_126_0_0_0_(Windows_10).GatewaysComponent"/>
  <testcase name="GatewaysComponent should handle onRetrieveHandle with event = true negative limit result" time="0.005" classname="Chrome_126_0_0_0_(Windows_10).GatewaysComponent"/>
  <testcase name="GatewaysComponent should resolve with null on empty response" time="0.005" classname="Chrome_126_0_0_0_(Windows_10).GatewaysComponent"/>
  <testcase name="GatewaysComponent should handle onWarningChangeGWCapacityFormSubmit(), event=true and handle error on saveLgrpType" time="0.003" classname="Chrome_126_0_0_0_(Windows_10).GatewaysComponent"/>
  <testcase name="GatewaysComponent should handle onRetrieveHandle with event = true" time="0.005" classname="Chrome_126_0_0_0_(Windows_10).GatewaysComponent"/>
  <testcase name="GatewaysComponent should handle Change Gateway Capacity operation correctly when multiSiteNamesSupported is true and no changes" time="0.004" classname="Chrome_126_0_0_0_(Windows_10).GatewaysComponent"/>
  <testcase name="GatewaysComponent should reject with an error message on API call error" time="0.005" classname="Chrome_126_0_0_0_(Windows_10).GatewaysComponent"/>
  <testcase name="GatewaysComponent should show error message when selectedRows exceed the line limit" time="0.004" classname="Chrome_126_0_0_0_(Windows_10).GatewaysComponent"/>
  <testcase name="GatewaysComponent should not call onRetriveAllHandle when retrivalCriteria is empty on refreshGatewaysTable" time="0.005" classname="Chrome_126_0_0_0_(Windows_10).GatewaysComponent"/>
  <testcase name="GatewaysComponent should push to operationNameOptions if profileName includes certain values" time="0.005" classname="Chrome_126_0_0_0_(Windows_10).GatewaysComponent"/>
  <testcase name="GatewaysComponent should handle closeEditResultDialog()" time="0.004" classname="Chrome_126_0_0_0_(Windows_10).GatewaysComponent"/>
  <testcase name="GatewaysComponent should reset form and set validators for Pep Server on updateFormValidators true, handleOperationChange()" time="0.006" classname="Chrome_126_0_0_0_(Windows_10).GatewaysComponent"/>
  <testcase name="GatewaysComponent should handle GR_834 operation error and show API error" time="0.003" classname="Chrome_126_0_0_0_(Windows_10).GatewaysComponent"/>
  <testcase name="GatewaysComponent should handleGrGw and resolve with response on successful API call" time="0.006" classname="Chrome_126_0_0_0_(Windows_10).GatewaysComponent"/>
  <testcase name="GatewaysComponent should handle Change Profile Multi when profile names are different" time="0.005" classname="Chrome_126_0_0_0_(Windows_10).GatewaysComponent"/>
  <testcase name="GatewaysComponent should create" time="0.003" classname="Chrome_126_0_0_0_(Windows_10).GatewaysComponent"/>
  <testcase name="GatewaysComponent should fetch ALG options successfully" time="0.005" classname="Chrome_126_0_0_0_(Windows_10).GatewaysComponent"/>
  <testcase name="GatewaysComponent should handle closeNoResDialog()" time="0.003" classname="Chrome_126_0_0_0_(Windows_10).GatewaysComponent"/>
  <testcase name="GatewaysComponent should handle onDetailHandle with successful promises" time="0.004" classname="Chrome_126_0_0_0_(Windows_10).GatewaysComponent"/>
  <testcase name="GatewaysComponent should handle closeAssociateDialog" time="0.005" classname="Chrome_126_0_0_0_(Windows_10).GatewaysComponent"/>
  <testcase name="GatewaysComponent should handle PEP_SERVER operation with error" time="0.004" classname="Chrome_126_0_0_0_(Windows_10).GatewaysComponent"/>
  <testcase name="GatewaysComponent should set selectedAction to null when no rows are selected" time="0.005" classname="Chrome_126_0_0_0_(Windows_10).GatewaysComponent"/>
  <testcase name="GatewaysComponent should handle onEditOperationFormSubmit === false" time="0.003" classname="Chrome_126_0_0_0_(Windows_10).GatewaysComponent"/>
  <testcase name="GatewaysComponent should handle LBL info when isLblSupported returns true" time="0.005" classname="Chrome_126_0_0_0_(Windows_10).GatewaysComponent"/>
  <testcase name="GatewaysComponent should handle edit operation failure" time="0.006" classname="Chrome_126_0_0_0_(Windows_10).GatewaysComponent"/>
  <testcase name="GatewaysComponent should set selectedRowValues and call onEditHandle on icon click" time="0.004" classname="Chrome_126_0_0_0_(Windows_10).GatewaysComponent"/>
  <testcase name="GatewaysComponent should handle onWarningChangeGWCapacityFormSubmit(), event=true and handle error on postLgrpType" time="0.005" classname="Chrome_126_0_0_0_(Windows_10).GatewaysComponent"/>
  <testcase name="GatewaysComponent should handle Change Gateway Capacity operation correctly when multiSiteNamesSupported is true and PICK_LIST_BOTH_CHANGE" time="0.003" classname="Chrome_126_0_0_0_(Windows_10).GatewaysComponent"/>
  <testcase name="GatewaysComponent should reset form and set validators for IP_ADDRESS on updateFormValidators true, handleOperationChange()" time="0.005" classname="Chrome_126_0_0_0_(Windows_10).GatewaysComponent"/>
  <testcase name="GatewaysComponent should handle openDetailDialog()" time="0.004" classname="Chrome_126_0_0_0_(Windows_10).GatewaysComponent"/>
  <testcase name="GatewaysComponent should resolve with response on successful API call" time="0.003" classname="Chrome_126_0_0_0_(Windows_10).GatewaysComponent"/>
  <testcase name="GatewaysComponent should call onRetrieveHandle when retrivalCriteria is not empty on refreshGatewaysTable" time="0.006" classname="Chrome_126_0_0_0_(Windows_10).GatewaysComponent"/>
  <testcase name="GatewaysComponent should handle ngOnChanges" time="0.004" classname="Chrome_126_0_0_0_(Windows_10).GatewaysComponent"/>
  <testcase name="GatewaysComponent should handle closeEditDialog()" time="0.003" classname="Chrome_126_0_0_0_(Windows_10).GatewaysComponent"/>
  <testcase name="GatewaysComponent should handle onWarningChangeLgrpFromSubmit" time="0.005" classname="Chrome_126_0_0_0_(Windows_10).GatewaysComponent"/>
  <testcase name="GatewaysComponent should reset form and set validators for ALG on updateFormValidators true, handleOperationChange()" time="0.004" classname="Chrome_126_0_0_0_(Windows_10).GatewaysComponent"/>
  <testcase name="GatewaysComponent should update selectedRows and selectedAction when checkboxes are changed" time="0.005" classname="Chrome_126_0_0_0_(Windows_10).GatewaysComponent"/>
  <testcase name="GatewaysComponent should resolve with response on successful API call" time="0.005" classname="Chrome_126_0_0_0_(Windows_10).GatewaysComponent"/>
  <testcase name="GatewaysComponent should handle closeDetailDialog()" time="0.003" classname="Chrome_126_0_0_0_(Windows_10).GatewaysComponent"/>
  <testcase name="GatewaysComponent should handle GATEWAY_CAPACITY operation correctly when multiSiteNamesSupported is false and input is a number" time="0.005" classname="Chrome_126_0_0_0_(Windows_10).GatewaysComponent"/>
  <testcase name="GatewaysComponent should handle error when getting ALG options and reject the promise" time="0.004" classname="Chrome_126_0_0_0_(Windows_10).GatewaysComponent"/>
  <testcase name="GatewaysComponent should handle REMOVE_LBL operation correctly and show result dialog on success" time="0.005" classname="Chrome_126_0_0_0_(Windows_10).GatewaysComponent"/>
  <testcase name="GatewaysComponent should resolve with null on empty response" time="0.005" classname="Chrome_126_0_0_0_(Windows_10).GatewaysComponent"/>
  <testcase name="GatewaysComponent should handle LBL_INFO operation correctly and show result dialog on success" time="0.005" classname="Chrome_126_0_0_0_(Windows_10).GatewaysComponent"/>
  <testcase name="GatewaysComponent should handle closeLGRPWarningPopup" time="0.005" classname="Chrome_126_0_0_0_(Windows_10).GatewaysComponent"/>
  <testcase name="GatewaysComponent should handle PROFILE operation correctly" time="0.004" classname="Chrome_126_0_0_0_(Windows_10).GatewaysComponent"/>
  <testcase name="GatewaysComponent should handle ngOnInit()" time="0.006" classname="Chrome_126_0_0_0_(Windows_10).GatewaysComponent"/>
  <testcase name="GatewaysComponent should get PEP server and set options" time="0.005" classname="Chrome_126_0_0_0_(Windows_10).GatewaysComponent"/>
  <testcase name="GatewaysComponent should reset form and set validators for REMOVE_LBL on updateFormValidators true, handleOperationChange()" time="0.005" classname="Chrome_126_0_0_0_(Windows_10).GatewaysComponent"/>
  <testcase name="GatewaysComponent should reset form and set validators for  Gateway Capacity on updateFormValidators true, handleOperationChange()" time="0.006" classname="Chrome_126_0_0_0_(Windows_10).GatewaysComponent"/>
  <testcase name="GatewaysComponent should resolve with response on successful API call" time="0.005" classname="Chrome_126_0_0_0_(Windows_10).GatewaysComponent"/>
  <testcase name="GatewaysComponent should handle SIGNALING operation correctly" time="0.004" classname="Chrome_126_0_0_0_(Windows_10).GatewaysComponent"/>
  <testcase name="GatewaysComponent should handle gateway IP with changeIPAvailable true" time="0.003" classname="Chrome_126_0_0_0_(Windows_10).GatewaysComponent"/>
  <testcase name="GatewaysComponent should handle onWarningChangeGWCapacityFormSubmit(), event=false" time="0.006" classname="Chrome_126_0_0_0_(Windows_10).GatewaysComponent"/>
  <testcase name="GatewaysComponent should fetch data from the service and update component properties on success" time="0.004" classname="Chrome_126_0_0_0_(Windows_10).GatewaysComponent"/>
  <testcase name="GatewaysComponent should handle errors when any of the promises reject" time="0.004" classname="Chrome_126_0_0_0_(Windows_10).GatewaysComponent"/>
  <testcase name="GatewaysComponent should handle GR_834 operation correctly and show success dialog" time="0.004" classname="Chrome_126_0_0_0_(Windows_10).GatewaysComponent"/>
  <testcase name="GatewaysComponent should handle onEditOperationFormSubmit === true" time="0.003" classname="Chrome_126_0_0_0_(Windows_10).GatewaysComponent"/>
  <testcase name="GatewaysComponent should handle onWarningChangeGWCapacityFormSubmit(), event=true" time="0.005" classname="Chrome_126_0_0_0_(Windows_10).GatewaysComponent"/>
  <testcase name="GatewaysComponent should handle SIGNALING operation correctly confirmation event=true" time="0.004" classname="Chrome_126_0_0_0_(Windows_10).GatewaysComponent"/>
  <testcase name="GatewaysComponent should retrieve all with error" time="0.006" classname="Chrome_126_0_0_0_(Windows_10).GatewaysComponent"/>
  <testcase name="GatewaysComponent should updateFormValidators false, handleOperationChange(), with error" time="0.005" classname="Chrome_126_0_0_0_(Windows_10).GatewaysComponent"/>
  <testcase name="GatewaysComponent should reset form and set validators for ALG on updateFormValidators true, handleOperationChange()" time="0.006" classname="Chrome_126_0_0_0_(Windows_10).GatewaysComponent"/>
  <testcase name="GatewaysComponent should handle onDetailHandle with all promises empty" time="0.004" classname="Chrome_126_0_0_0_(Windows_10).GatewaysComponent"/>
  <testcase name="GatewaysComponent should handle error changeSignalingGWDialogFooterHandler event=true" time="0.005" classname="Chrome_126_0_0_0_(Windows_10).GatewaysComponent"/>
  <testcase name="GatewaysComponent should return true if the value has been searched before" time="0.004" classname="Chrome_126_0_0_0_(Windows_10).GatewaysComponent"/>
  <testcase name="GatewaysComponent should handle changeSignalingGWDialogFooterHandler event=false" time="0.004" classname="Chrome_126_0_0_0_(Windows_10).GatewaysComponent"/>
  <testcase name="GatewaysComponent should reset form and set validators for GR_834 on updateFormValidators true, handleOperationChange()" time="0.004" classname="Chrome_126_0_0_0_(Windows_10).GatewaysComponent"/>
  <testcase name="GatewaysComponent should handle error signaling gateway" time="0.004" classname="Chrome_126_0_0_0_(Windows_10).GatewaysComponent"/>
  <testcase name="GatewaysComponent should updateFormValidators false, handleOperationChange(), selectedRowValues.algName not equals form values" time="0.005" classname="Chrome_126_0_0_0_(Windows_10).GatewaysComponent"/>
  <testcase name="GatewaysComponent should handle closeInfoPopup" time="0.005" classname="Chrome_126_0_0_0_(Windows_10).GatewaysComponent"/>
  <testcase name="GatewaysComponent should handle error when getting profiles" time="0.004" classname="Chrome_126_0_0_0_(Windows_10).GatewaysComponent"/>
  <testcase name="GatewaysComponent should handle closeErrorDialog" time="0.006" classname="Chrome_126_0_0_0_(Windows_10).GatewaysComponent"/>
  <testcase name="GatewaysComponent should updateFormValidators false, handleOperationChange(), selectedRowValues.algName equals form values" time="0.004" classname="Chrome_126_0_0_0_(Windows_10).GatewaysComponent"/>
  <testcase name="GatewaysComponent should reset form and set validators for SIGNALING on updateFormValidators true, handleOperationChange()" time="0.006" classname="Chrome_126_0_0_0_(Windows_10).GatewaysComponent"/>
  <testcase name="GatewaysComponent should handle GATEWAY_CAPACITY operation correctly when multiSiteNamesSupported is false and input is not a number" time="0.004" classname="Chrome_126_0_0_0_(Windows_10).GatewaysComponent"/>
  <testcase name="GatewaysComponent should handle onRetrieveHandle === false" time="0.004" classname="Chrome_126_0_0_0_(Windows_10).GatewaysComponent"/>
  <testcase name="GatewaysComponent should set selectedAction to null after a delay" time="0.004" classname="Chrome_126_0_0_0_(Windows_10).GatewaysComponent"/>
  <testcase name="GatewaysComponent should return false if the value has not been searched before" time="0.006" classname="Chrome_126_0_0_0_(Windows_10).GatewaysComponent"/>
  <testcase name="GatewaysComponent should handle PROFILE_BULK operation correctly" time="0.005" classname="Chrome_126_0_0_0_(Windows_10).GatewaysComponent"/>
  <testcase name="GatewaysComponent should handle LBL_INFO operation and show error dialog when secipAddress is empty" time="0.006" classname="Chrome_126_0_0_0_(Windows_10).GatewaysComponent"/>
  <testcase name="GatewaysComponent should handle error during LGRP_TYPE operation -> saveLgrpType" time="0.005" classname="Chrome_126_0_0_0_(Windows_10).GatewaysComponent"/>
  <testcase name="GatewaysComponent should handle REMOVE_LBL operation and show API error dialog on failure" time="0.004" classname="Chrome_126_0_0_0_(Windows_10).GatewaysComponent"/>
  <testcase name="GatewaysComponent should handle edit operation successfully" time="0.006" classname="Chrome_126_0_0_0_(Windows_10).GatewaysComponent"/>
  <testcase name="GatewaysComponent should reset form and set validators for PROFILE_BULK on updateFormValidators true, handleOperationChange()" time="0.004" classname="Chrome_126_0_0_0_(Windows_10).GatewaysComponent"/>
  <testcase name="GatewaysComponent should handle signaling gateway" time="0.005" classname="Chrome_126_0_0_0_(Windows_10).GatewaysComponent"/>
  <testcase name="GatewaysComponent should reset form and set validators for LBL_INFO on updateFormValidators true, handleOperationChange()" time="0.005" classname="Chrome_126_0_0_0_(Windows_10).GatewaysComponent"/>
  <testcase name="GatewaysComponent should handle closeWarningPopup()" time="0.006" classname="Chrome_126_0_0_0_(Windows_10).GatewaysComponent"/>
  <testcase name="GatewaysComponent should reject on API call error" time="0.006" classname="Chrome_126_0_0_0_(Windows_10).GatewaysComponent"/>
  <testcase name="GatewaysComponent should set lgrpTypeOptions based on the response" time="0.006" classname="Chrome_126_0_0_0_(Windows_10).GatewaysComponent"/>
  <testcase name="GatewaysComponent getGatewayDataSearchRetrive handle error" time="0.004" classname="Chrome_126_0_0_0_(Windows_10).GatewaysComponent"/>
  <testcase name="GatewaysComponent should updateFormValidators false, handleOperationChange(), selectedRowValues.pepServerName equals form values" time="0.004" classname="Chrome_126_0_0_0_(Windows_10).GatewaysComponent"/>
  <testcase name="GatewaysComponent should handle PEP_SERVER operation correctly when values do not match" time="0.003" classname="Chrome_126_0_0_0_(Windows_10).GatewaysComponent"/>
  <testcase name="GatewaysComponent should handle gateway IP with error" time="0.005" classname="Chrome_126_0_0_0_(Windows_10).GatewaysComponent"/>
  <testcase name="GatewaysComponent should callGwApplicationData and reject" time="0.003" classname="Chrome_126_0_0_0_(Windows_10).GatewaysComponent"/>
  <testcase name="GatewaysComponent should handle PROFILE operation correctly and handle error" time="0.004" classname="Chrome_126_0_0_0_(Windows_10).GatewaysComponent"/>
  <testcase name="GatewaysComponent should get profiles and update profileOptions" time="0.005" classname="Chrome_126_0_0_0_(Windows_10).GatewaysComponent"/>
  <testcase name="GatewaysComponent should get GW capacity and set properties" time="0.003" classname="Chrome_126_0_0_0_(Windows_10).GatewaysComponent"/>
  <testcase name="GatewaysComponent should reset form and set validators for LGRP_TYPE on updateFormValidators true, handleOperationChange()" time="0.004" classname="Chrome_126_0_0_0_(Windows_10).GatewaysComponent"/>
  <testcase name="GatewaysComponent should handle initBulkActions()" time="0.004" classname="Chrome_126_0_0_0_(Windows_10).GatewaysComponent"/>
  <testcase name="InterfaceInputsComponent should add interfacebrowser if isAddinterface and confirm cancel" time="0.005" classname="Chrome_126_0_0_0_(Windows_10).InterfaceInputsComponent"/>
  <testcase name="InterfaceInputsComponent should show error message on failed request addinterface" time="0.004" classname="Chrome_126_0_0_0_(Windows_10).InterfaceInputsComponent"/>
  <testcase name="InterfaceInputsComponent should call addinterface method from service" time="0.004" classname="Chrome_126_0_0_0_(Windows_10).InterfaceInputsComponent"/>
  <testcase name="InterfaceInputsComponent should show api error if getInterfaceRequest throws error" time="0.005" classname="Chrome_126_0_0_0_(Windows_10).InterfaceInputsComponent"/>
  <testcase name="InterfaceInputsComponent should modify show api error on error" time="0.005" classname="Chrome_126_0_0_0_(Windows_10).InterfaceInputsComponent"/>
  <testcase name="InterfaceInputsComponent should closeConfirmDialog" time="0.003" classname="Chrome_126_0_0_0_(Windows_10).InterfaceInputsComponent"/>
  <testcase name="InterfaceInputsComponent should modify interface successfull request but validation error " time="0.005" classname="Chrome_126_0_0_0_(Windows_10).InterfaceInputsComponent"/>
  <testcase name="InterfaceInputsComponent should add interfacebrowser if isAddinterface" time="0.005" classname="Chrome_126_0_0_0_(Windows_10).InterfaceInputsComponent"/>
  <testcase name="InterfaceInputsComponent should modify interface" time="0.003" classname="Chrome_126_0_0_0_(Windows_10).InterfaceInputsComponent"/>
  <testcase name="InterfaceInputsComponent should modify should get default values on cancel" time="0.005" classname="Chrome_126_0_0_0_(Windows_10).InterfaceInputsComponent"/>
  <testcase name="InterfaceInputsComponent should emit an event with the event target id" time="0.006" classname="Chrome_126_0_0_0_(Windows_10).InterfaceInputsComponent"/>
  <testcase name="InterfaceInputsComponent should emit closeDialogEmitter with the correct parameter" time="0.006" classname="Chrome_126_0_0_0_(Windows_10).InterfaceInputsComponent"/>
  <testcase name="InterfaceInputsComponent should modify interfacebrowser if not isAddinterface" time="0.005" classname="Chrome_126_0_0_0_(Windows_10).InterfaceInputsComponent"/>
  <testcase name="InterfaceInputsComponent should not call getInterfaceTemplate when isAddInterface is true" time="0.003" classname="Chrome_126_0_0_0_(Windows_10).InterfaceInputsComponent"/>
  <testcase name="InterfaceInputsComponent should create" time="0.005" classname="Chrome_126_0_0_0_(Windows_10).InterfaceInputsComponent"/>
  <testcase name="InterfaceInputsComponent should add interface throw error popup on successfull request but validation error " time="0.005" classname="Chrome_126_0_0_0_(Windows_10).InterfaceInputsComponent"/>
  <testcase name="InterfaceInputsComponent should should call getInterfaceBrowserTemplate method" time="0.003" classname="Chrome_126_0_0_0_(Windows_10).InterfaceInputsComponent"/>
  <testcase name="InterfaceInputsComponent should go back to default values on cancel" time="0.004" classname="Chrome_126_0_0_0_(Windows_10).InterfaceInputsComponent"/>
  <testcase name="PepServersComponent should call deleteDialogFooterHandler() with event=true" time="0.005" classname="Chrome_126_0_0_0_(Windows_10).PepServersComponent"/>
  <testcase name="PepServersComponent should call editPepServerFormFooterHandler() with event=true" time="0.004" classname="Chrome_126_0_0_0_(Windows_10).PepServersComponent"/>
  <testcase name="PepServersComponent should handle error on deletePepServer()" time="0.005" classname="Chrome_126_0_0_0_(Windows_10).PepServersComponent"/>
  <testcase name="PepServersComponent should call deleteDialogFooterHandler() with event=false" time="0.003" classname="Chrome_126_0_0_0_(Windows_10).PepServersComponent"/>
  <testcase name="PepServersComponent should update isDataChanged on form changes" time="0.005" classname="Chrome_126_0_0_0_(Windows_10).PepServersComponent"/>
  <testcase name="PepServersComponent should call addPepServerFormFooterHandler() with event=false" time="0.005" classname="Chrome_126_0_0_0_(Windows_10).PepServersComponent"/>
  <testcase name="PepServersComponent should reset deleteSelectedData and hide delete dialog" time="0.003" classname="Chrome_126_0_0_0_(Windows_10).PepServersComponent"/>
  <testcase name="PepServersComponent should call closeDeleteErrorDialog" time="0.005" classname="Chrome_126_0_0_0_(Windows_10).PepServersComponent"/>
  <testcase name="PepServersComponent should call deletePepServer()" time="0.004" classname="Chrome_126_0_0_0_(Windows_10).PepServersComponent"/>
  <testcase name="PepServersComponent should call addNewPepServerBtn()" time="0.003" classname="Chrome_126_0_0_0_(Windows_10).PepServersComponent"/>
  <testcase name="PepServersComponent should call showOrHideButtonClick()" time="0.005" classname="Chrome_126_0_0_0_(Windows_10).PepServersComponent"/>
  <testcase name="PepServersComponent should handle error and set messageText, detailsText, and showErrorDialog" time="0.003" classname="Chrome_126_0_0_0_(Windows_10).PepServersComponent"/>
  <testcase name="PepServersComponent should call addPepServerFormFooterHandler() with event=true" time="0.003" classname="Chrome_126_0_0_0_(Windows_10).PepServersComponent"/>
  <testcase name="PepServersComponent should call closeErrorDialog()" time="0.003" classname="Chrome_126_0_0_0_(Windows_10).PepServersComponent"/>
  <testcase name="PepServersComponent should call closeEditDialogAndDeleteFormValue()" time="0.005" classname="Chrome_126_0_0_0_(Windows_10).PepServersComponent"/>
  <testcase name="PepServersComponent should call closeAddDialogAndDeleteFormValue()" time="0.003" classname="Chrome_126_0_0_0_(Windows_10).PepServersComponent"/>
  <testcase name="PepServersComponent should call editPepServer()" time="0.003" classname="Chrome_126_0_0_0_(Windows_10).PepServersComponent"/>
  <testcase name="PepServersComponent should call isDataChangedValue()" time="0.005" classname="Chrome_126_0_0_0_(Windows_10).PepServersComponent"/>
  <testcase name="PepServersComponent should call addPepServer()" time="0.003" classname="Chrome_126_0_0_0_(Windows_10).PepServersComponent"/>
  <testcase name="PepServersComponent should handle error and set messageText, detailsText, and showErrorDialog" time="0.005" classname="Chrome_126_0_0_0_(Windows_10).PepServersComponent"/>
  <testcase name="PepServersComponent should call editPepServerFormFooterHandler() with event=false" time="0.004" classname="Chrome_126_0_0_0_(Windows_10).PepServersComponent"/>
  <testcase name="PepServersComponent should change type and protocol version for UI" time="0.004" classname="Chrome_126_0_0_0_(Windows_10).PepServersComponent"/>
  <testcase name="PepServersComponent should refreshTable()" time="0.004" classname="Chrome_126_0_0_0_(Windows_10).PepServersComponent"/>
  <testcase name="PepServersComponent should change type and protocol version for UI, protVersion DQOS I04" time="0.003" classname="Chrome_126_0_0_0_(Windows_10).PepServersComponent"/>
  <testcase name="PepServersComponent should create" time="0.003" classname="Chrome_126_0_0_0_(Windows_10).PepServersComponent"/>
  <testcase name="PepServersComponent should call getPepServersData() and resturns error" time="0.004" classname="Chrome_126_0_0_0_(Windows_10).PepServersComponent"/>
  <testcase name="PepServersComponent should change type and protocol version for UI, protVersion DQOS I03" time="0.003" classname="Chrome_126_0_0_0_(Windows_10).PepServersComponent"/>
  <testcase name="DisassociateDialogService should be created" time="0.001" classname="Chrome_126_0_0_0_(Windows_10).DisassociateDialogService"/>
  <testcase name="RootViewComponent should call logout function when the user clicks on the yes button on the  Logout popup" time="0.002" classname="Chrome_126_0_0_0_(Windows_10).RootViewComponent"/>
  <testcase name="RootViewComponent should return a valid session" time="0.003" classname="Chrome_126_0_0_0_(Windows_10).RootViewComponent"/>
  <testcase name="RootViewComponent should set idleTime to sessionStorage" time="0.002" classname="Chrome_126_0_0_0_(Windows_10).RootViewComponent"/>
  <testcase name="RootViewComponent should show the error message when can not get the session timeout" time="0.001" classname="Chrome_126_0_0_0_(Windows_10).RootViewComponent"/>
  <testcase name="RootViewComponent should return the error message when refresh user's session fails" time="0.002" classname="Chrome_126_0_0_0_(Windows_10).RootViewComponent"/>
  <testcase name="RootViewComponent should return a invalid session" time="0.001" classname="Chrome_126_0_0_0_(Windows_10).RootViewComponent"/>
  <testcase name="RootViewComponent should call menuItemClicked" time="0.001" classname="Chrome_126_0_0_0_(Windows_10).RootViewComponent"/>
  <testcase name="RootViewComponent should show the error message when logout fails" time="0.001" classname="Chrome_126_0_0_0_(Windows_10).RootViewComponent"/>
  <testcase name="RootViewComponent should call refresh session function" time="0.001" classname="Chrome_126_0_0_0_(Windows_10).RootViewComponent"/>
  <testcase name="RootViewComponent should create" time="0.002" classname="Chrome_126_0_0_0_(Windows_10).RootViewComponent"/>
  <testcase name="StorageService should remove storage data" time="0.001" classname="Chrome_126_0_0_0_(Windows_10).StorageService"/>
  <testcase name="StorageService should set and get sessionId" time="0" classname="Chrome_126_0_0_0_(Windows_10).StorageService"/>
  <testcase name="StorageService should set and get preferences" time="0.001" classname="Chrome_126_0_0_0_(Windows_10).StorageService"/>
  <testcase name="StorageService should set and get clli" time="0" classname="Chrome_126_0_0_0_(Windows_10).StorageService"/>
  <testcase name="StorageService should be created" time="0.001" classname="Chrome_126_0_0_0_(Windows_10).StorageService"/>
  <testcase name="StorageService should set and get cBMgIP" time="0" classname="Chrome_126_0_0_0_(Windows_10).StorageService"/>
  <testcase name="QosCollectorsComponent should create" time="0.004" classname="Chrome_126_0_0_0_(Windows_10).QosCollectorsComponent"/>
  <testcase name="QosCollectorsComponent should call closeAddDialogAndDeleteFormValue()" time="0.002" classname="Chrome_126_0_0_0_(Windows_10).QosCollectorsComponent"/>
  <testcase name="QosCollectorsComponent should call getQOSCollectorsData() and resturns error" time="0.005" classname="Chrome_126_0_0_0_(Windows_10).QosCollectorsComponent"/>
  <testcase name="QosCollectorsComponent should handle error and set messageText, detailsText, and showErrorDialog" time="0.004" classname="Chrome_126_0_0_0_(Windows_10).QosCollectorsComponent"/>
  <testcase name="QosCollectorsComponent should call closeErrorDialog()" time="0.003" classname="Chrome_126_0_0_0_(Windows_10).QosCollectorsComponent"/>
  <testcase name="QosCollectorsComponent should call deleteQoscollector()" time="0.004" classname="Chrome_126_0_0_0_(Windows_10).QosCollectorsComponent"/>
  <testcase name="QosCollectorsComponent should handle deleteQosCollector error and set messageText, detailsText, and showErrorDialog" time="0.005" classname="Chrome_126_0_0_0_(Windows_10).QosCollectorsComponent"/>
  <testcase name="QosCollectorsComponent should call addQosCollector()" time="0.003" classname="Chrome_126_0_0_0_(Windows_10).QosCollectorsComponent"/>
  <testcase name="QosCollectorsComponent should call showOrHideButtonClick()" time="0.003" classname="Chrome_126_0_0_0_(Windows_10).QosCollectorsComponent"/>
  <testcase name="QosCollectorsComponent should call addQosCollectorFormFooterHandler() with event=false" time="0.004" classname="Chrome_126_0_0_0_(Windows_10).QosCollectorsComponent"/>
  <testcase name="QosCollectorsComponent should call deleteDialogFooterHandler() with event=true" time="0.004" classname="Chrome_126_0_0_0_(Windows_10).QosCollectorsComponent"/>
  <testcase name="QosCollectorsComponent should call deleteDialogFooterHandler() with event=false" time="0.002" classname="Chrome_126_0_0_0_(Windows_10).QosCollectorsComponent"/>
  <testcase name="QosCollectorsComponent should call addQosCollectorFormFooterHandler() with event=true" time="0.003" classname="Chrome_126_0_0_0_(Windows_10).QosCollectorsComponent"/>
  <testcase name="QosCollectorsComponent should call addNewQoSCollectorBtn()" time="0.004" classname="Chrome_126_0_0_0_(Windows_10).QosCollectorsComponent"/>
  <testcase name="QosCollectorsComponent should handle deleteQosCollector error with showAPIError" time="0.004" classname="Chrome_126_0_0_0_(Windows_10).QosCollectorsComponent"/>
  <testcase name="NetworkConfigurationComponent should create" time="0.029" classname="Chrome_126_0_0_0_(Windows_10).NetworkConfigurationComponent"/>
  <testcase name="NetworkConfigurationService should call updateGWCDomainName" time="0.002" classname="Chrome_126_0_0_0_(Windows_10).NetworkConfigurationService"/>
  <testcase name="NetworkConfigurationService should call getNtwkCodecProfile" time="0.001" classname="Chrome_126_0_0_0_(Windows_10).NetworkConfigurationService"/>
  <testcase name="NetworkConfigurationService should call addNwkCodecProfile" time="0.001" classname="Chrome_126_0_0_0_(Windows_10).NetworkConfigurationService"/>
  <testcase name="NetworkConfigurationService should call deleteNwkCodecProfile" time="0.001" classname="Chrome_126_0_0_0_(Windows_10).NetworkConfigurationService"/>
  <testcase name="NetworkConfigurationService should call deleteQosCollector" time="0" classname="Chrome_126_0_0_0_(Windows_10).NetworkConfigurationService"/>
  <testcase name="NetworkConfigurationService should call editNwkCodecProfile" time="0.001" classname="Chrome_126_0_0_0_(Windows_10).NetworkConfigurationService"/>
  <testcase name="NetworkConfigurationService should call addGRGW" time="0" classname="Chrome_126_0_0_0_(Windows_10).NetworkConfigurationService"/>
  <testcase name="NetworkConfigurationService should call getGRGWs" time="0.001" classname="Chrome_126_0_0_0_(Windows_10).NetworkConfigurationService"/>
  <testcase name="NetworkConfigurationService should call getGWType" time="0.001" classname="Chrome_126_0_0_0_(Windows_10).NetworkConfigurationService"/>
  <testcase name="NetworkConfigurationService should call isGRGWUsed" time="0" classname="Chrome_126_0_0_0_(Windows_10).NetworkConfigurationService"/>
  <testcase name="NetworkConfigurationService should call getQoSCollectors" time="0.001" classname="Chrome_126_0_0_0_(Windows_10).NetworkConfigurationService"/>
  <testcase name="NetworkConfigurationService should call addPepServer" time="0" classname="Chrome_126_0_0_0_(Windows_10).NetworkConfigurationService"/>
  <testcase name="NetworkConfigurationService should call addQoSCollector" time="0.001" classname="Chrome_126_0_0_0_(Windows_10).NetworkConfigurationService"/>
  <testcase name="NetworkConfigurationService should call deletePepServer" time="0" classname="Chrome_126_0_0_0_(Windows_10).NetworkConfigurationService"/>
  <testcase name="NetworkConfigurationService should call getDQoSConf" time="0.001" classname="Chrome_126_0_0_0_(Windows_10).NetworkConfigurationService"/>
  <testcase name="NetworkConfigurationService should call editPepServer" time="0" classname="Chrome_126_0_0_0_(Windows_10).NetworkConfigurationService"/>
  <testcase name="NetworkConfigurationService should call getCallAgentIP" time="0.001" classname="Chrome_126_0_0_0_(Windows_10).NetworkConfigurationService"/>
  <testcase name="NetworkConfigurationService should call saveDQoSConf" time="0.001" classname="Chrome_126_0_0_0_(Windows_10).NetworkConfigurationService"/>
  <testcase name="NetworkConfigurationService should call getGWCDomainName" time="0.001" classname="Chrome_126_0_0_0_(Windows_10).NetworkConfigurationService"/>
  <testcase name="NetworkConfigurationService should call deleteGRGW" time="0.001" classname="Chrome_126_0_0_0_(Windows_10).NetworkConfigurationService"/>
  <testcase name="NetworkConfigurationService should be created" time="0" classname="Chrome_126_0_0_0_(Windows_10).NetworkConfigurationService"/>
  <testcase name="NetworkConfigurationService should call editGRGW" time="0" classname="Chrome_126_0_0_0_(Windows_10).NetworkConfigurationService"/>
  <testcase name="NetworkConfigurationService should call getPepServers" time="0" classname="Chrome_126_0_0_0_(Windows_10).NetworkConfigurationService"/>
  <testcase name="InterfaceBrowserComponent should fetchSig data and update sigIds" time="0.003" classname="Chrome_126_0_0_0_(Windows_10).InterfaceBrowserComponent"/>
  <testcase name="InterfaceBrowserComponent should show error message if  fetchRing request has error" time="0.002" classname="Chrome_126_0_0_0_(Windows_10).InterfaceBrowserComponent"/>
  <testcase name="InterfaceBrowserComponent should show error message if error happens after close dialog request" time="0.003" classname="Chrome_126_0_0_0_(Windows_10).InterfaceBrowserComponent"/>
  <testcase name="InterfaceBrowserComponent should delete selected interfaceBrowser" time="0.004" classname="Chrome_126_0_0_0_(Windows_10).InterfaceBrowserComponent"/>
  <testcase name="InterfaceBrowserComponent should show error message if  fetchSig request has error" time="0.002" classname="Chrome_126_0_0_0_(Windows_10).InterfaceBrowserComponent"/>
  <testcase name="InterfaceBrowserComponent should create" time="0.002" classname="Chrome_126_0_0_0_(Windows_10).InterfaceBrowserComponent"/>
  <testcase name="InterfaceBrowserComponent should fetchRing data and update ringIds" time="0.002" classname="Chrome_126_0_0_0_(Windows_10).InterfaceBrowserComponent"/>
  <testcase name="InterfaceBrowserComponent should show error message if  provIds request has error" time="0.004" classname="Chrome_126_0_0_0_(Windows_10).InterfaceBrowserComponent"/>
  <testcase name="InterfaceBrowserComponent should open add interface dialog" time="0.004" classname="Chrome_126_0_0_0_(Windows_10).InterfaceBrowserComponent"/>
  <testcase name="InterfaceBrowserComponent should fetchProv data and update provIds" time="0.003" classname="Chrome_126_0_0_0_(Windows_10).InterfaceBrowserComponent"/>
  <testcase name="InterfaceBrowserComponent should get interfaceBrowserIds if change happened after close dialog" time="0.002" classname="Chrome_126_0_0_0_(Windows_10).InterfaceBrowserComponent"/>
  <testcase name="InterfaceBrowserComponent should open delete interface dialog" time="0.004" classname="Chrome_126_0_0_0_(Windows_10).InterfaceBrowserComponent"/>
  <testcase name="InterfaceBrowserComponent should opendeleteconfirm dialog" time="0.003" classname="Chrome_126_0_0_0_(Windows_10).InterfaceBrowserComponent"/>
  <testcase name="InterfaceBrowserComponent should deleteSelected identifier error and close dialog" time="0.002" classname="Chrome_126_0_0_0_(Windows_10).InterfaceBrowserComponent"/>
  <testcase name="PreferencesService should be created" time="0.001" classname="Chrome_126_0_0_0_(Windows_10).PreferencesService"/>
  <testcase name="PreferencesService should call startWithCondition" time="0" classname="Chrome_126_0_0_0_(Windows_10).PreferencesService"/>
  <testcase name="PreferencesService should call handlePreferencesStorage" time="0" classname="Chrome_126_0_0_0_(Windows_10).PreferencesService"/>
  <testcase name="PreferencesService should call startAutoTermiation" time="0.001" classname="Chrome_126_0_0_0_(Windows_10).PreferencesService"/>
  <testcase name="PreferencesService should call startAutoRefresh with interval > 0" time="0" classname="Chrome_126_0_0_0_(Windows_10).PreferencesService"/>
  <testcase name="PreferencesService should call checkPreferences" time="0" classname="Chrome_126_0_0_0_(Windows_10).PreferencesService"/>
  <testcase name="PreferencesService should call getPreferencesCPDRequest" time="0" classname="Chrome_126_0_0_0_(Windows_10).PreferencesService"/>
  <testcase name="PreferencesService should call stopAutoRefresh" time="0" classname="Chrome_126_0_0_0_(Windows_10).PreferencesService"/>
  <testcase name="PreferencesService should call getPreferencesTermiationTime" time="0.001" classname="Chrome_126_0_0_0_(Windows_10).PreferencesService"/>
  <testcase name="PreferencesService should call getPreferencesRefreshTime" time="0" classname="Chrome_126_0_0_0_(Windows_10).PreferencesService"/>
  <testcase name="AuditUtilitiesService should be created" time="0.001" classname="Chrome_126_0_0_0_(Windows_10).AuditUtilitiesService"/>
  <testcase name="AuditUtilitiesService should call getGranularAuditData case Line Data Integrity Audit" time="0" classname="Chrome_126_0_0_0_(Windows_10).AuditUtilitiesService"/>
  <testcase name="AuditUtilitiesService should call getGranularAuditData case Trunk Data Integrity Audit" time="0.001" classname="Chrome_126_0_0_0_(Windows_10).AuditUtilitiesService"/>
  <testcase name="AuditUtilitiesService should call isScheduledAuditAvailable" time="0" classname="Chrome_126_0_0_0_(Windows_10).AuditUtilitiesService"/>
  <testcase name="AuditUtilitiesService should call getGranularAuditData case C20 Data Integrity Audit" time="0.001" classname="Chrome_126_0_0_0_(Windows_10).AuditUtilitiesService"/>
  <testcase name="CommonService should call clearToastMessage" time="0.001" classname="Chrome_126_0_0_0_(Windows_10).CommonService"/>
  <testcase name="CommonService should call showSuccessMessage" time="0" classname="Chrome_126_0_0_0_(Windows_10).CommonService"/>
  <testcase name="CommonService should call showWarnMessage" time="0.001" classname="Chrome_126_0_0_0_(Windows_10).CommonService"/>
  <testcase name="CommonService should call formatTime" time="0" classname="Chrome_126_0_0_0_(Windows_10).CommonService"/>
  <testcase name="CommonService should call showInfoMessage" time="0.001" classname="Chrome_126_0_0_0_(Windows_10).CommonService"/>
  <testcase name="CommonService should call showAPIError" time="0" classname="Chrome_126_0_0_0_(Windows_10).CommonService"/>
  <testcase name="CommonService should be created" time="0.001" classname="Chrome_126_0_0_0_(Windows_10).CommonService"/>
  <testcase name="CommonService should call showErrorMessage" time="0" classname="Chrome_126_0_0_0_(Windows_10).CommonService"/>
  <testcase name="CommonService should call getCurrentTime" time="0.001" classname="Chrome_126_0_0_0_(Windows_10).CommonService"/>
  <testcase name="TgrpComponent should create" time="0.004" classname="Chrome_126_0_0_0_(Windows_10).TgrpComponent"/>
  <testcase name="TgrpComponent should handle switch when value is false" time="0.004" classname="Chrome_126_0_0_0_(Windows_10).TgrpComponent"/>
  <testcase name="TgrpComponent should handle switch when value is true" time="0.002" classname="Chrome_126_0_0_0_(Windows_10).TgrpComponent"/>
  <testcase name="InterfaceBrowserService should call deleteDataBody for deleteRing" time="0.001" classname="Chrome_126_0_0_0_(Windows_10).InterfaceBrowserService"/>
  <testcase name="InterfaceBrowserService should call put for addNewRing" time="0" classname="Chrome_126_0_0_0_(Windows_10).InterfaceBrowserService"/>
  <testcase name="InterfaceBrowserService should call postDataBody for modifyRing" time="0.001" classname="Chrome_126_0_0_0_(Windows_10).InterfaceBrowserService"/>
  <testcase name="InterfaceBrowserService should call postDataBody method for carrierInterfaceMapping" time="0" classname="Chrome_126_0_0_0_(Windows_10).InterfaceBrowserService"/>
  <testcase name="InterfaceBrowserService should call getDataBody for getRingTemplate" time="0.001" classname="Chrome_126_0_0_0_(Windows_10).InterfaceBrowserService"/>
  <testcase name="InterfaceBrowserService should call postDataBody method for modifyInterfaceBrowser" time="0.001" classname="Chrome_126_0_0_0_(Windows_10).InterfaceBrowserService"/>
  <testcase name="InterfaceBrowserService should call put method for addNewInterfaceBrowser" time="0.001" classname="Chrome_126_0_0_0_(Windows_10).InterfaceBrowserService"/>
  <testcase name="InterfaceBrowserService should call deleteDataBody method for deleteInterfaceBrowser" time="0.001" classname="Chrome_126_0_0_0_(Windows_10).InterfaceBrowserService"/>
  <testcase name="InterfaceBrowserService should call getDataBody method for getProvTemplateId" time="0" classname="Chrome_126_0_0_0_(Windows_10).InterfaceBrowserService"/>
  <testcase name="InterfaceBrowserService should call postDataBody method for deleteSig" time="0.001" classname="Chrome_126_0_0_0_(Windows_10).InterfaceBrowserService"/>
  <testcase name="InterfaceBrowserService should call postDataBody method for modifySig" time="0" classname="Chrome_126_0_0_0_(Windows_10).InterfaceBrowserService"/>
  <testcase name="InterfaceBrowserService should call postDataBody method for modifyProvTemplate" time="0.001" classname="Chrome_126_0_0_0_(Windows_10).InterfaceBrowserService"/>
  <testcase name="InterfaceBrowserService should call getDataBody method for getProvTemplate" time="0" classname="Chrome_126_0_0_0_(Windows_10).InterfaceBrowserService"/>
  <testcase name="InterfaceBrowserService should call getDataBody method for getInterfaceBrowserTemplate" time="0" classname="Chrome_126_0_0_0_(Windows_10).InterfaceBrowserService"/>
  <testcase name="InterfaceBrowserService should call put method for addProvTemplate" time="0" classname="Chrome_126_0_0_0_(Windows_10).InterfaceBrowserService"/>
  <testcase name="InterfaceBrowserService should call deleteDataBody method for deleteProv" time="0.001" classname="Chrome_126_0_0_0_(Windows_10).InterfaceBrowserService"/>
  <testcase name="InterfaceBrowserService should call getDataBody for getInterfaceBrowserTemplateID" time="0" classname="Chrome_126_0_0_0_(Windows_10).InterfaceBrowserService"/>
  <testcase name="InterfaceBrowserService should call postDataBody for getSigTemplate" time="0.001" classname="Chrome_126_0_0_0_(Windows_10).InterfaceBrowserService"/>
  <testcase name="InterfaceBrowserService should call getDataBody for getRingTemplateId" time="0" classname="Chrome_126_0_0_0_(Windows_10).InterfaceBrowserService"/>
  <testcase name="InterfaceBrowserService should be created" time="0.001" classname="Chrome_126_0_0_0_(Windows_10).InterfaceBrowserService"/>
  <testcase name="InterfaceBrowserService should call getDataBody for getSigTemplateId" time="0" classname="Chrome_126_0_0_0_(Windows_10).InterfaceBrowserService"/>
  <testcase name="InterfaceBrowserService should call put method for addNewSig" time="0.001" classname="Chrome_126_0_0_0_(Windows_10).InterfaceBrowserService"/>
  <testcase name="MaintenanceTriggerService should be created" time="0.001" classname="Chrome_126_0_0_0_(Windows_10).MaintenanceTriggerService"/>
  <testcase name="OverviewComponent should create" time="0.006" classname="Chrome_126_0_0_0_(Windows_10).OverviewComponent"/>
  <testcase name="LgrpLocationComponent should create" time="0.003" classname="Chrome_126_0_0_0_(Windows_10).LgrpLocationComponent"/>
  <testcase name="LgrpLocationComponent should disable controls and reset values when endpointNumber changes and is not 8" time="0.003" classname="Chrome_126_0_0_0_(Windows_10).LgrpLocationComponent"/>
  <testcase name="LgrpLocationComponent should enable controls and reset values when endpointNumber changes 8" time="0.005" classname="Chrome_126_0_0_0_(Windows_10).LgrpLocationComponent"/>
  <testcase name="C20DataIntegrityAuditComponent should create" time="0.007" classname="Chrome_126_0_0_0_(Windows_10).C20DataIntegrityAuditComponent"/>
  <testcase name="C20DataIntegrityAuditComponent should call handleChangeIntegrity case accept" time="0.007" classname="Chrome_126_0_0_0_(Windows_10).C20DataIntegrityAuditComponent"/>
  <testcase name="C20DataIntegrityAuditComponent should call checkStatusConfigurationToRun" time="0.004" classname="Chrome_126_0_0_0_(Windows_10).C20DataIntegrityAuditComponent"/>
  <testcase name="C20DataIntegrityAuditComponent should call checkStatusConfigurationToSave" time="0.007" classname="Chrome_126_0_0_0_(Windows_10).C20DataIntegrityAuditComponent"/>
  <testcase name="GeneralNetworkSettingsComponent should set hasInputValueChanged to false if inputName value does not change" time="0.003" classname="Chrome_126_0_0_0_(Windows_10).GeneralNetworkSettingsComponent"/>
  <testcase name="GeneralNetworkSettingsComponent should call generalNetworkSettingsFormFooterHandler() with event=true" time="0.004" classname="Chrome_126_0_0_0_(Windows_10).GeneralNetworkSettingsComponent"/>
  <testcase name="GeneralNetworkSettingsComponent should call getCallAgentIPs(), none item comes from response" time="0.003" classname="Chrome_126_0_0_0_(Windows_10).GeneralNetworkSettingsComponent"/>
  <testcase name="GeneralNetworkSettingsComponent should set toggle status enabled if data comes in checkAndSetStatus function" time="0.003" classname="Chrome_126_0_0_0_(Windows_10).GeneralNetworkSettingsComponent"/>
  <testcase name="GeneralNetworkSettingsComponent should call getGWCDomainName() with available response" time="0.002" classname="Chrome_126_0_0_0_(Windows_10).GeneralNetworkSettingsComponent"/>
  <testcase name="GeneralNetworkSettingsComponent should call getCallAgentIPs() with error" time="0.003" classname="Chrome_126_0_0_0_(Windows_10).GeneralNetworkSettingsComponent"/>
  <testcase name="GeneralNetworkSettingsComponent should create" time="0.003" classname="Chrome_126_0_0_0_(Windows_10).GeneralNetworkSettingsComponent"/>
  <testcase name="GeneralNetworkSettingsComponent should call showOrHideButtonClick()" time="0.003" classname="Chrome_126_0_0_0_(Windows_10).GeneralNetworkSettingsComponent"/>
  <testcase name="GeneralNetworkSettingsComponent should call showConfirmPopupFooterHandler() with event=false" time="0.002" classname="Chrome_126_0_0_0_(Windows_10).GeneralNetworkSettingsComponent"/>
  <testcase name="GeneralNetworkSettingsComponent should call closeConfirmPopup()" time="0.002" classname="Chrome_126_0_0_0_(Windows_10).GeneralNetworkSettingsComponent"/>
  <testcase name="GeneralNetworkSettingsComponent should call closeErrorDialog()" time="0.003" classname="Chrome_126_0_0_0_(Windows_10).GeneralNetworkSettingsComponent"/>
  <testcase name="GeneralNetworkSettingsComponent should detect changes in gwcDomainNameToggleBtn" time="0.003" classname="Chrome_126_0_0_0_(Windows_10).GeneralNetworkSettingsComponent"/>
  <testcase name="GeneralNetworkSettingsComponent should call getCallAgentIPs(), two items come from response" time="0.002" classname="Chrome_126_0_0_0_(Windows_10).GeneralNetworkSettingsComponent"/>
  <testcase name="GeneralNetworkSettingsComponent should call updateGWCDomainName() isSaveBtnEnable = true" time="0.005" classname="Chrome_126_0_0_0_(Windows_10).GeneralNetworkSettingsComponent"/>
  <testcase name="GeneralNetworkSettingsComponent should call showConfirmPopupFooterHandler() with event=true" time="0.004" classname="Chrome_126_0_0_0_(Windows_10).GeneralNetworkSettingsComponent"/>
  <testcase name="GeneralNetworkSettingsComponent should detect changes in inputName" time="0.003" classname="Chrome_126_0_0_0_(Windows_10).GeneralNetworkSettingsComponent"/>
  <testcase name="GeneralNetworkSettingsComponent should call updateGWCDomainName() isSaveBtnEnable = false" time="0.003" classname="Chrome_126_0_0_0_(Windows_10).GeneralNetworkSettingsComponent"/>
  <testcase name="GeneralNetworkSettingsComponent should call getCallAgentIPs() one item comes from response" time="0.003" classname="Chrome_126_0_0_0_(Windows_10).GeneralNetworkSettingsComponent"/>
  <testcase name="GeneralNetworkSettingsComponent should call getGWCDomainName() with empty string response" time="0.002" classname="Chrome_126_0_0_0_(Windows_10).GeneralNetworkSettingsComponent"/>
  <testcase name="GeneralNetworkSettingsComponent should set toggle status disabled if data comes false or null in checkAndSetStatus function" time="0.002" classname="Chrome_126_0_0_0_(Windows_10).GeneralNetworkSettingsComponent"/>
  <testcase name="GeneralNetworkSettingsComponent should call getGWCDomainName() with error" time="0.003" classname="Chrome_126_0_0_0_(Windows_10).GeneralNetworkSettingsComponent"/>
  <testcase name="GeneralNetworkSettingsComponent should call closeGeneralNetworkSettings()" time="0.003" classname="Chrome_126_0_0_0_(Windows_10).GeneralNetworkSettingsComponent"/>
  <testcase name="GeneralNetworkSettingsComponent should initialize form" time="0.002" classname="Chrome_126_0_0_0_(Windows_10).GeneralNetworkSettingsComponent"/>
  <testcase name="GeneralNetworkSettingsComponent should call generalNetworkSettingsFormFooterHandler() with event=false" time="0.002" classname="Chrome_126_0_0_0_(Windows_10).GeneralNetworkSettingsComponent"/>
  <testcase name="SignalProtocolComponent should update form values based on selected protocol type" time="0.004" classname="Chrome_126_0_0_0_(Windows_10).SignalProtocolComponent"/>
  <testcase name="SignalProtocolComponent should create" time="0.002" classname="Chrome_126_0_0_0_(Windows_10).SignalProtocolComponent"/>
  <testcase name="SignalProtocolComponent should transform supportedProtocols and update protocols" time="0.002" classname="Chrome_126_0_0_0_(Windows_10).SignalProtocolComponent"/>
  <testcase name="SignalProtocolComponent should call transformProtocolType and handleProtocolTypeChange when signalProtocols change" time="0.004" classname="Chrome_126_0_0_0_(Windows_10).SignalProtocolComponent"/>
  <testcase name="SignalProtocolComponent should prevent default for forbidden key codes" time="0.002" classname="Chrome_126_0_0_0_(Windows_10).SignalProtocolComponent"/>
  <testcase name="GatewayControllersService should call postControllerProfileCallAgentPanelSave" time="0.001" classname="Chrome_126_0_0_0_(Windows_10).GatewayControllersService"/>
  <testcase name="GatewayControllersService should call getGatewaySiteName" time="0" classname="Chrome_126_0_0_0_(Windows_10).GatewayControllersService"/>
  <testcase name="GatewayControllersService should call postEdit" time="0.001" classname="Chrome_126_0_0_0_(Windows_10).GatewayControllersService"/>
  <testcase name="GatewayControllersService should call getGrGwTypeByProfile" time="0.001" classname="Chrome_126_0_0_0_(Windows_10).GatewayControllersService"/>
  <testcase name="GatewayControllersService should call getAlg" time="0" classname="Chrome_126_0_0_0_(Windows_10).GatewayControllersService"/>
  <testcase name="GatewayControllersService should call checkRtcpxrSupported" time="0.001" classname="Chrome_126_0_0_0_(Windows_10).GatewayControllersService"/>
  <testcase name="GatewayControllersService should call saveLgrpType" time="0.002" classname="Chrome_126_0_0_0_(Windows_10).GatewayControllersService"/>
  <testcase name="GatewayControllersService should call getEnhRepStatus" time="0.002" classname="Chrome_126_0_0_0_(Windows_10).GatewayControllersService"/>
  <testcase name="GatewayControllersService should call getLgrpType" time="0.001" classname="Chrome_126_0_0_0_(Windows_10).GatewayControllersService"/>
  <testcase name="GatewayControllersService should call getEditProfiles" time="0.001" classname="Chrome_126_0_0_0_(Windows_10).GatewayControllersService"/>
  <testcase name="GatewayControllersService should call getFlowthroughStatus" time="0" classname="Chrome_126_0_0_0_(Windows_10).GatewayControllersService"/>
  <testcase name="GatewayControllersService should call isGrGwSet" time="0.001" classname="Chrome_126_0_0_0_(Windows_10).GatewayControllersService"/>
  <testcase name="GatewayControllersService should call getLinesDataRetriveAll" time="0" classname="Chrome_126_0_0_0_(Windows_10).GatewayControllersService"/>
  <testcase name="GatewayControllersService should call getGWCNodesByFilter_v1" time="0" classname="Chrome_126_0_0_0_(Windows_10).GatewayControllersService"/>
  <testcase name="GatewayControllersService should call getGwCapacity_Profiles" time="0.001" classname="Chrome_126_0_0_0_(Windows_10).GatewayControllersService"/>
  <testcase name="GatewayControllersService should call isLblSupported" time="0" classname="Chrome_126_0_0_0_(Windows_10).GatewayControllersService"/>
  <testcase name="GatewayControllersService should call isSupportMlt" time="0.001" classname="Chrome_126_0_0_0_(Windows_10).GatewayControllersService"/>
  <testcase name="GatewayControllersService should call getGrGwNamesByType" time="0" classname="Chrome_126_0_0_0_(Windows_10).GatewayControllersService"/>
  <testcase name="GatewayControllersService should call getPepServer" time="0.001" classname="Chrome_126_0_0_0_(Windows_10).GatewayControllersService"/>
  <testcase name="GatewayControllersService should call deleteCarrier" time="0" classname="Chrome_126_0_0_0_(Windows_10).GatewayControllersService"/>
  <testcase name="GatewayControllersService should call postSignalingGwInfo" time="0.001" classname="Chrome_126_0_0_0_(Windows_10).GatewayControllersService"/>
  <testcase name="GatewayControllersService should call getGWCNodeByName_v1" time="0.001" classname="Chrome_126_0_0_0_(Windows_10).GatewayControllersService"/>
  <testcase name="GatewayControllersService should call addCarrier" time="0.001" classname="Chrome_126_0_0_0_(Windows_10).GatewayControllersService"/>
  <testcase name="GatewayControllersService should call getTableCache" time="0.001" classname="Chrome_126_0_0_0_(Windows_10).GatewayControllersService"/>
  <testcase name="GatewayControllersService should call getQueryNtwkCodecProfilesByFilter_v1" time="0" classname="Chrome_126_0_0_0_(Windows_10).GatewayControllersService"/>
  <testcase name="GatewayControllersService should call associateQoSCollector" time="0.001" classname="Chrome_126_0_0_0_(Windows_10).GatewayControllersService"/>
  <testcase name="GatewayControllersService should call getLinesDataRetrive" time="0" classname="Chrome_126_0_0_0_(Windows_10).GatewayControllersService"/>
  <testcase name="GatewayControllersService should call getProfiles" time="0" classname="Chrome_126_0_0_0_(Windows_10).GatewayControllersService"/>
  <testcase name="GatewayControllersService should call disassociateQoSCollector" time="0" classname="Chrome_126_0_0_0_(Windows_10).GatewayControllersService"/>
  <testcase name="GatewayControllersService should call postLgrpType" time="0.001" classname="Chrome_126_0_0_0_(Windows_10).GatewayControllersService"/>
  <testcase name="GatewayControllersService should call getGatewayDataSearchRetriveAll" time="0" classname="Chrome_126_0_0_0_(Windows_10).GatewayControllersService"/>
  <testcase name="GatewayControllersService should call postGWCMtcControlData" time="0.001" classname="Chrome_126_0_0_0_(Windows_10).GatewayControllersService"/>
  <testcase name="GatewayControllersService should call postGrGw" time="0" classname="Chrome_126_0_0_0_(Windows_10).GatewayControllersService"/>
  <testcase name="GatewayControllersService should call getUnitStatus" time="0.001" classname="Chrome_126_0_0_0_(Windows_10).GatewayControllersService"/>
  <testcase name="GatewayControllersService should call postQosCollectionStatus" time="0" classname="Chrome_126_0_0_0_(Windows_10).GatewayControllersService"/>
  <testcase name="GatewayControllersService should call getGatewayDataSearchRetrive" time="0.001" classname="Chrome_126_0_0_0_(Windows_10).GatewayControllersService"/>
  <testcase name="GatewayControllersService should call getCarriersDataRetrive" time="0" classname="Chrome_126_0_0_0_(Windows_10).GatewayControllersService"/>
  <testcase name="GatewayControllersService should call getAvailableAssociationList" time="0.001" classname="Chrome_126_0_0_0_(Windows_10).GatewayControllersService"/>
  <testcase name="GatewayControllersService should call getGwcList" time="0.001" classname="Chrome_126_0_0_0_(Windows_10).GatewayControllersService"/>
  <testcase name="GatewayControllersService should call getNodeNumber" time="0" classname="Chrome_126_0_0_0_(Windows_10).GatewayControllersService"/>
  <testcase name="GatewayControllersService should call getStatusData_e" time="0.001" classname="Chrome_126_0_0_0_(Windows_10).GatewayControllersService"/>
  <testcase name="GatewayControllersService should call getQoSCollectors" time="0" classname="Chrome_126_0_0_0_(Windows_10).GatewayControllersService"/>
  <testcase name="GatewayControllersService should call getGWCMtcControlData" time="0.001" classname="Chrome_126_0_0_0_(Windows_10).GatewayControllersService"/>
  <testcase name="GatewayControllersService should call getGwCapacityPickList" time="0" classname="Chrome_126_0_0_0_(Windows_10).GatewayControllersService"/>
  <testcase name="GatewayControllersService should call putAssociateMediaGateway" time="0" classname="Chrome_126_0_0_0_(Windows_10).GatewayControllersService"/>
  <testcase name="GatewayControllersService should call getDisplayCarriersData" time="0.001" classname="Chrome_126_0_0_0_(Windows_10).GatewayControllersService"/>
  <testcase name="GatewayControllersService should call getQosCollectionStatus" time="0" classname="Chrome_126_0_0_0_(Windows_10).GatewayControllersService"/>
  <testcase name="GatewayControllersService should call postGwCapacityPickList" time="0" classname="Chrome_126_0_0_0_(Windows_10).GatewayControllersService"/>
  <testcase name="GatewayControllersService should call getTgrp" time="0.001" classname="Chrome_126_0_0_0_(Windows_10).GatewayControllersService"/>
  <testcase name="GatewayControllersService should call postConfigureGWCService" time="0.001" classname="Chrome_126_0_0_0_(Windows_10).GatewayControllersService"/>
  <testcase name="GatewayControllersService should call checkV52Supported" time="0" classname="Chrome_126_0_0_0_(Windows_10).GatewayControllersService"/>
  <testcase name="GatewayControllersService should call getGWEStatistics" time="0.001" classname="Chrome_126_0_0_0_(Windows_10).GatewayControllersService"/>
  <testcase name="GatewayControllersService should call getIpAddressProtocolPort" time="0.001" classname="Chrome_126_0_0_0_(Windows_10).GatewayControllersService"/>
  <testcase name="GatewayControllersService should call getQoSCollector" time="0" classname="Chrome_126_0_0_0_(Windows_10).GatewayControllersService"/>
  <testcase name="GatewayControllersService should be created" time="0.001" classname="Chrome_126_0_0_0_(Windows_10).GatewayControllersService"/>
  <testcase name="GatewayControllersService should call getCarriersDataRetriveAll" time="0.001" classname="Chrome_126_0_0_0_(Windows_10).GatewayControllersService"/>
  <testcase name="QosCollectorsComponent should call getQosCollectionStatus with GWCException error" time="0.008" classname="Chrome_126_0_0_0_(Windows_10).QosCollectorsComponent"/>
  <testcase name="QosCollectorsComponent should call setEnhRepStatusAndJitterDebugSupported" time="0.007" classname="Chrome_126_0_0_0_(Windows_10).QosCollectorsComponent"/>
  <testcase name="QosCollectorsComponent should call setEnhRepStatusAndJitterDebugSupported return null" time="0.005" classname="Chrome_126_0_0_0_(Windows_10).QosCollectorsComponent"/>
  <testcase name="QosCollectorsComponent should call setEnhRepStatusAndJitterDebugSupported with error" time="0.006" classname="Chrome_126_0_0_0_(Windows_10).QosCollectorsComponent"/>
  <testcase name="QosCollectorsComponent should call associateBtn qosCollectorsDataCount === 2" time="0.006" classname="Chrome_126_0_0_0_(Windows_10).QosCollectorsComponent"/>
  <testcase name="QosCollectorsComponent should call closeAddAndAssociateDialogAndDeleteFormValue()" time="0.005" classname="Chrome_126_0_0_0_(Windows_10).QosCollectorsComponent"/>
  <testcase name="QosCollectorsComponent should call associateQoSCollector() with associateErrorWithGWCExc" time="0.006" classname="Chrome_126_0_0_0_(Windows_10).QosCollectorsComponent"/>
  <testcase name="QosCollectorsComponent should call updateRtcpxrNegotiationClick with true" time="0.005" classname="Chrome_126_0_0_0_(Windows_10).QosCollectorsComponent"/>
  <testcase name="QosCollectorsComponent should call closeShowHideErrorDialogWithOkBtn() count is not 0" time="0.005" classname="Chrome_126_0_0_0_(Windows_10).QosCollectorsComponent"/>
  <testcase name="QosCollectorsComponent should call associateFormFooterHandler() with false" time="0.004" classname="Chrome_126_0_0_0_(Windows_10).QosCollectorsComponent"/>
  <testcase name="QosCollectorsComponent should call postQosCollectionStatus() with error" time="0.005" classname="Chrome_126_0_0_0_(Windows_10).QosCollectorsComponent"/>
  <testcase name="QosCollectorsComponent should call updateRtcpxrNegotiationClick with false" time="0.004" classname="Chrome_126_0_0_0_(Windows_10).QosCollectorsComponent"/>
  <testcase name="QosCollectorsComponent should call addQosCollector()" time="0.005" classname="Chrome_126_0_0_0_(Windows_10).QosCollectorsComponent"/>
  <testcase name="QosCollectorsComponent should call applyConfirmationPopupQoSCollEnableFooterHandler() with false" time="0.005" classname="Chrome_126_0_0_0_(Windows_10).QosCollectorsComponent"/>
  <testcase name="QosCollectorsComponent should call associateQoSCollector()" time="0.004" classname="Chrome_126_0_0_0_(Windows_10).QosCollectorsComponent"/>
  <testcase name="QosCollectorsComponent should call applyConfirmationPanel" time="0.007" classname="Chrome_126_0_0_0_(Windows_10).QosCollectorsComponent"/>
  <testcase name="QosCollectorsComponent should call addQosCollectorFormFooterHandler() with true" time="0.005" classname="Chrome_126_0_0_0_(Windows_10).QosCollectorsComponent"/>
  <testcase name="QosCollectorsComponent should call applyConfirmationPopupQoSCollEnableFooterHandler() with true" time="0.005" classname="Chrome_126_0_0_0_(Windows_10).QosCollectorsComponent"/>
  <testcase name="QosCollectorsComponent should call closeShowPostShowHideErrorDialogWithOkBtn()" time="0.004" classname="Chrome_126_0_0_0_(Windows_10).QosCollectorsComponent"/>
  <testcase name="QosCollectorsComponent should call updateRtcpxrReportingClick with false" time="0.008" classname="Chrome_126_0_0_0_(Windows_10).QosCollectorsComponent"/>
  <testcase name="QosCollectorsComponent should call getAvailableAssociationList()" time="0.004" classname="Chrome_126_0_0_0_(Windows_10).QosCollectorsComponent"/>
  <testcase name="QosCollectorsComponent should call deleteQosCollector() with error" time="0.006" classname="Chrome_126_0_0_0_(Windows_10).QosCollectorsComponent"/>
  <testcase name="QosCollectorsComponent should call disassociate() dataCount not equal to 1" time="0.005" classname="Chrome_126_0_0_0_(Windows_10).QosCollectorsComponent"/>
  <testcase name="QosCollectorsComponent should call addConfirmPopupQoSCollectorFooterHandler() with true" time="0.004" classname="Chrome_126_0_0_0_(Windows_10).QosCollectorsComponent"/>
  <testcase name="QosCollectorsComponent should call confirmationPopupQoSCollectionDisableNoOption()" time="0.005" classname="Chrome_126_0_0_0_(Windows_10).QosCollectorsComponent"/>
  <testcase name="QosCollectorsComponent should call openConfirmationPopupForApplyConfgPanel() qosReporting false, disableRtcpxrNegotiation false, false isRtcpxrSupported &amp;&amp; isJitterDebugSupported &amp;&amp; isSmallLineGWC" time="0.004" classname="Chrome_126_0_0_0_(Windows_10).QosCollectorsComponent"/>
  <testcase name="QosCollectorsComponent should call deleteQosCollector() with error with GWC exception" time="0.006" classname="Chrome_126_0_0_0_(Windows_10).QosCollectorsComponent"/>
  <testcase name="QosCollectorsComponent should call setQoSColPendingAndSetDisableOfDisassociationBtn count 1, enhRepStatus === SUPPORTED" time="0.005" classname="Chrome_126_0_0_0_(Windows_10).QosCollectorsComponent"/>
  <testcase name="QosCollectorsComponent should call applyConfirmationPanel" time="0.006" classname="Chrome_126_0_0_0_(Windows_10).QosCollectorsComponent"/>
  <testcase name="QosCollectorsComponent should call ngOnChanges" time="0.006" classname="Chrome_126_0_0_0_(Windows_10).QosCollectorsComponent"/>
  <testcase name="QosCollectorsComponent should call addQosCollector() with errror" time="0.005" classname="Chrome_126_0_0_0_(Windows_10).QosCollectorsComponent"/>
  <testcase name="QosCollectorsComponent should call postQosCollectionStatus()" time="0.005" classname="Chrome_126_0_0_0_(Windows_10).QosCollectorsComponent"/>
  <testcase name="QosCollectorsComponent should call closeApplyConfirmPopup()" time="0.006" classname="Chrome_126_0_0_0_(Windows_10).QosCollectorsComponent"/>
  <testcase name="QosCollectorsComponent should call getAvailableAssociationList() with count zero " time="0.006" classname="Chrome_126_0_0_0_(Windows_10).QosCollectorsComponent"/>
  <testcase name="QosCollectorsComponent should call deleteQoSCollectorFooterHandler() with true" time="0.004" classname="Chrome_126_0_0_0_(Windows_10).QosCollectorsComponent"/>
  <testcase name="QosCollectorsComponent should call checkRtcpxrSupported with error" time="0.005" classname="Chrome_126_0_0_0_(Windows_10).QosCollectorsComponent"/>
  <testcase name="QosCollectorsComponent should create" time="0.005" classname="Chrome_126_0_0_0_(Windows_10).QosCollectorsComponent"/>
  <testcase name="QosCollectorsComponent should call setQoSColPendingAndSetDisableOfDisassociationBtn count 0" time="0.006" classname="Chrome_126_0_0_0_(Windows_10).QosCollectorsComponent"/>
  <testcase name="QosCollectorsComponent should call associateQoSCollector() with associateErrorWithoutGWCExc" time="0.005" classname="Chrome_126_0_0_0_(Windows_10).QosCollectorsComponent"/>
  <testcase name="QosCollectorsComponent should call postQosCollectionStatus()" time="0.005" classname="Chrome_126_0_0_0_(Windows_10).QosCollectorsComponent"/>
  <testcase name="QosCollectorsComponent should call resetConfigurationPanel()" time="0.005" classname="Chrome_126_0_0_0_(Windows_10).QosCollectorsComponent"/>
  <testcase name="QosCollectorsComponent should call setQoSColPendingAndSetDisableOfDisassociationBtn count 2" time="0.004" classname="Chrome_126_0_0_0_(Windows_10).QosCollectorsComponent"/>
  <testcase name="QosCollectorsComponent should call addConfirmPopupQoSCollectorFooterHandler() with false" time="0.004" classname="Chrome_126_0_0_0_(Windows_10).QosCollectorsComponent"/>
  <testcase name="QosCollectorsComponent should call setQoSColPendingAndSetDisableOfDisassociationBtn count 0 and qosReporting 0" time="0.006" classname="Chrome_126_0_0_0_(Windows_10).QosCollectorsComponent"/>
  <testcase name="QosCollectorsComponent should call closeShowHideErrorDialogWithOkBtn() count is 0" time="0.007" classname="Chrome_126_0_0_0_(Windows_10).QosCollectorsComponent"/>
  <testcase name="QosCollectorsComponent should call ngOnChanges with error" time="0.005" classname="Chrome_126_0_0_0_(Windows_10).QosCollectorsComponent"/>
  <testcase name="QosCollectorsComponent should call closeDeleteConfirmPopup()" time="0.006" classname="Chrome_126_0_0_0_(Windows_10).QosCollectorsComponent"/>
  <testcase name="QosCollectorsComponent should call onFooterHandlerConfigurationPanel() with false" time="0.006" classname="Chrome_126_0_0_0_(Windows_10).QosCollectorsComponent"/>
  <testcase name="QosCollectorsComponent should call refreshQosCollectorsTable" time="0.005" classname="Chrome_126_0_0_0_(Windows_10).QosCollectorsComponent"/>
  <testcase name="QosCollectorsComponent should call associateBtn qosCollectorsDataCount === 1" time="0.004" classname="Chrome_126_0_0_0_(Windows_10).QosCollectorsComponent"/>
  <testcase name="QosCollectorsComponent should call openConfirmationPopupForApplyConfgPanel() qosReporting true" time="0.004" classname="Chrome_126_0_0_0_(Windows_10).QosCollectorsComponent"/>
  <testcase name="QosCollectorsComponent should call postQosCollectionStatus() with error with GWC exception" time="0.006" classname="Chrome_126_0_0_0_(Windows_10).QosCollectorsComponent"/>
  <testcase name="QosCollectorsComponent should call closeErrorDialog()" time="0.004" classname="Chrome_126_0_0_0_(Windows_10).QosCollectorsComponent"/>
  <testcase name="QosCollectorsComponent should call checkSmallLineGWC, getTableData with error" time="0.006" classname="Chrome_126_0_0_0_(Windows_10).QosCollectorsComponent"/>
  <testcase name="QosCollectorsComponent should call getAvailableAssociationList() with error" time="0.004" classname="Chrome_126_0_0_0_(Windows_10).QosCollectorsComponent"/>
  <testcase name="QosCollectorsComponent should call deleteQosCollector()" time="0.004" classname="Chrome_126_0_0_0_(Windows_10).QosCollectorsComponent"/>
  <testcase name="QosCollectorsComponent should call applyConfirmationPopupQoSCollDisableFooterHandler() with true" time="0.005" classname="Chrome_126_0_0_0_(Windows_10).QosCollectorsComponent"/>
  <testcase name="QosCollectorsComponent should call disassociate()" time="0.003" classname="Chrome_126_0_0_0_(Windows_10).QosCollectorsComponent"/>
  <testcase name="QosCollectorsComponent should call associateFormFooterHandler() with true" time="0.004" classname="Chrome_126_0_0_0_(Windows_10).QosCollectorsComponent"/>
  <testcase name="QosCollectorsComponent should call getQosCollectionStatus with GWCException error" time="0.005" classname="Chrome_126_0_0_0_(Windows_10).QosCollectorsComponent"/>
  <testcase name="QosCollectorsComponent should call openConfirmationPopupForApplyConfgPanel() qosReporting false, disableRtcpxrNegotiationfalse, all true isRtcpxrSupported &amp;&amp; isJitterDebugSupported &amp;&amp; isSmallLineGWC" time="0.004" classname="Chrome_126_0_0_0_(Windows_10).QosCollectorsComponent"/>
  <testcase name="QosCollectorsComponent should call applyConfirmationPopupQoSCollDisableFooterHandler() with false" time="0.005" classname="Chrome_126_0_0_0_(Windows_10).QosCollectorsComponent"/>
  <testcase name="QosCollectorsComponent should call deleteQoSCollectorFooterHandler() with false" time="0.004" classname="Chrome_126_0_0_0_(Windows_10).QosCollectorsComponent"/>
  <testcase name="QosCollectorsComponent should call resetConfigurationPanelWithAvailableData()" time="0.008" classname="Chrome_126_0_0_0_(Windows_10).QosCollectorsComponent"/>
  <testcase name="QosCollectorsComponent should call openConfirmationPopupForApplyConfgPanel() qosReporting false, disableRtcpxrNegotiation true " time="0.003" classname="Chrome_126_0_0_0_(Windows_10).QosCollectorsComponent"/>
  <testcase name="QosCollectorsComponent should call applyConfirmationPanel when count not equal to zero" time="0.004" classname="Chrome_126_0_0_0_(Windows_10).QosCollectorsComponent"/>
  <testcase name="QosCollectorsComponent should call disableEnhRep" time="0.005" classname="Chrome_126_0_0_0_(Windows_10).QosCollectorsComponent"/>
  <testcase name="QosCollectorsComponent should call updateQosReportingClick with true disableRtcpxrNegotiation false" time="0.004" classname="Chrome_126_0_0_0_(Windows_10).QosCollectorsComponent"/>
  <testcase name="QosCollectorsComponent should call closeErrorPopup()" time="0.005" classname="Chrome_126_0_0_0_(Windows_10).QosCollectorsComponent"/>
  <testcase name="QosCollectorsComponent should call addQosCollectorFormFooterHandler() with false" time="0.004" classname="Chrome_126_0_0_0_(Windows_10).QosCollectorsComponent"/>
  <testcase name="QosCollectorsComponent should call applyConfirmationPanel with error" time="0.004" classname="Chrome_126_0_0_0_(Windows_10).QosCollectorsComponent"/>
  <testcase name="QosCollectorsComponent should call updateRtcpxrReportingClick with true" time="0.006" classname="Chrome_126_0_0_0_(Windows_10).QosCollectorsComponent"/>
  <testcase name="QosCollectorsComponent should call updateQosReportingClick with false" time="0.005" classname="Chrome_126_0_0_0_(Windows_10).QosCollectorsComponent"/>
  <testcase name="QosCollectorsComponent should call closeAddAssociateAndQosStatusErrorDialog()" time="0.005" classname="Chrome_126_0_0_0_(Windows_10).QosCollectorsComponent"/>
  <testcase name="QosCollectorsComponent should call onFooterHandlerConfigurationPanel() with true" time="0.005" classname="Chrome_126_0_0_0_(Windows_10).QosCollectorsComponent"/>
  <testcase name="QosCollectorsComponent should call showOrHideButtonClick()" time="0.004" classname="Chrome_126_0_0_0_(Windows_10).QosCollectorsComponent"/>
  <testcase name="QosCollectorsComponent should call addNewQoSCollectorBtn()" time="0.005" classname="Chrome_126_0_0_0_(Windows_10).QosCollectorsComponent"/>
  <testcase name="QosCollectorsComponent should call closeDeleteErrorPopup()" time="0.003" classname="Chrome_126_0_0_0_(Windows_10).QosCollectorsComponent"/>
  <testcase name="QosCollectorsComponent should call updateQosReportingClick with true disableRtcpxrNegotiation true" time="0.005" classname="Chrome_126_0_0_0_(Windows_10).QosCollectorsComponent"/>
  <testcase name="CmtgRestService should call getDataBody" time="0.002" classname="Chrome_126_0_0_0_(Windows_10).CmtgRestService"/>
  <testcase name="CmtgRestService should call postDataBody" time="0.001" classname="Chrome_126_0_0_0_(Windows_10).CmtgRestService"/>
  <testcase name="CmtgRestService should call putDataBody" time="0" classname="Chrome_126_0_0_0_(Windows_10).CmtgRestService"/>
  <testcase name="CmtgRestService should be created" time="0" classname="Chrome_126_0_0_0_(Windows_10).CmtgRestService"/>
  <testcase name="CmtgRestService should call putDataParamBody" time="0.001" classname="Chrome_126_0_0_0_(Windows_10).CmtgRestService"/>
  <testcase name="AuthenticationService should call getCLLI function" time="0" classname="Chrome_126_0_0_0_(Windows_10).AuthenticationService"/>
  <testcase name="AuthenticationService should call login" time="0.001" classname="Chrome_126_0_0_0_(Windows_10).AuthenticationService"/>
  <testcase name="AuthenticationService should call logOut" time="0" classname="Chrome_126_0_0_0_(Windows_10).AuthenticationService"/>
  <testcase name="AuthenticationService should call getTimeoutValue" time="0.001" classname="Chrome_126_0_0_0_(Windows_10).AuthenticationService"/>
  <testcase name="AuthenticationService should call refreshUserSession" time="0.001" classname="Chrome_126_0_0_0_(Windows_10).AuthenticationService"/>
  <testcase name="AuthenticationService should call validateSession" time="0" classname="Chrome_126_0_0_0_(Windows_10).AuthenticationService"/>
  <testcase name="AuthenticationService should be created" time="0.001" classname="Chrome_126_0_0_0_(Windows_10).AuthenticationService"/>
  <testcase name="ControllerComponent should create" time="0.003" classname="Chrome_126_0_0_0_(Windows_10).ControllerComponent"/>
  <testcase name="SignallingGatewayComponent should handle switch when value is true" time="0.004" classname="Chrome_126_0_0_0_(Windows_10).SignallingGatewayComponent"/>
  <testcase name="SignallingGatewayComponent should create" time="0.004" classname="Chrome_126_0_0_0_(Windows_10).SignallingGatewayComponent"/>
  <testcase name="SignallingGatewayComponent should handle switch when value is false" time="0.004" classname="Chrome_126_0_0_0_(Windows_10).SignallingGatewayComponent"/>
  <testcase name="GatewayControllersComponent should close add new gwc dialog" time="0.008" classname="Chrome_126_0_0_0_(Windows_10).GatewayControllersComponent"/>
  <testcase name="GatewayControllersComponent should submit the form, call the service, and handle the false status" time="0.007" classname="Chrome_126_0_0_0_(Windows_10).GatewayControllersComponent"/>
  <testcase name="GatewayControllersComponent should return flowthrough status observable" time="0.007" classname="Chrome_126_0_0_0_(Windows_10).GatewayControllersComponent"/>
  <testcase name="GatewayControllersComponent should submit the form, call the service, and handle the fail rc value" time="0.007" classname="Chrome_126_0_0_0_(Windows_10).GatewayControllersComponent"/>
  <testcase name="GatewayControllersComponent should cancel the form submission and reset the form" time="0.005" classname="Chrome_126_0_0_0_(Windows_10).GatewayControllersComponent"/>
  <testcase name="GatewayControllersComponent should set showDisassociateDialog to true when the selected menu item is disassociateGW" time="0.005" classname="Chrome_126_0_0_0_(Windows_10).GatewayControllersComponent"/>
  <testcase name="GatewayControllersComponent should create" time="0.008" classname="Chrome_126_0_0_0_(Windows_10).GatewayControllersComponent"/>
  <testcase name="GatewayControllersComponent should toggle showDetailsBtn property" time="0.004" classname="Chrome_126_0_0_0_(Windows_10).GatewayControllersComponent"/>
  <testcase name="GatewayControllersComponent should handle error and call showAPIError getUnitStatus" time="0.002" classname="Chrome_126_0_0_0_(Windows_10).GatewayControllersComponent"/>
  <testcase name="GatewayControllersComponent should close Associate Dialog" time="0.003" classname="Chrome_126_0_0_0_(Windows_10).GatewayControllersComponent"/>
  <testcase name="GatewayControllersComponent should close error dialog and show details button" time="0.005" classname="Chrome_126_0_0_0_(Windows_10).GatewayControllersComponent"/>
  <testcase name="GatewayControllersComponent should set showDeleteNodeDialog to true when the selected menu item is showDeleteNodeDialog" time="0.004" classname="Chrome_126_0_0_0_(Windows_10).GatewayControllersComponent"/>
  <testcase name="GatewayControllersComponent should handle closeGwcErrorDialog" time="0.004" classname="Chrome_126_0_0_0_(Windows_10).GatewayControllersComponent"/>
  <testcase name="GatewayControllersComponent should submit the form, call the service, and handle the response" time="0.003" classname="Chrome_126_0_0_0_(Windows_10).GatewayControllersComponent"/>
  <testcase name="GatewayControllersComponent should handle closeDialog()" time="0.003" classname="Chrome_126_0_0_0_(Windows_10).GatewayControllersComponent"/>
  <testcase name="GatewayControllersComponent should toggle showGwcDetailsBtn property" time="0.004" classname="Chrome_126_0_0_0_(Windows_10).GatewayControllersComponent"/>
  <testcase name="GatewayControllersComponent should handle error and call showAPIError getAllGwc" time="0.003" classname="Chrome_126_0_0_0_(Windows_10).GatewayControllersComponent"/>
  <testcase name="GatewayControllersComponent should submit the form, call the service, and handle the response" time="0.004" classname="Chrome_126_0_0_0_(Windows_10).GatewayControllersComponent"/>
  <testcase name="GatewayControllersComponent should toggle open add new gwc dialog" time="0.004" classname="Chrome_126_0_0_0_(Windows_10).GatewayControllersComponent"/>
  <testcase name="GatewayControllersComponent should submit the form, call the service, and handle the response" time="0.004" classname="Chrome_126_0_0_0_(Windows_10).GatewayControllersComponent"/>
  <testcase name="GatewayControllersComponent should submit the form, call the service, and handle the response" time="0.003" classname="Chrome_126_0_0_0_(Windows_10).GatewayControllersComponent"/>
  <testcase name="GatewayControllersComponent should handle error and call showAPIError getGwcList" time="0.005" classname="Chrome_126_0_0_0_(Windows_10).GatewayControllersComponent"/>
  <testcase name="GatewayControllersComponent should handle onShowDialog()" time="0.004" classname="Chrome_126_0_0_0_(Windows_10).GatewayControllersComponent"/>
  <testcase name="GatewayControllersComponent should submit the form, call the service, and handle the response" time="0.003" classname="Chrome_126_0_0_0_(Windows_10).GatewayControllersComponent"/>
  <testcase name="NetworkCodecProfileComponent addNtwkCodecProfile() should call with error " time="0.007" classname="Chrome_126_0_0_0_(Windows_10).NetworkCodecProfileComponent"/>
  <testcase name="NetworkCodecProfileComponent should check if at least one available codec is selected" time="0.006" classname="Chrome_126_0_0_0_(Windows_10).NetworkCodecProfileComponent"/>
  <testcase name="NetworkCodecProfileComponent should check if at least one available codec is not selected" time="0.005" classname="Chrome_126_0_0_0_(Windows_10).NetworkCodecProfileComponent"/>
  <testcase name="NetworkCodecProfileComponent should call editNetworkCodecProfileFormFooterHandler() with event=false with dirty" time="0.004" classname="Chrome_126_0_0_0_(Windows_10).NetworkCodecProfileComponent"/>
  <testcase name="NetworkCodecProfileComponent should call closeAddNwkCodecProfile()" time="0.005" classname="Chrome_126_0_0_0_(Windows_10).NetworkCodecProfileComponent"/>
  <testcase name="NetworkCodecProfileComponent should call editNetworkCodecProfileFormFooterHandler() with event=true, codecSelectionOrder length &lt; 3,PCMA and PCMU available" time="0.005" classname="Chrome_126_0_0_0_(Windows_10).NetworkCodecProfileComponent"/>
  <testcase name="NetworkCodecProfileComponent should call closeDeleteNtwkCodecProfile()" time="0.006" classname="Chrome_126_0_0_0_(Windows_10).NetworkCodecProfileComponent"/>
  <testcase name="NetworkCodecProfileComponent should call addNetworkCodecProfileFormFooterHandler() with event=false with dirty" time="0.005" classname="Chrome_126_0_0_0_(Windows_10).NetworkCodecProfileComponent"/>
  <testcase name="NetworkCodecProfileComponent should call addNewNwkCodecProfileBtn()" time="0.005" classname="Chrome_126_0_0_0_(Windows_10).NetworkCodecProfileComponent"/>
  <testcase name="NetworkCodecProfileComponent should call addNetworkCodecProfileFormFooterHandler() with event=false without dirty" time="0.005" classname="Chrome_126_0_0_0_(Windows_10).NetworkCodecProfileComponent"/>
  <testcase name="NetworkCodecProfileComponent should call deleteNtwkCodecProfileFooterHandler() with event=true" time="0.004" classname="Chrome_126_0_0_0_(Windows_10).NetworkCodecProfileComponent"/>
  <testcase name="NetworkCodecProfileComponent should call onChangeTargetData()" time="0.005" classname="Chrome_126_0_0_0_(Windows_10).NetworkCodecProfileComponent"/>
  <testcase name="NetworkCodecProfileComponent should call deleteNtwkCodecProfileFooterHandler() with event=false" time="0.007" classname="Chrome_126_0_0_0_(Windows_10).NetworkCodecProfileComponent"/>
  <testcase name="NetworkCodecProfileComponent should call closeInfoAboutInvalidCodec()" time="0.005" classname="Chrome_126_0_0_0_(Windows_10).NetworkCodecProfileComponent"/>
  <testcase name="NetworkCodecProfileComponent should call addNetworkCodecProfileFormFooterHandler() with event=true, codecSelectionOrder length &lt; 3,PCMA and PCMU isnt available" time="0.007" classname="Chrome_126_0_0_0_(Windows_10).NetworkCodecProfileComponent"/>
  <testcase name="NetworkCodecProfileComponent should call editNetworkCodecProfileFormFooterHandler() with event=false without dirty" time="0.004" classname="Chrome_126_0_0_0_(Windows_10).NetworkCodecProfileComponent"/>
  <testcase name="NetworkCodecProfileComponent should call showOrHideButtonClick()" time="0.005" classname="Chrome_126_0_0_0_(Windows_10).NetworkCodecProfileComponent"/>
  <testcase name="NetworkCodecProfileComponent should call closeInfoAboutCancelOptionDialog() with event=true" time="0.006" classname="Chrome_126_0_0_0_(Windows_10).NetworkCodecProfileComponent"/>
  <testcase name="NetworkCodecProfileComponent should call addNetworkCodecProfileFormFooterHandler() with event=true, codecSelectionOrder length > 3" time="0.005" classname="Chrome_126_0_0_0_(Windows_10).NetworkCodecProfileComponent"/>
  <testcase name="NetworkCodecProfileComponent should call deleteNtwkCodecProfile(), error" time="0.005" classname="Chrome_126_0_0_0_(Windows_10).NetworkCodecProfileComponent"/>
  <testcase name="NetworkCodecProfileComponent should call editNtwkCodecProfile(), error" time="0.005" classname="Chrome_126_0_0_0_(Windows_10).NetworkCodecProfileComponent"/>
  <testcase name="NetworkCodecProfileComponent should call closeCancelOptionDialog()" time="0.005" classname="Chrome_126_0_0_0_(Windows_10).NetworkCodecProfileComponent"/>
  <testcase name="NetworkCodecProfileComponent should call closeInfoAboutCancelOptionDialog() with event=false" time="0.005" classname="Chrome_126_0_0_0_(Windows_10).NetworkCodecProfileComponent"/>
  <testcase name="NetworkCodecProfileComponent should refreshTable()" time="0.005" classname="Chrome_126_0_0_0_(Windows_10).NetworkCodecProfileComponent"/>
  <testcase name="NetworkCodecProfileComponent should call closeCodecNameExistsErrorDialog()" time="0.005" classname="Chrome_126_0_0_0_(Windows_10).NetworkCodecProfileComponent"/>
  <testcase name="NetworkCodecProfileComponent should call setDataForRequest()" time="0.005" classname="Chrome_126_0_0_0_(Windows_10).NetworkCodecProfileComponent"/>
  <testcase name="NetworkCodecProfileComponent should call closeAddErrorDialog()" time="0.005" classname="Chrome_126_0_0_0_(Windows_10).NetworkCodecProfileComponent"/>
  <testcase name="NetworkCodecProfileComponent should call deleteNtwkCodecProfile()" time="0.005" classname="Chrome_126_0_0_0_(Windows_10).NetworkCodecProfileComponent"/>
  <testcase name="NetworkCodecProfileComponent should create" time="0.006" classname="Chrome_126_0_0_0_(Windows_10).NetworkCodecProfileComponent"/>
  <testcase name="NetworkCodecProfileComponent should call addNtwkCodecProfile() with same name " time="0.005" classname="Chrome_126_0_0_0_(Windows_10).NetworkCodecProfileComponent"/>
  <testcase name="NetworkCodecProfileComponent should call editNetworkCodecProfileFormFooterHandler() with event=true, codecSelectionOrder length > 3" time="0.005" classname="Chrome_126_0_0_0_(Windows_10).NetworkCodecProfileComponent"/>
  <testcase name="NetworkCodecProfileComponent should call editNetworkCodecProfileFormFooterHandler() with event=true, codecSelectionOrder length &lt; 3,PCMA and PCMU isnt available" time="0.005" classname="Chrome_126_0_0_0_(Windows_10).NetworkCodecProfileComponent"/>
  <testcase name="NetworkCodecProfileComponent should call closeEditNwkCodecProfile()" time="0.005" classname="Chrome_126_0_0_0_(Windows_10).NetworkCodecProfileComponent"/>
  <testcase name="NetworkCodecProfileComponent getNtwkCodecProfile() should call with error " time="0.004" classname="Chrome_126_0_0_0_(Windows_10).NetworkCodecProfileComponent"/>
  <testcase name="NetworkCodecProfileComponent should call closeDeleteErrorDialog()" time="0.005" classname="Chrome_126_0_0_0_(Windows_10).NetworkCodecProfileComponent"/>
  <testcase name="NetworkCodecProfileComponent should call closeEditErrorDialog()" time="0.005" classname="Chrome_126_0_0_0_(Windows_10).NetworkCodecProfileComponent"/>
  <testcase name="NetworkCodecProfileComponent should call addNtwkCodecProfile()" time="0.005" classname="Chrome_126_0_0_0_(Windows_10).NetworkCodecProfileComponent"/>
  <testcase name="NetworkCodecProfileComponent should call editNtwkCodecProfile()" time="0.004" classname="Chrome_126_0_0_0_(Windows_10).NetworkCodecProfileComponent"/>
  <testcase name="ProvViewComponent should show error messages if inputs are empty on add cchnl" time="0.005" classname="Chrome_126_0_0_0_(Windows_10).ProvViewComponent"/>
  <testcase name="ProvViewComponent should add new item to prot2ListOptions and update form on success" time="0.004" classname="Chrome_126_0_0_0_(Windows_10).ProvViewComponent"/>
  <testcase name="ProvViewComponent should add new item to cchnlEntriesOptions and update form on success" time="0.003" classname="Chrome_126_0_0_0_(Windows_10).ProvViewComponent"/>
  <testcase name="ProvViewComponent should call modify method when isAddProv is false" time="0.005" classname="Chrome_126_0_0_0_(Windows_10).ProvViewComponent"/>
  <testcase name="ProvViewComponent should call addProv method when isAddProv is true" time="0.003" classname="Chrome_126_0_0_0_(Windows_10).ProvViewComponent"/>
  <testcase name="ProvViewComponent should call addProvTemplate and update UI on success" time="0.005" classname="Chrome_126_0_0_0_(Windows_10).ProvViewComponent"/>
  <testcase name="ProvViewComponent should call modify method when isAddProv is true" time="0.004" classname="Chrome_126_0_0_0_(Windows_10).ProvViewComponent"/>
  <testcase name="ProvViewComponent modifyProv error " time="0.004" classname="Chrome_126_0_0_0_(Windows_10).ProvViewComponent"/>
  <testcase name="ProvViewComponent should create" time="0.004" classname="Chrome_126_0_0_0_(Windows_10).ProvViewComponent"/>
  <testcase name="ProvViewComponent close Dialog" time="0.003" classname="Chrome_126_0_0_0_(Windows_10).ProvViewComponent"/>
  <testcase name="ProvViewComponent should get prov template and update form on success" time="0.004" classname="Chrome_126_0_0_0_(Windows_10).ProvViewComponent"/>
  <testcase name="ProvViewComponent modifyProv errors " time="0.004" classname="Chrome_126_0_0_0_(Windows_10).ProvViewComponent"/>
  <testcase name="ProvViewComponent should call getProvTemplate and update form on changes" time="0.004" classname="Chrome_126_0_0_0_(Windows_10).ProvViewComponent"/>
  <testcase name="ProvViewComponent should show error message on non-zero response code" time="0.005" classname="Chrome_126_0_0_0_(Windows_10).ProvViewComponent"/>
  <testcase name="ProvViewComponent should show error messages if link and channel empty on adtoProtList" time="0.004" classname="Chrome_126_0_0_0_(Windows_10).ProvViewComponent"/>
  <testcase name="ProvViewComponent addProv error " time="0.004" classname="Chrome_126_0_0_0_(Windows_10).ProvViewComponent"/>
  <testcase name="ProvViewComponent should show error message on API error" time="0.003" classname="Chrome_126_0_0_0_(Windows_10).ProvViewComponent"/>
  <testcase name="ProvViewComponent modifyProv errors3 " time="0.003" classname="Chrome_126_0_0_0_(Windows_10).ProvViewComponent"/>
  <testcase name="ProvViewComponent modifyProv errors2 " time="0.002" classname="Chrome_126_0_0_0_(Windows_10).ProvViewComponent"/>
  <testcase name="MaintenanceComponent should create" time="0.003" classname="Chrome_126_0_0_0_(Windows_10).MaintenanceComponent"/>
  <testcase name="QosCollectorsComponent should create" time="0.002" classname="Chrome_126_0_0_0_(Windows_10).QosCollectorsComponent"/>
  <testcase name="CarriersComponent should create" time="0.005" classname="Chrome_126_0_0_0_(Windows_10).CarriersComponent"/>
  <testcase name="SigOptionsComponent should call close dialog on cancel form" time="0.007" classname="Chrome_126_0_0_0_(Windows_10).SigOptionsComponent"/>
  <testcase name="SigOptionsComponent should emit isChanged value when closeDialog is called" time="0.004" classname="Chrome_126_0_0_0_(Windows_10).SigOptionsComponent"/>
  <testcase name="SigOptionsComponent should give apiError on unsuccessful request when addSig" time="0.004" classname="Chrome_126_0_0_0_(Windows_10).SigOptionsComponent"/>
  <testcase name="SigOptionsComponent should call modifySig when isAddSig is false and confirm is true" time="0.004" classname="Chrome_126_0_0_0_(Windows_10).SigOptionsComponent"/>
  <testcase name="SigOptionsComponent should call modifysig on service when modifysig called" time="0.006" classname="Chrome_126_0_0_0_(Windows_10).SigOptionsComponent"/>
  <testcase name="SigOptionsComponent should handleChangeIdentifier call getSigTemplate and disable button when isAddSig is false" time="0.004" classname="Chrome_126_0_0_0_(Windows_10).SigOptionsComponent"/>
  <testcase name="SigOptionsComponent should call service and close Dialog when addSig called successfully" time="0.004" classname="Chrome_126_0_0_0_(Windows_10).SigOptionsComponent"/>
  <testcase name="SigOptionsComponent should create" time="0.002" classname="Chrome_126_0_0_0_(Windows_10).SigOptionsComponent"/>
  <testcase name="SigOptionsComponent should getsigtemplate when modifysig cancelled " time="0.003" classname="Chrome_126_0_0_0_(Windows_10).SigOptionsComponent"/>
  <testcase name="SigOptionsComponent should call getSigTemplate and disable button when identifiers change and isAddSig is false" time="0.003" classname="Chrome_126_0_0_0_(Windows_10).SigOptionsComponent"/>
  <testcase name="SigOptionsComponent should successfully getsigTemplate" time="0.003" classname="Chrome_126_0_0_0_(Windows_10).SigOptionsComponent"/>
  <testcase name="SigOptionsComponent should give error on getSigTEmplate" time="0.003" classname="Chrome_126_0_0_0_(Windows_10).SigOptionsComponent"/>
  <testcase name="SigOptionsComponent should show error message and return when isAddSig is true, confirm is true, and v5sigid is missing" time="0.004" classname="Chrome_126_0_0_0_(Windows_10).SigOptionsComponent"/>
  <testcase name="SigOptionsComponent should call addSig when isAddSig is true, confirm is true, and v5sigid is present" time="0.002" classname="Chrome_126_0_0_0_(Windows_10).SigOptionsComponent"/>
  <testcase name="ControllerComponent initProfileOptions getProfiles handle error" time="0.006" classname="Chrome_126_0_0_0_(Windows_10).ControllerComponent"/>
  <testcase name="ControllerComponent should call getCallAgentTableData" time="0.004" classname="Chrome_126_0_0_0_(Windows_10).ControllerComponent"/>
  <testcase name="ControllerComponent should initialize profile options with default value" time="0.004" classname="Chrome_126_0_0_0_(Windows_10).ControllerComponent"/>
  <testcase name="ControllerComponent should generate post body correctly" time="0.003" classname="Chrome_126_0_0_0_(Windows_10).ControllerComponent"/>
  <testcase name="ControllerComponent should handle table action submission for true case" time="0.005" classname="Chrome_126_0_0_0_(Windows_10).ControllerComponent"/>
  <testcase name="ControllerComponent should submit Profile form and handle save (event === true) currentFlowThruValue === true" time="0.004" classname="Chrome_126_0_0_0_(Windows_10).ControllerComponent"/>
  <testcase name="ControllerComponent should submit Controller form and handle save (event === true)" time="0.005" classname="Chrome_126_0_0_0_(Windows_10).ControllerComponent"/>
  <testcase name="ControllerComponent should call ngOnChanges() with subscribe getGWCNodeByName_v1 if res is true" time="0.004" classname="Chrome_126_0_0_0_(Windows_10).ControllerComponent"/>
  <testcase name="ControllerComponent should subscribe to value changes flow if isChecked === false on ngOnInit" time="0.005" classname="Chrome_126_0_0_0_(Windows_10).ControllerComponent"/>
  <testcase name="ControllerComponent should give empty input error on submit Profile form and handle save (event === true) currentFlowThruValue === true " time="0.004" classname="Chrome_126_0_0_0_(Windows_10).ControllerComponent"/>
  <testcase name="ControllerComponent should submit Profile form and handle error currentFlowThruValue === false" time="0.004" classname="Chrome_126_0_0_0_(Windows_10).ControllerComponent"/>
  <testcase name="ControllerComponent should handle error" time="0.005" classname="Chrome_126_0_0_0_(Windows_10).ControllerComponent"/>
  <testcase name="ControllerComponent should call hide method on element when closeOverlayPanel is invoked" time="0.004" classname="Chrome_126_0_0_0_(Windows_10).ControllerComponent"/>
  <testcase name="ControllerComponent should submit Controller form and handle reset (event === false)" time="0.005" classname="Chrome_126_0_0_0_(Windows_10).ControllerComponent"/>
  <testcase name="ControllerComponent should call getProfileTableData with currentGwControllerName on refreshProfileTable" time="0.004" classname="Chrome_126_0_0_0_(Windows_10).ControllerComponent"/>
  <testcase name="ControllerComponent should subscribe to value changes flow if isChecked === true on ngOnInit" time="0.004" classname="Chrome_126_0_0_0_(Windows_10).ControllerComponent"/>
  <testcase name="ControllerComponent should handle table action submission for true case" time="0.003" classname="Chrome_126_0_0_0_(Windows_10).ControllerComponent"/>
  <testcase name="ControllerComponent should handle table action submission for true case" time="0.004" classname="Chrome_126_0_0_0_(Windows_10).ControllerComponent"/>
  <testcase name="ControllerComponent should submit Profile form and handle save (event === true) currentFlowThruValue === false" time="0.004" classname="Chrome_126_0_0_0_(Windows_10).ControllerComponent"/>
  <testcase name="ControllerComponent ngOnChanges getGWEStatistics handle error" time="0.004" classname="Chrome_126_0_0_0_(Windows_10).ControllerComponent"/>
  <testcase name="ControllerComponent should handle table action submission for true case" time="0.003" classname="Chrome_126_0_0_0_(Windows_10).ControllerComponent"/>
  <testcase name="ControllerComponent should submit Profile form and handle save (event === false)" time="0.004" classname="Chrome_126_0_0_0_(Windows_10).ControllerComponent"/>
  <testcase name="ControllerComponent should call getCallAgentTableData with currentGwControllerName on refreshCallAgentTable" time="0.003" classname="Chrome_126_0_0_0_(Windows_10).ControllerComponent"/>
  <testcase name="ControllerComponent should handle table action submission for true case" time="0.007" classname="Chrome_126_0_0_0_(Windows_10).ControllerComponent"/>
  <testcase name="ControllerComponent should toggle showDetailsBtn property" time="0.003" classname="Chrome_126_0_0_0_(Windows_10).ControllerComponent"/>
  <testcase name="ControllerComponent getGWCMtcControlData if" time="0.005" classname="Chrome_126_0_0_0_(Windows_10).ControllerComponent"/>
  <testcase name="ControllerComponent getGWCMtcControlData handle error" time="0.003" classname="Chrome_126_0_0_0_(Windows_10).ControllerComponent"/>
  <testcase name="ControllerComponent should populate execLineOptions correctly" time="0.004" classname="Chrome_126_0_0_0_(Windows_10).ControllerComponent"/>
  <testcase name="ControllerComponent should submit Profile form and handle error currentFlowThruValue === true" time="0.003" classname="Chrome_126_0_0_0_(Windows_10).ControllerComponent"/>
  <testcase name="ControllerComponent should subscribe to value changes gwcAuto === true on ngOnInit" time="0.004" classname="Chrome_126_0_0_0_(Windows_10).ControllerComponent"/>
  <testcase name="ControllerComponent should handle table action submission for true case" time="0.003" classname="Chrome_126_0_0_0_(Windows_10).ControllerComponent"/>
  <testcase name="ControllerComponent should subscribe to value changes gwcAuto === false on ngOnInit" time="0.004" classname="Chrome_126_0_0_0_(Windows_10).ControllerComponent"/>
  <testcase name="ControllerComponent should subscribe to value changes profiles if getFlowthroughStatus res === true on ngOnInit" time="0.003" classname="Chrome_126_0_0_0_(Windows_10).ControllerComponent"/>
  <testcase name="ControllerComponent should create" time="0.004" classname="Chrome_126_0_0_0_(Windows_10).ControllerComponent"/>
  <testcase name="ControllerComponent should handle closeDialog()" time="0.004" classname="Chrome_126_0_0_0_(Windows_10).ControllerComponent"/>
  <testcase name="ControllerComponent should handle error and call showErrorMessage getGWCNodeByName_v1" time="0.004" classname="Chrome_126_0_0_0_(Windows_10).ControllerComponent"/>
  <testcase name="ControllerComponent should handle closeErrorDialog()" time="0.003" classname="Chrome_126_0_0_0_(Windows_10).ControllerComponent"/>
  <testcase name="ControllerComponent should subscribe to value changes profiles if getFlowthroughStatus res === false on ngOnInit" time="0.004" classname="Chrome_126_0_0_0_(Windows_10).ControllerComponent"/>
  <testcase name="ControllerComponent getCallAgentTableData getGWCNodesByFilter_v1 handle error" time="0.003" classname="Chrome_126_0_0_0_(Windows_10).ControllerComponent"/>
  <testcase name="ControllerComponent should handle table action submission for false case" time="0.004" classname="Chrome_126_0_0_0_(Windows_10).ControllerComponent"/>
  <testcase name="AuthGuard should return false from isUserLogged() if sessionId is null" time="0.001" classname="Chrome_126_0_0_0_(Windows_10).AuthGuard"/>
  <testcase name="AuthGuard should allow access if user is logged in" time="0" classname="Chrome_126_0_0_0_(Windows_10).AuthGuard"/>
  <testcase name="AuthGuard should return true from isUserLogged() if sessionId exists" time="0" classname="Chrome_126_0_0_0_(Windows_10).AuthGuard"/>
  <testcase name="AuthGuard should be created" time="0" classname="Chrome_126_0_0_0_(Windows_10).AuthGuard"/>
  <testcase name="AuthGuard should prevent access when the user is not logged in" time="0" classname="Chrome_126_0_0_0_(Windows_10).AuthGuard"/>
  <testcase name="HelpComponent should call menuItemClicked" time="0.003" classname="Chrome_126_0_0_0_(Windows_10).HelpComponent"/>
  <testcase name="HelpComponent should create" time="0.002" classname="Chrome_126_0_0_0_(Windows_10).HelpComponent"/>
  <testcase name="LinesComponent should handle ngOnChanges" time="0.003" classname="Chrome_126_0_0_0_(Windows_10).LinesComponent"/>
  <testcase name="LinesComponent ngOnChanges getUnitStatus handle error" time="0.002" classname="Chrome_126_0_0_0_(Windows_10).LinesComponent"/>
  <testcase name="LinesComponent should retrieve all with error" time="0.003" classname="Chrome_126_0_0_0_(Windows_10).LinesComponent"/>
  <testcase name="LinesComponent should handle onRetrieveHandle with event = true negative limit result" time="0.003" classname="Chrome_126_0_0_0_(Windows_10).LinesComponent"/>
  <testcase name="LinesComponent should return false if the value has not been searched before" time="0.002" classname="Chrome_126_0_0_0_(Windows_10).LinesComponent"/>
  <testcase name="LinesComponent should return true if the value has been searched before" time="0.003" classname="Chrome_126_0_0_0_(Windows_10).LinesComponent"/>
  <testcase name="LinesComponent should handle onRetrieveHandle with event = true" time="0.003" classname="Chrome_126_0_0_0_(Windows_10).LinesComponent"/>
  <testcase name="LinesComponent should not call onRetriveAllHandle when retrivalCriteria is empty on refreshGatewaysTable" time="0.002" classname="Chrome_126_0_0_0_(Windows_10).LinesComponent"/>
  <testcase name="LinesComponent should handle onRetrieveHandle === false" time="0.005" classname="Chrome_126_0_0_0_(Windows_10).LinesComponent"/>
  <testcase name="LinesComponent should add a new item to searchLinesHistory and update sessionStorage if criteria is valid" time="0.004" classname="Chrome_126_0_0_0_(Windows_10).LinesComponent"/>
  <testcase name="LinesComponent should call onRetrieveHandle when retrivalCriteria is not empty on refreshGatewaysTable" time="0.004" classname="Chrome_126_0_0_0_(Windows_10).LinesComponent"/>
  <testcase name="LinesComponent should closeRetrieveHandleErrorDialog()" time="0.003" classname="Chrome_126_0_0_0_(Windows_10).LinesComponent"/>
  <testcase name="LinesComponent getLinesDataRetrive handle error" time="0.002" classname="Chrome_126_0_0_0_(Windows_10).LinesComponent"/>
  <testcase name="LinesComponent should retrieve all" time="0.004" classname="Chrome_126_0_0_0_(Windows_10).LinesComponent"/>
  <testcase name="LinesComponent should showOrHideButtonClick()" time="0.003" classname="Chrome_126_0_0_0_(Windows_10).LinesComponent"/>
  <testcase name="LinesComponent should create" time="0.002" classname="Chrome_126_0_0_0_(Windows_10).LinesComponent"/>
  <testcase name="LinesComponent should handle ngOnInit()" time="0.005" classname="Chrome_126_0_0_0_(Windows_10).LinesComponent"/>
  <testcase name="SearchComponent should create" time="0.003" classname="Chrome_126_0_0_0_(Windows_10).SearchComponent"/>
  <testcase name="InterfaceToCarrierComponent should clear data if event is false" time="0.007" classname="Chrome_126_0_0_0_(Windows_10).InterfaceToCarrierComponent"/>
  <testcase name="InterfaceToCarrierComponent should get table data error " time="0.002" classname="Chrome_126_0_0_0_(Windows_10).InterfaceToCarrierComponent"/>
  <testcase name="InterfaceToCarrierComponent should update data and set isInprocess to false on successful service call" time="0.003" classname="Chrome_126_0_0_0_(Windows_10).InterfaceToCarrierComponent"/>
  <testcase name="InterfaceToCarrierComponent should create" time="0.003" classname="Chrome_126_0_0_0_(Windows_10).InterfaceToCarrierComponent"/>
  <testcase name="InterfaceToCarrierComponent should call getTableData if event is true" time="0.002" classname="Chrome_126_0_0_0_(Windows_10).InterfaceToCarrierComponent"/>
  <testcase name="SelectAuditComponent should call getAuditConfigurationByConditions" time="0.032" classname="Chrome_126_0_0_0_(Windows_10).SelectAuditComponent"/>
  <testcase name="SelectAuditComponent should call processAudit" time="0.037" classname="Chrome_126_0_0_0_(Windows_10).SelectAuditComponent"/>
  <testcase name="SelectAuditComponent should call doSaveScheduledAudit" time="0.032" classname="Chrome_126_0_0_0_(Windows_10).SelectAuditComponent"/>
  <testcase name="SelectAuditComponent should call checkRunningAudit" time="0.032" classname="Chrome_126_0_0_0_(Windows_10).SelectAuditComponent"/>
  <testcase name="SelectAuditComponent should call handleChangeGranularAuditData" time="0.03" classname="Chrome_126_0_0_0_(Windows_10).SelectAuditComponent"/>
  <testcase name="SelectAuditComponent should call handleAbort" time="0.028" classname="Chrome_126_0_0_0_(Windows_10).SelectAuditComponent"/>
  <testcase name="SelectAuditComponent should call handleRunAuditNow" time="0.025" classname="Chrome_126_0_0_0_(Windows_10).SelectAuditComponent"/>
  <testcase name="SelectAuditComponent should call doRunNowScheduledAudit" time="0.027" classname="Chrome_126_0_0_0_(Windows_10).SelectAuditComponent"/>
  <testcase name="SelectAuditComponent should create" time="0.026" classname="Chrome_126_0_0_0_(Windows_10).SelectAuditComponent"/>
  <testcase name="SelectAuditComponent should call showConfirmRunAuditNow" time="0.032" classname="Chrome_126_0_0_0_(Windows_10).SelectAuditComponent"/>
  <testcase name="SelectAuditComponent should call doGetAuditConfiguration" time="0.031" classname="Chrome_126_0_0_0_(Windows_10).SelectAuditComponent"/>
  <testcase name="SelectAuditComponent should call showConfirmAbort" time="0.029" classname="Chrome_126_0_0_0_(Windows_10).SelectAuditComponent"/>
  <testcase name="AssociateDialogComponent should disable/enable reservedTermination" time="0.005" classname="Chrome_126_0_0_0_(Windows_10).AssociateDialogComponent"/>
  <testcase name="AssociateDialogComponent should set showPEPServerALG property correctly for false value" time="0.005" classname="Chrome_126_0_0_0_(Windows_10).AssociateDialogComponent"/>
  <testcase name="AssociateDialogComponent should set showLGRPLocationPanel property correctly" time="0.003" classname="Chrome_126_0_0_0_(Windows_10).AssociateDialogComponent"/>
  <testcase name="AssociateDialogComponent should close add error dialog and set showDetailsBtn to true" time="0.002" classname="Chrome_126_0_0_0_(Windows_10).AssociateDialogComponent"/>
  <testcase name="AssociateDialogComponent should show error message when secipAddress is empty" time="0.003" classname="Chrome_126_0_0_0_(Windows_10).AssociateDialogComponent"/>
  <testcase name="AssociateDialogComponent should set maxEndpoints property correctly" time="0.004" classname="Chrome_126_0_0_0_(Windows_10).AssociateDialogComponent"/>
  <testcase name="AssociateDialogComponent should create" time="0.003" classname="Chrome_126_0_0_0_(Windows_10).AssociateDialogComponent"/>
  <testcase name="AssociateDialogComponent should hide success confirm dialog and close associate dialog" time="0.003" classname="Chrome_126_0_0_0_(Windows_10).AssociateDialogComponent"/>
  <testcase name="AssociateDialogComponent should create the request body throw error" time="0.003" classname="Chrome_126_0_0_0_(Windows_10).AssociateDialogComponent"/>
  <testcase name="AssociateDialogComponent should close dialog and reset form properties correctly" time="0.002" classname="Chrome_126_0_0_0_(Windows_10).AssociateDialogComponent"/>
  <testcase name="AssociateDialogComponent should subscribe to form statusChanges disable the button" time="0.002" classname="Chrome_126_0_0_0_(Windows_10).AssociateDialogComponent"/>
  <testcase name="AssociateDialogComponent should set showSignalingGatewayPanel property correctly" time="0.004" classname="Chrome_126_0_0_0_(Windows_10).AssociateDialogComponent"/>
  <testcase name="AssociateDialogComponent should set showTGRPPanel property correctly" time="0.003" classname="Chrome_126_0_0_0_(Windows_10).AssociateDialogComponent"/>
  <testcase name="AssociateDialogComponent should set pep_alg_radioValue property correctly" time="0.003" classname="Chrome_126_0_0_0_(Windows_10).AssociateDialogComponent"/>
  <testcase name="AssociateDialogComponent should toggle showDetailsBtn on showOrHideButtonClick" time="0.002" classname="Chrome_126_0_0_0_(Windows_10).AssociateDialogComponent"/>
  <testcase name="AssociateDialogComponent should handle audit " time="0.004" classname="Chrome_126_0_0_0_(Windows_10).AssociateDialogComponent"/>
  <testcase name="AssociateDialogComponent should create the request body throw error" time="0.003" classname="Chrome_126_0_0_0_(Windows_10).AssociateDialogComponent"/>
  <testcase name="AssociateDialogComponent should handle API error" time="0.002" classname="Chrome_126_0_0_0_(Windows_10).AssociateDialogComponent"/>
  <testcase name="AssociateDialogComponent should fetch gateway information options throws error" time="0.009" classname="Chrome_126_0_0_0_(Windows_10).AssociateDialogComponent"/>
  <testcase name="AssociateDialogComponent should check if audit is running when event is true or close dialog on false" time="0.003" classname="Chrome_126_0_0_0_(Windows_10).AssociateDialogComponent"/>
  <testcase name="AssociateDialogComponent should set showGwcBackup property correctly" time="0.004" classname="Chrome_126_0_0_0_(Windows_10).AssociateDialogComponent"/>
  <testcase name="AssociateDialogComponent should run checkIpAddress" time="0.003" classname="Chrome_126_0_0_0_(Windows_10).AssociateDialogComponent"/>
  <testcase name="AssociateDialogComponent should genbandProfileCheckingUnits runs correctly" time="0.005" classname="Chrome_126_0_0_0_(Windows_10).AssociateDialogComponent"/>
  <testcase name="AssociateDialogComponent should set signalProtocols property correctly" time="0.004" classname="Chrome_126_0_0_0_(Windows_10).AssociateDialogComponent"/>
  <testcase name="AssociateDialogComponent should genbandProfileNamesValidation getGwcError" time="0.004" classname="Chrome_126_0_0_0_(Windows_10).AssociateDialogComponent"/>
  <testcase name="AssociateDialogComponent should set selectedSiteNames property correctly" time="0.005" classname="Chrome_126_0_0_0_(Windows_10).AssociateDialogComponent"/>
  <testcase name="AssociateDialogComponent should IFGWIPEMTpy run correctly" time="0.005" classname="Chrome_126_0_0_0_(Windows_10).AssociateDialogComponent"/>
  <testcase name="AssociateDialogComponent should show error message when secip 0000  " time="0.003" classname="Chrome_126_0_0_0_(Windows_10).AssociateDialogComponent"/>
  <testcase name="AssociateDialogComponent should handle genbandConfirmDialogEvent true" time="0.006" classname="Chrome_126_0_0_0_(Windows_10).AssociateDialogComponent"/>
  <testcase name="AssociateDialogComponent should genbandProfileNamesValidation" time="0.003" classname="Chrome_126_0_0_0_(Windows_10).AssociateDialogComponent"/>
  <testcase name="AssociateDialogComponent should set showGRPanel property correctly" time="0.003" classname="Chrome_126_0_0_0_(Windows_10).AssociateDialogComponent"/>
  <testcase name="AssociateDialogComponent should show error message when mgsec is empty " time="0.003" classname="Chrome_126_0_0_0_(Windows_10).AssociateDialogComponent"/>
  <testcase name="AssociateDialogComponent should run checkbakcup " time="0.003" classname="Chrome_126_0_0_0_(Windows_10).AssociateDialogComponent"/>
  <testcase name="AssociateDialogComponent should subscribe to form statusChanges and update controllerName when showDialog changes" time="0.004" classname="Chrome_126_0_0_0_(Windows_10).AssociateDialogComponent"/>
  <testcase name="AssociateDialogComponent should return protocol value when protocol type is found" time="0.003" classname="Chrome_126_0_0_0_(Windows_10).AssociateDialogComponent"/>
  <testcase name="AssociateDialogComponent should create the request body with correct values" time="0.003" classname="Chrome_126_0_0_0_(Windows_10).AssociateDialogComponent"/>
  <testcase name="AssociateDialogComponent should handle genbandConfirmDialogEvent false" time="0.003" classname="Chrome_126_0_0_0_(Windows_10).AssociateDialogComponent"/>
  <testcase name="AssociateDialogComponent should return &quot;undefined&quot; when protocol type is not found" time="0.003" classname="Chrome_126_0_0_0_(Windows_10).AssociateDialogComponent"/>
  <testcase name="NetworkConfigurationComponent should initialize page header" time="0.003" classname="Chrome_126_0_0_0_(Windows_10).NetworkConfigurationComponent"/>
  <testcase name="NetworkConfigurationComponent should closeGeneralNetworkSettings()" time="0.004" classname="Chrome_126_0_0_0_(Windows_10).NetworkConfigurationComponent"/>
  <testcase name="NetworkConfigurationComponent should create" time="0.002" classname="Chrome_126_0_0_0_(Windows_10).NetworkConfigurationComponent"/>
  <testcase name="RingViewComponent should disable the button when the event matches the first item in identifiers" time="0.003" classname="Chrome_126_0_0_0_(Windows_10).RingViewComponent"/>
  <testcase name="RingViewComponent should enable the button when the event does not match the first item in identifiers" time="0.002" classname="Chrome_126_0_0_0_(Windows_10).RingViewComponent"/>
  <testcase name="RingViewComponent should call deleteRing and closeDialog if event is true" time="0.003" classname="Chrome_126_0_0_0_(Windows_10).RingViewComponent"/>
  <testcase name="RingViewComponent should close dialog without calling getIdentifiers if isChanged is false" time="0.003" classname="Chrome_126_0_0_0_(Windows_10).RingViewComponent"/>
  <testcase name="RingViewComponent should close dialog and call getIdentifiers if isChanged is true" time="0.002" classname="Chrome_126_0_0_0_(Windows_10).RingViewComponent"/>
  <testcase name="RingViewComponent should initialize page header" time="0.002" classname="Chrome_126_0_0_0_(Windows_10).RingViewComponent"/>
  <testcase name="RingViewComponent should set isShowAddRing to true when openAddDialog is called" time="0.002" classname="Chrome_126_0_0_0_(Windows_10).RingViewComponent"/>
  <testcase name="RingViewComponent should create" time="0.004" classname="Chrome_126_0_0_0_(Windows_10).RingViewComponent"/>
  <testcase name="RingViewComponent should set isShowDeleteRing to true when openDeleteDialog is called" time="0.002" classname="Chrome_126_0_0_0_(Windows_10).RingViewComponent"/>
  <testcase name="RingViewComponent should call showApiError if the request returns an error" time="0.001" classname="Chrome_126_0_0_0_(Windows_10).RingViewComponent"/>
  <testcase name="RingViewComponent should set identifiers and call  if the request is successful but has Validation error" time="0.001" classname="Chrome_126_0_0_0_(Windows_10).RingViewComponent"/>
  <testcase name="RingViewComponent should  closeDialog if event is false" time="0.003" classname="Chrome_126_0_0_0_(Windows_10).RingViewComponent"/>
  <testcase name="RingViewComponent should call showErrorMessage if deleteRing returns an error" time="0.003" classname="Chrome_126_0_0_0_(Windows_10).RingViewComponent"/>
  <testcase name="GetInformationService should be created" time="0.001" classname="Chrome_126_0_0_0_(Windows_10).GetInformationService"/>
  <testcase name="GetInformationService should be call getInformation" time="0" classname="Chrome_126_0_0_0_(Windows_10).GetInformationService"/>
  <testcase name="GetInformationService should be call parseProject" time="0.001" classname="Chrome_126_0_0_0_(Windows_10).GetInformationService"/>
  <testcase name="GetInformationService should be call parseVersion" time="0" classname="Chrome_126_0_0_0_(Windows_10).GetInformationService"/>
  <testcase name="GetInformationService should be call parseBanner" time="0.001" classname="Chrome_126_0_0_0_(Windows_10).GetInformationService"/>
  <testcase name="PepserverAlgComponent should create" time="0.002" classname="Chrome_126_0_0_0_(Windows_10).PepserverAlgComponent"/>
  <testcase name="PepserverAlgComponent should emit pep_alg value" time="0.003" classname="Chrome_126_0_0_0_(Windows_10).PepserverAlgComponent"/>
  <testcase name="ProvisioningComponent should create" time="0.003" classname="Chrome_126_0_0_0_(Windows_10).ProvisioningComponent"/>
  <testcase name="FormFooterComponent should call primaryButtonClick" time="0.004" classname="Chrome_126_0_0_0_(Windows_10).FormFooterComponent"/>
  <testcase name="FormFooterComponent should emit false when secondButtonClick is called" time="0.003" classname="Chrome_126_0_0_0_(Windows_10).FormFooterComponent"/>
  <testcase name="FormFooterComponent should create" time="0.002" classname="Chrome_126_0_0_0_(Windows_10).FormFooterComponent"/>
  <testcase name="MaintenanceComponent should handle errors correctly when API calls (getUnitStatus) fail" time="0.009" classname="Chrome_126_0_0_0_(Windows_10).MaintenanceComponent"/>
  <testcase name="MaintenanceComponent should handle ngOnChanges()>getGWCLoadName2 errors by calling commonService.showAPIError" time="0.002" classname="Chrome_126_0_0_0_(Windows_10).MaintenanceComponent"/>
  <testcase name="MaintenanceComponent should refresh GWC status" time="0.002" classname="Chrome_126_0_0_0_(Windows_10).MaintenanceComponent"/>
  <testcase name="MaintenanceComponent should not refresh GWC status" time="0.003" classname="Chrome_126_0_0_0_(Windows_10).MaintenanceComponent"/>
  <testcase name="MaintenanceComponent should set overallStatus to &quot;&lt;unknown>&quot; if it is not suitable the all case" time="0.003" classname="Chrome_126_0_0_0_(Windows_10).MaintenanceComponent"/>
  <testcase name="MaintenanceComponent should set activeUnit = Unit 0" time="0.002" classname="Chrome_126_0_0_0_(Windows_10).MaintenanceComponent"/>
  <testcase name="MaintenanceComponent should set overallStatus to &quot;In Service&quot; when both readyStates are &quot;inService(1)&quot;" time="0.002" classname="Chrome_126_0_0_0_(Windows_10).MaintenanceComponent"/>
  <testcase name="MaintenanceComponent should set overallStatus to &quot;Degraded&quot; if either unit is inService(1)  and activeUnit = Unit 1" time="0.002" classname="Chrome_126_0_0_0_(Windows_10).MaintenanceComponent"/>
  <testcase name="MaintenanceComponent should unsubscribe from refreshGwcSubscription on ngOnDestroy" time="0.004" classname="Chrome_126_0_0_0_(Windows_10).MaintenanceComponent"/>
  <testcase name="MaintenanceComponent should set overallStatus to &quot;Out Of Service&quot; when both readyStates are &quot;outOfService&quot;" time="0.003" classname="Chrome_126_0_0_0_(Windows_10).MaintenanceComponent"/>
  <testcase name="MaintenanceComponent should call APIs and set loadNameUnit0 and loadNameUnit1 to &lt;unknown>" time="0.002" classname="Chrome_126_0_0_0_(Windows_10).MaintenanceComponent"/>
  <testcase name="MaintenanceComponent should create" time="0.003" classname="Chrome_126_0_0_0_(Windows_10).MaintenanceComponent"/>
  <testcase name="MaintenanceComponent should handle errors correctly when API calls (getLoadNameVersion) fail" time="0.003" classname="Chrome_126_0_0_0_(Windows_10).MaintenanceComponent"/>
  <testcase name="CarrierToInterfaceComponent should call getTableDatas if form is valid" time="0.003" classname="Chrome_126_0_0_0_(Windows_10).CarrierToInterfaceComponent"/>
  <testcase name="CarrierToInterfaceComponent should initialize the form with default values and subscribe to wildCard changes" time="0.003" classname="Chrome_126_0_0_0_(Windows_10).CarrierToInterfaceComponent"/>
  <testcase name="CarrierToInterfaceComponent should clear the data array" time="0.003" classname="Chrome_126_0_0_0_(Windows_10).CarrierToInterfaceComponent"/>
  <testcase name="CarrierToInterfaceComponent should show api error on get error" time="0.002" classname="Chrome_126_0_0_0_(Windows_10).CarrierToInterfaceComponent"/>
  <testcase name="CarrierToInterfaceComponent should create" time="0.003" classname="Chrome_126_0_0_0_(Windows_10).CarrierToInterfaceComponent"/>
  <testcase name="CarrierToInterfaceComponent should populate data on successful service call" time="0.002" classname="Chrome_126_0_0_0_(Windows_10).CarrierToInterfaceComponent"/>
  <testcase name="CarrierToInterfaceComponent should give error  gateway error message on getTableDatas if gateway is invalid" time="0.003" classname="Chrome_126_0_0_0_(Windows_10).CarrierToInterfaceComponent"/>
  <testcase name="CarrierToInterfaceComponent should give error  carrier error message on getTableDatas if carrier is invalid" time="0.004" classname="Chrome_126_0_0_0_(Windows_10).CarrierToInterfaceComponent"/>
  <testcase name="AddGwcNodeComponent should call getDatas when isShowNewGWCNodeDialog is true" time="0.004" classname="Chrome_126_0_0_0_(Windows_10).AddGwcNodeComponent"/>
  <testcase name="AddGwcNodeComponent should call getGatewayControllerProfileData and getFlowthroughStatus" time="0.004" classname="Chrome_126_0_0_0_(Windows_10).AddGwcNodeComponent"/>
  <testcase name="AddGwcNodeComponent should show error message if codec invalid" time="0.004" classname="Chrome_126_0_0_0_(Windows_10).AddGwcNodeComponent"/>
  <testcase name="AddGwcNodeComponent should disable button when event is falsy" time="0.005" classname="Chrome_126_0_0_0_(Windows_10).AddGwcNodeComponent"/>
  <testcase name="AddGwcNodeComponent should show error message if profile invalid" time="0.003" classname="Chrome_126_0_0_0_(Windows_10).AddGwcNodeComponent"/>
  <testcase name="AddGwcNodeComponent should call initForm when ngOnChanges is called" time="0.003" classname="Chrome_126_0_0_0_(Windows_10).AddGwcNodeComponent"/>
  <testcase name="AddGwcNodeComponent should get flowCheckBox value" time="0.004" classname="Chrome_126_0_0_0_(Windows_10).AddGwcNodeComponent"/>
  <testcase name="AddGwcNodeComponent should close dialog and perform cleanup" time="0.003" classname="Chrome_126_0_0_0_(Windows_10).AddGwcNodeComponent"/>
  <testcase name="AddGwcNodeComponent should create" time="0.004" classname="Chrome_126_0_0_0_(Windows_10).AddGwcNodeComponent"/>
  <testcase name="AddGwcNodeComponent should set isFlowThrough on successful API call" time="0.004" classname="Chrome_126_0_0_0_(Windows_10).AddGwcNodeComponent"/>
  <testcase name="AddGwcNodeComponent should send add request " time="0.004" classname="Chrome_126_0_0_0_(Windows_10).AddGwcNodeComponent"/>
  <testcase name="AddGwcNodeComponent should get gwcAdressName control" time="0.004" classname="Chrome_126_0_0_0_(Windows_10).AddGwcNodeComponent"/>
  <testcase name="AddGwcNodeComponent should handle API error" time="0.005" classname="Chrome_126_0_0_0_(Windows_10).AddGwcNodeComponent"/>
  <testcase name="AddGwcNodeComponent should disable gwcAdressName when event is falsy" time="0.004" classname="Chrome_126_0_0_0_(Windows_10).AddGwcNodeComponent"/>
  <testcase name="AddGwcNodeComponent should handle API error and show error message" time="0.003" classname="Chrome_126_0_0_0_(Windows_10).AddGwcNodeComponent"/>
  <testcase name="AddGwcNodeComponent should call addGWCtoCSsync" time="0.005" classname="Chrome_126_0_0_0_(Windows_10).AddGwcNodeComponent"/>
  <testcase name="AddGwcNodeComponent should get gwcCodecProfile control" time="0.004" classname="Chrome_126_0_0_0_(Windows_10).AddGwcNodeComponent"/>
  <testcase name="AddGwcNodeComponent should set properties and form controls on successful API call" time="0.003" classname="Chrome_126_0_0_0_(Windows_10).AddGwcNodeComponent"/>
  <testcase name="AddGwcNodeComponent should enable gwcAdressName when event is truthy" time="0.003" classname="Chrome_126_0_0_0_(Windows_10).AddGwcNodeComponent"/>
  <testcase name="AddGwcNodeComponent should refreshTable call profiledatas" time="0.003" classname="Chrome_126_0_0_0_(Windows_10).AddGwcNodeComponent"/>
  <testcase name="AddGwcNodeComponent should get profile control" time="0.003" classname="Chrome_126_0_0_0_(Windows_10).AddGwcNodeComponent"/>
  <testcase name="AddGwcNodeComponent closeAddErrorDialog should close dialog" time="0.004" classname="Chrome_126_0_0_0_(Windows_10).AddGwcNodeComponent"/>
  <testcase name="AddGwcNodeComponent should get defaultDomainName value" time="0.003" classname="Chrome_126_0_0_0_(Windows_10).AddGwcNodeComponent"/>
  <testcase name="AddGwcNodeComponent should set gwcProfiles on successful API call" time="0.005" classname="Chrome_126_0_0_0_(Windows_10).AddGwcNodeComponent"/>
  <testcase name="AddGwcNodeComponent should get controllerName value" time="0.004" classname="Chrome_126_0_0_0_(Windows_10).AddGwcNodeComponent"/>
  <testcase name="AddGwcNodeComponent should enable button when event is truthy" time="0.003" classname="Chrome_126_0_0_0_(Windows_10).AddGwcNodeComponent"/>
  <testcase name="AddGwcNodeComponent should closed dialog if there is no controller on response" time="0.005" classname="Chrome_126_0_0_0_(Windows_10).AddGwcNodeComponent"/>
  <testcase name="AddGwcNodeComponent should set codecProfiles on successful API call" time="0.005" classname="Chrome_126_0_0_0_(Windows_10).AddGwcNodeComponent"/>
  <testcase name="AddGwcNodeComponent should call all three API methods" time="0.004" classname="Chrome_126_0_0_0_(Windows_10).AddGwcNodeComponent"/>
  <testcase name="AddGwcNodeComponent should call addGWCtoCSsyncV2" time="0.004" classname="Chrome_126_0_0_0_(Windows_10).AddGwcNodeComponent"/>
  <testcase name="AddGwcNodeComponent should handle API error" time="0.003" classname="Chrome_126_0_0_0_(Windows_10).AddGwcNodeComponent"/>
  <testcase name="AddGwcNodeComponent should give error if api request has error" time="0.005" classname="Chrome_126_0_0_0_(Windows_10).AddGwcNodeComponent"/>
  <testcase name="AddGwcNodeComponent should closeDialog onFormSubmit false " time="0.004" classname="Chrome_126_0_0_0_(Windows_10).AddGwcNodeComponent"/>
  <testcase name="AddGwcNodeComponent should call getLabMode and if request is false should call getGWCsConfiguredOnShelf" time="0.003" classname="Chrome_126_0_0_0_(Windows_10).AddGwcNodeComponent"/>
  <testcase name="AddGwcNodeComponent should showOrHideButton work" time="0.004" classname="Chrome_126_0_0_0_(Windows_10).AddGwcNodeComponent"/>
  <testcase name="AddGwcNodeComponent should call getLabMode and if request is false should call getGWCsConfiguredOnShelf" time="0.004" classname="Chrome_126_0_0_0_(Windows_10).AddGwcNodeComponent"/>
  <testcase name="ScheduledAuditsComponent should call doRefreshDataTable" time="0.035" classname="Chrome_126_0_0_0_(Windows_10).ScheduledAuditsComponent"/>
  <testcase name="ScheduledAuditsComponent should call showConfirmDelete" time="0.031" classname="Chrome_126_0_0_0_(Windows_10).ScheduledAuditsComponent"/>
  <testcase name="ScheduledAuditsComponent should call setStateButtonSave" time="0.032" classname="Chrome_126_0_0_0_(Windows_10).ScheduledAuditsComponent"/>
  <testcase name="ScheduledAuditsComponent should call getScheduledAuditsData case Monthly" time="0.034" classname="Chrome_126_0_0_0_(Windows_10).ScheduledAuditsComponent"/>
  <testcase name="ScheduledAuditsComponent should call getScheduledAuditsData case weekly" time="0.039" classname="Chrome_126_0_0_0_(Windows_10).ScheduledAuditsComponent"/>
  <testcase name="ScheduledAuditsComponent should call getScheduledAuditsData case daily" time="0.07" classname="Chrome_126_0_0_0_(Windows_10).ScheduledAuditsComponent"/>
  <testcase name="ScheduledAuditsComponent should create" time="0.041" classname="Chrome_126_0_0_0_(Windows_10).ScheduledAuditsComponent"/>
  <testcase name="ScheduledAuditsComponent should call closeDialog" time="0.046" classname="Chrome_126_0_0_0_(Windows_10).ScheduledAuditsComponent"/>
  <testcase name="ScheduledAuditsComponent should call handleChangeAudit" time="0.043" classname="Chrome_126_0_0_0_(Windows_10).ScheduledAuditsComponent"/>
  <testcase name="ScheduledAuditsComponent should call doGetAuditConfiguration" time="0.067" classname="Chrome_126_0_0_0_(Windows_10).ScheduledAuditsComponent"/>
  <testcase name="CarriersComponent should call closeDeleteErrorDialog()" time="0.007" classname="Chrome_126_0_0_0_(Windows_10).CarriersComponent"/>
  <testcase name="CarriersComponent should call closeDeleteSuccessDialog()" time="0.006" classname="Chrome_126_0_0_0_(Windows_10).CarriersComponent"/>
  <testcase name="CarriersComponent should call closeDeleteConfirmDialog()" time="0.004" classname="Chrome_126_0_0_0_(Windows_10).CarriersComponent"/>
  <testcase name="CarriersComponent should call closeAddSuccessDialog()" time="0.005" classname="Chrome_126_0_0_0_(Windows_10).CarriersComponent"/>
  <testcase name="CarriersComponent should call deleteDialogFooterHandler() with event=true" time="0.004" classname="Chrome_126_0_0_0_(Windows_10).CarriersComponent"/>
  <testcase name="CarriersComponent should call showOrHideButtonClick()" time="0.005" classname="Chrome_126_0_0_0_(Windows_10).CarriersComponent"/>
  <testcase name="CarriersComponent should call deleteDialogFooterHandler() with event=false" time="0.005" classname="Chrome_126_0_0_0_(Windows_10).CarriersComponent"/>
  <testcase name="CarriersComponent should call deleteCarrier() res = 0" time="0.005" classname="Chrome_126_0_0_0_(Windows_10).CarriersComponent"/>
  <testcase name="CarriersComponent should call addCarrier() with error and set messageText, detailsText, and errorTitle" time="0.006" classname="Chrome_126_0_0_0_(Windows_10).CarriersComponent"/>
  <testcase name="CarriersComponent should call deleteCarrier() res = 5" time="0.005" classname="Chrome_126_0_0_0_(Windows_10).CarriersComponent"/>
  <testcase name="CarriersComponent should enable numberOfPorts when h323 is checked" time="0.005" classname="Chrome_126_0_0_0_(Windows_10).CarriersComponent"/>
  <testcase name="CarriersComponent should call closeAddCarrier()" time="0.006" classname="Chrome_126_0_0_0_(Windows_10).CarriersComponent"/>
  <testcase name="CarriersComponent should call addCarrierFormFooterHandler() with event=false" time="0.005" classname="Chrome_126_0_0_0_(Windows_10).CarriersComponent"/>
  <testcase name="CarriersComponent should call deleteCarrier() with error" time="0.005" classname="Chrome_126_0_0_0_(Windows_10).CarriersComponent"/>
  <testcase name="CarriersComponent should retrieve all with error" time="0.006" classname="Chrome_126_0_0_0_(Windows_10).CarriersComponent"/>
  <testcase name="CarriersComponent should enable numberOfPorts when voipVPN is checked" time="0.004" classname="Chrome_126_0_0_0_(Windows_10).CarriersComponent"/>
  <testcase name="CarriersComponent should return false if the value has not been searched before" time="0.004" classname="Chrome_126_0_0_0_(Windows_10).CarriersComponent"/>
  <testcase name="CarriersComponent should call onRetrieveHandle when retrivalCriteria is not empty on refreshGatewaysTable" time="0.005" classname="Chrome_126_0_0_0_(Windows_10).CarriersComponent"/>
  <testcase name="CarriersComponent should disable numberOfPorts and reset its value when h323 is unchecked" time="0.005" classname="Chrome_126_0_0_0_(Windows_10).CarriersComponent"/>
  <testcase name="CarriersComponent should return true if the value has been searched before" time="0.004" classname="Chrome_126_0_0_0_(Windows_10).CarriersComponent"/>
  <testcase name="CarriersComponent should call addCarrier() with h323" time="0.007" classname="Chrome_126_0_0_0_(Windows_10).CarriersComponent"/>
  <testcase name="CarriersComponent should call addCarrierFormFooterHandler() with event=true" time="0.004" classname="Chrome_126_0_0_0_(Windows_10).CarriersComponent"/>
  <testcase name="CarriersComponent should call deleteCarrier() res = 10" time="0.004" classname="Chrome_126_0_0_0_(Windows_10).CarriersComponent"/>
  <testcase name="CarriersComponent should call addCarrier() with voipVPN" time="0.005" classname="Chrome_126_0_0_0_(Windows_10).CarriersComponent"/>
  <testcase name="CarriersComponent should call addCarrier() with priDpnss" time="0.004" classname="Chrome_126_0_0_0_(Windows_10).CarriersComponent"/>
  <testcase name="CarriersComponent should retrieve all" time="0.005" classname="Chrome_126_0_0_0_(Windows_10).CarriersComponent"/>
  <testcase name="CarriersComponent should disable numberOfPorts and reset its value when voipVPN is unchecked" time="0.005" classname="Chrome_126_0_0_0_(Windows_10).CarriersComponent"/>
  <testcase name="CarriersComponent should call getNodeNumber() with error" time="0.005" classname="Chrome_126_0_0_0_(Windows_10).CarriersComponent"/>
  <testcase name="CarriersComponent should call addNewCarrierBtn()" time="0.005" classname="Chrome_126_0_0_0_(Windows_10).CarriersComponent"/>
  <testcase name="CarriersComponent should add a new item to searchCarriersHistory and update sessionStorage if criteria is valid, onRetrieveHandle" time="0.005" classname="Chrome_126_0_0_0_(Windows_10).CarriersComponent"/>
  <testcase name="CarriersComponent should handle onRetrieveHandle === false" time="0.005" classname="Chrome_126_0_0_0_(Windows_10).CarriersComponent"/>
  <testcase name="CarriersComponent should call getNodeNumber()" time="0.004" classname="Chrome_126_0_0_0_(Windows_10).CarriersComponent"/>
  <testcase name="CarriersComponent should handle onRetrieveHandle with event = true" time="0.006" classname="Chrome_126_0_0_0_(Windows_10).CarriersComponent"/>
  <testcase name="CarriersComponent should call getDisplayCarriersData() with error" time="0.004" classname="Chrome_126_0_0_0_(Windows_10).CarriersComponent"/>
  <testcase name="CarriersComponent should call deleteCarrier() res = 9" time="0.005" classname="Chrome_126_0_0_0_(Windows_10).CarriersComponent"/>
  <testcase name="CarriersComponent should handle onRetrieveHandle with event = true negative limit result" time="0.005" classname="Chrome_126_0_0_0_(Windows_10).CarriersComponent"/>
  <testcase name="CarriersComponent should call getDisplayCarriersData()" time="0.005" classname="Chrome_126_0_0_0_(Windows_10).CarriersComponent"/>
  <testcase name="CarriersComponent should call closeErrorDialog()" time="0.004" classname="Chrome_126_0_0_0_(Windows_10).CarriersComponent"/>
  <testcase name="CarriersComponent should set data property to an empty array for each element in the input array, removeDataColumn()" time="0.006" classname="Chrome_126_0_0_0_(Windows_10).CarriersComponent"/>
  <testcase name="CarriersComponent ngOnChanges getUnitStatus handle error" time="0.004" classname="Chrome_126_0_0_0_(Windows_10).CarriersComponent"/>
  <testcase name="CarriersComponent should call fetchChildItem() length is available" time="0.004" classname="Chrome_126_0_0_0_(Windows_10).CarriersComponent"/>
  <testcase name="CarriersComponent should not call onRetriveAllHandle when retrivalCriteria is empty on refreshGatewaysTable" time="0.005" classname="Chrome_126_0_0_0_(Windows_10).CarriersComponent"/>
  <testcase name="CarriersComponent should handle ngOnChanges" time="0.004" classname="Chrome_126_0_0_0_(Windows_10).CarriersComponent"/>
  <testcase name="CarriersComponent should load searchCarriersHistory from sessionStorage on ngOnInit" time="0.005" classname="Chrome_126_0_0_0_(Windows_10).CarriersComponent"/>
  <testcase name="CarriersComponent should initV52UnsupportCols" time="0.006" classname="Chrome_126_0_0_0_(Windows_10).CarriersComponent"/>
  <testcase name="CarriersComponent should disable numberOfPorts and reset its value when priDpnss is unchecked" time="0.004" classname="Chrome_126_0_0_0_(Windows_10).CarriersComponent"/>
  <testcase name="CarriersComponent should checkV52Supported, returns error" time="0.004" classname="Chrome_126_0_0_0_(Windows_10).CarriersComponent"/>
  <testcase name="CarriersComponent should create" time="0.005" classname="Chrome_126_0_0_0_(Windows_10).CarriersComponent"/>
  <testcase name="CarriersComponent should enable numberOfPorts when priDpnss is checked" time="0.006" classname="Chrome_126_0_0_0_(Windows_10).CarriersComponent"/>
  <testcase name="CarriersComponent should checkV52Supported, returns false" time="0.004" classname="Chrome_126_0_0_0_(Windows_10).CarriersComponent"/>
  <testcase name="TopHeaderService should be created" time="0.001" classname="Chrome_126_0_0_0_(Windows_10).TopHeaderService"/>
  <testcase name="TopHeaderService should call getStringDataBody with correct URL when getSoftwareInfo is called" time="0" classname="Chrome_126_0_0_0_(Windows_10).TopHeaderService"/>
  <testcase name="LoginComponent should create" time="0.01" classname="Chrome_126_0_0_0_(Windows_10).LoginComponent"/>
  <testcase name="LoginComponent should call getCLLI failed" time="0.008" classname="Chrome_126_0_0_0_(Windows_10).LoginComponent"/>
  <testcase name="LoginComponent should call onSuccessfulLogin" time="0.009" classname="Chrome_126_0_0_0_(Windows_10).LoginComponent"/>
  <testcase name="SmallLineDataIntegrityAuditComponent should create" time="0.004" classname="Chrome_126_0_0_0_(Windows_10).SmallLineDataIntegrityAuditComponent"/>
  <testcase name="AuditService should call postAudit" time="0.001" classname="Chrome_126_0_0_0_(Windows_10).AuditService"/>
  <testcase name="AuditService should call getlastRunTime" time="0" classname="Chrome_126_0_0_0_(Windows_10).AuditService"/>
  <testcase name="AuditService should call getAuditReport" time="0" classname="Chrome_126_0_0_0_(Windows_10).AuditService"/>
  <testcase name="AuditService should call getAuditState" time="0.001" classname="Chrome_126_0_0_0_(Windows_10).AuditService"/>
  <testcase name="AuditService should call getLastRunScheduled" time="0" classname="Chrome_126_0_0_0_(Windows_10).AuditService"/>
  <testcase name="AuditService should call putAudit" time="0.001" classname="Chrome_126_0_0_0_(Windows_10).AuditService"/>
  <testcase name="AuditService should call getDescription" time="0" classname="Chrome_126_0_0_0_(Windows_10).AuditService"/>
  <testcase name="AuditService should call getReportList" time="0.001" classname="Chrome_126_0_0_0_(Windows_10).AuditService"/>
  <testcase name="AuditService should call getNodeNameNumber" time="0" classname="Chrome_126_0_0_0_(Windows_10).AuditService"/>
  <testcase name="AuditService should call getRunningAudit" time="0.001" classname="Chrome_126_0_0_0_(Windows_10).AuditService"/>
  <testcase name="AuditService should call getPreparationForAudit" time="0" classname="Chrome_126_0_0_0_(Windows_10).AuditService"/>
  <testcase name="AuditService should call getPreparationForAudit" time="0.001" classname="Chrome_126_0_0_0_(Windows_10).AuditService"/>
  <testcase name="AuditService should be created" time="0" classname="Chrome_126_0_0_0_(Windows_10).AuditService"/>
  <testcase name="AuditService should call getAuditConfiguration" time="0.001" classname="Chrome_126_0_0_0_(Windows_10).AuditService"/>
  <testcase name="AuditService should call postAuditConfiguration" time="0" classname="Chrome_126_0_0_0_(Windows_10).AuditService"/>
  <testcase name="AuditService should call getGranularLineTree" time="0.001" classname="Chrome_126_0_0_0_(Windows_10).AuditService"/>
  <testcase name="AuditService should call getRegisteredAudit" time="0" classname="Chrome_126_0_0_0_(Windows_10).AuditService"/>
  <testcase name="AuditService should call getSessionServerConnected" time="0.001" classname="Chrome_126_0_0_0_(Windows_10).AuditService"/>
  <testcase name="AuditService should call postActionProblem" time="0.001" classname="Chrome_126_0_0_0_(Windows_10).AuditService"/>
  <testcase name="TopHeaderComponent should call updateProductTitle with clliName" time="0.016" classname="Chrome_126_0_0_0_(Windows_10).TopHeaderComponent"/>
  <testcase name="TopHeaderComponent should create" time="0.015" classname="Chrome_126_0_0_0_(Windows_10).TopHeaderComponent"/>
  <testcase name="TopHeaderComponent should call updateProductTitle clliName is not empty" time="0.014" classname="Chrome_126_0_0_0_(Windows_10).TopHeaderComponent"/>
  <testcase name="TopHeaderComponent should hide confirm logout when the user clicks on the No button" time="0.015" classname="Chrome_126_0_0_0_(Windows_10).TopHeaderComponent"/>
  <testcase name="TopHeaderComponent should call onHidePreferences" time="0.013" classname="Chrome_126_0_0_0_(Windows_10).TopHeaderComponent"/>
  <testcase name="TopHeaderComponent should call changeTitle with CLLI name" time="0.014" classname="Chrome_126_0_0_0_(Windows_10).TopHeaderComponent"/>
  <testcase name="TopHeaderComponent should call changeTitle" time="0.013" classname="Chrome_126_0_0_0_(Windows_10).TopHeaderComponent"/>
  <testcase name="TopHeaderComponent should call initTopbar" time="0.015" classname="Chrome_126_0_0_0_(Windows_10).TopHeaderComponent"/>
  <testcase name="TopHeaderComponent should call generateProfiles" time="0.014" classname="Chrome_126_0_0_0_(Windows_10).TopHeaderComponent"/>
  <testcase name="CurrentAuditComponent should call doAbort case completed === 100" time="0.05" classname="Chrome_126_0_0_0_(Windows_10).CurrentAuditComponent"/>
  <testcase name="CurrentAuditComponent should call showConfirmAbort" time="0.055" classname="Chrome_126_0_0_0_(Windows_10).CurrentAuditComponent"/>
  <testcase name="CurrentAuditComponent should call doAbort case completed &lt; 100" time="0.065" classname="Chrome_126_0_0_0_(Windows_10).CurrentAuditComponent"/>
  <testcase name="CurrentAuditComponent should create" time="0.059" classname="Chrome_126_0_0_0_(Windows_10).CurrentAuditComponent"/>
  <testcase name="MaintenanceComponent should create" time="0.003" classname="Chrome_126_0_0_0_(Windows_10).MaintenanceComponent"/>
  <testcase name="GatewayControllersDirectoryComponent should create" time="0.002" classname="Chrome_126_0_0_0_(Windows_10).GatewayControllersDirectoryComponent"/>
  <testcase name="V52Guard should be created" time="0.001" classname="Chrome_126_0_0_0_(Windows_10).V52Guard"/>
  <testcase name="V52Guard should allow access if V52 is supported" time="0.001" classname="Chrome_126_0_0_0_(Windows_10).V52Guard"/>
  <testcase name="V52Guard should not allow access if V52 is supported" time="0.001" classname="Chrome_126_0_0_0_(Windows_10).V52Guard"/>
  <testcase name="DqosConfigurationComponent should call saveDQoSConf() with errorSaveWthErrExp with 13 errorCode" time="0.005" classname="Chrome_126_0_0_0_(Windows_10).DqosConfigurationComponent"/>
  <testcase name="DqosConfigurationComponent should call saveDQoSConf() with errorSaveWithoutErrExp with 500 errorCode" time="0.006" classname="Chrome_126_0_0_0_(Windows_10).DqosConfigurationComponent"/>
  <testcase name="DqosConfigurationComponent should closeEditErrorDialog()" time="0.006" classname="Chrome_126_0_0_0_(Windows_10).DqosConfigurationComponent"/>
  <testcase name="DqosConfigurationComponent should call saveDQoSConf()" time="0.005" classname="Chrome_126_0_0_0_(Windows_10).DqosConfigurationComponent"/>
  <testcase name="DqosConfigurationComponent should call onFormSubmit() to set getDQoSConf() with event is false" time="0.004" classname="Chrome_126_0_0_0_(Windows_10).DqosConfigurationComponent"/>
  <testcase name="DqosConfigurationComponent should call saveDQoSConf() with errorSaveWithoutErrGWCExp with 12 errorCode and details exists" time="0.004" classname="Chrome_126_0_0_0_(Windows_10).DqosConfigurationComponent"/>
  <testcase name="DqosConfigurationComponent should call getDQoSConf() and resturns error" time="0.003" classname="Chrome_126_0_0_0_(Windows_10).DqosConfigurationComponent"/>
  <testcase name="DqosConfigurationComponent should call saveDQoSConf() with errorSaveWthErrExp with 500 errorCode" time="0.005" classname="Chrome_126_0_0_0_(Windows_10).DqosConfigurationComponent"/>
  <testcase name="DqosConfigurationComponent should showOrHideButtonClick()" time="0.004" classname="Chrome_126_0_0_0_(Windows_10).DqosConfigurationComponent"/>
  <testcase name="DqosConfigurationComponent should call onFormSubmit() set showValidationInfoDialog to true if event is true " time="0.004" classname="Chrome_126_0_0_0_(Windows_10).DqosConfigurationComponent"/>
  <testcase name="DqosConfigurationComponent should call onFormSubmit() set saveDQoSConf() if event is true " time="0.005" classname="Chrome_126_0_0_0_(Windows_10).DqosConfigurationComponent"/>
  <testcase name="DqosConfigurationComponent should call saveDQoSConf() with errorSaveWithoutErrGWCExp with 12 errorCode" time="0.004" classname="Chrome_126_0_0_0_(Windows_10).DqosConfigurationComponent"/>
  <testcase name="DqosConfigurationComponent should create" time="0.004" classname="Chrome_126_0_0_0_(Windows_10).DqosConfigurationComponent"/>
  <testcase name="DqosConfigurationComponent should closeValidationInfoDialog()" time="0.005" classname="Chrome_126_0_0_0_(Windows_10).DqosConfigurationComponent"/>
  <testcase name="LinesComponent should create" time="0.003" classname="Chrome_126_0_0_0_(Windows_10).LinesComponent"/>
  <testcase name="LineDataIntegrityAuditComponent should call handleConfirm case accept = true" time="0.018" classname="Chrome_126_0_0_0_(Windows_10).LineDataIntegrityAuditComponent"/>
  <testcase name="LineDataIntegrityAuditComponent should call handleConfirm case accept = false" time="0.016" classname="Chrome_126_0_0_0_(Windows_10).LineDataIntegrityAuditComponent"/>
  <testcase name="LineDataIntegrityAuditComponent should call getAllNodeLeafDataSource" time="0.016" classname="Chrome_126_0_0_0_(Windows_10).LineDataIntegrityAuditComponent"/>
  <testcase name="LineDataIntegrityAuditComponent should create" time="0.015" classname="Chrome_126_0_0_0_(Windows_10).LineDataIntegrityAuditComponent"/>
  <testcase name="LineDataIntegrityAuditComponent should call handleChangeSelectedGroupChk case accept = false" time="0.014" classname="Chrome_126_0_0_0_(Windows_10).LineDataIntegrityAuditComponent"/>
  <testcase name="LineDataIntegrityAuditComponent should call handleChangeSelectedGroupChk case accept = true" time="0.014" classname="Chrome_126_0_0_0_(Windows_10).LineDataIntegrityAuditComponent"/>
  <testcase name="AuditResolver should return data undefined" time="0.002" classname="Chrome_126_0_0_0_(Windows_10).AuditResolver"/>
  <testcase name="AuditResolver should return data for Line Data Integrity Audit when the URL contains &quot;line-data-integrity&quot;" time="0.001" classname="Chrome_126_0_0_0_(Windows_10).AuditResolver"/>
  <testcase name="AuditResolver should return data for C20 Data Integrity Audit when the URL contains &quot;c20-data-integrity&quot;" time="0" classname="Chrome_126_0_0_0_(Windows_10).AuditResolver"/>
  <testcase name="AuditResolver should be created" time="0.001" classname="Chrome_126_0_0_0_(Windows_10).AuditResolver"/>
  <testcase name="AuditResolver should return data for Trunk Data Integrity Audit when the URL contains &quot;trunk-data-integrity&quot;" time="0.001" classname="Chrome_126_0_0_0_(Windows_10).AuditResolver"/>
  <testcase name="CodecProfileComponent should create" time="0.003" classname="Chrome_126_0_0_0_(Windows_10).CodecProfileComponent"/>
  <testcase name="CodecProfileComponent should closeGeneralNetworkSettings()" time="0.004" classname="Chrome_126_0_0_0_(Windows_10).CodecProfileComponent"/>
  <testcase name="CodecProfileComponent should initialize page header" time="0.004" classname="Chrome_126_0_0_0_(Windows_10).CodecProfileComponent"/>
  <testcase name="LoginService should call getErrorMessage" time="0" classname="Chrome_126_0_0_0_(Windows_10).LoginService"/>
  <testcase name="LoginService should be created" time="0.001" classname="Chrome_126_0_0_0_(Windows_10).LoginService"/>
  <testcase name="LoginService should call parseError" time="0" classname="Chrome_126_0_0_0_(Windows_10).LoginService"/>
  <testcase name="LoginService should call parsePasswordChange" time="0.001" classname="Chrome_126_0_0_0_(Windows_10).LoginService"/>
  <testcase name="LoginService should call isLoginSuccess" time="0.001" classname="Chrome_126_0_0_0_(Windows_10).LoginService"/>
  <testcase name="LoginService should call isLoginSuccess" time="0.001" classname="Chrome_126_0_0_0_(Windows_10).LoginService"/>
  <testcase name="LoginService should call login" time="0.001" classname="Chrome_126_0_0_0_(Windows_10).LoginService"/>
  <testcase name="ScheduleForLaterComponent should call onDateChanged" time="0.021" classname="Chrome_126_0_0_0_(Windows_10).ScheduleForLaterComponent"/>
  <testcase name="ScheduleForLaterComponent should call setValueDefaultAuditSchedule case Monthly" time="0.02" classname="Chrome_126_0_0_0_(Windows_10).ScheduleForLaterComponent"/>
  <testcase name="ScheduleForLaterComponent should call setValueDefaultAuditSchedule case Weekly" time="0.02" classname="Chrome_126_0_0_0_(Windows_10).ScheduleForLaterComponent"/>
  <testcase name="ScheduleForLaterComponent should call handleSchedule" time="0.021" classname="Chrome_126_0_0_0_(Windows_10).ScheduleForLaterComponent"/>
  <testcase name="ScheduleForLaterComponent should create" time="0.019" classname="Chrome_126_0_0_0_(Windows_10).ScheduleForLaterComponent"/>
  <testcase name="ScheduleForLaterComponent should call setValueDefaultAuditSchedule case OnceTimeOnly" time="0.02" classname="Chrome_126_0_0_0_(Windows_10).ScheduleForLaterComponent"/>
  <testcase name="ScheduleForLaterComponent should call ngOnchange" time="0.019" classname="Chrome_126_0_0_0_(Windows_10).ScheduleForLaterComponent"/>
  <testcase name="ScheduleForLaterComponent should call setValueDefaultAuditSchedule case Daily" time="0.02" classname="Chrome_126_0_0_0_(Windows_10).ScheduleForLaterComponent"/>
  <testcase name="AppComponent should create the app" time="0.004" classname="Chrome_126_0_0_0_(Windows_10).AppComponent"/>
  <system-out>
    <![CDATA[Chrome 126.0.0.0 (Windows 10) LOG: Object{name: 'test', ipAddress: '12.54.26.8', port: -9999999999999, protocol: 1}
,Chrome 126.0.0.0 (Windows 10) LOG: Object{name: null, ipAddress: null, port: 2427, protocol: 1}
,Chrome 126.0.0.0 (Windows 10) LOG: Object{name: 'test', ipAddress: '12.54.26.8', port: 9999999999999, protocol: 1}
,Chrome 126.0.0.0 (Windows 10) ERROR: 'NG0304: 'rbn-page-header' is not a known element (used in the 'ProceduresComponent' component template):
1. If 'rbn-page-header' is an Angular component, then verify that it is a part of an @NgModule where this component is declared.
2. If 'rbn-page-header' is a Web Component then add 'CUSTOM_ELEMENTS_SCHEMA' to the '@NgModule.schemas' of this component to suppress this message.'
,Chrome 126.0.0.0 (Windows 10) ERROR: 'NG0304: 'p-panel' is not a known element (used in the 'ProceduresComponent' component template):
1. If 'p-panel' is an Angular component, then verify that it is a part of an @NgModule where this component is declared.
2. If 'p-panel' is a Web Component then add 'CUSTOM_ELEMENTS_SCHEMA' to the '@NgModule.schemas' of this component to suppress this message.'
,Chrome 126.0.0.0 (Windows 10) ERROR: 'NG0303: Can't bind to 'data' since it isn't a known property of 'rbn-page-header' (used in the 'ProceduresComponent' component template).
1. If 'rbn-page-header' is an Angular component and it has the 'data' input, then verify that it is a part of an @NgModule where this component is declared.
2. If 'rbn-page-header' is a Web Component then add 'CUSTOM_ELEMENTS_SCHEMA' to the '@NgModule.schemas' of this component to suppress this message.
3. To allow any property add 'NO_ERRORS_SCHEMA' to the '@NgModule.schemas' of this component.'
,Chrome 126.0.0.0 (Windows 10) ERROR: 'NG0303: Can't bind to 'showHeader' since it isn't a known property of 'p-panel' (used in the 'ProceduresComponent' component template).
1. If 'p-panel' is an Angular component and it has the 'showHeader' input, then verify that it is a part of an @NgModule where this component is declared.
2. If 'p-panel' is a Web Component then add 'CUSTOM_ELEMENTS_SCHEMA' to the '@NgModule.schemas' of this component to suppress this message.
3. To allow any property add 'NO_ERRORS_SCHEMA' to the '@NgModule.schemas' of this component.'
,Chrome 126.0.0.0 (Windows 10) ERROR: 'NG0303: Can't bind to 'routerLink' since it isn't a known property of 'a' (used in the 'ProceduresComponent' component template).
1. If 'a' is an Angular component and it has the 'routerLink' input, then verify that it is a part of an @NgModule where this component is declared.
2. To allow any property add 'NO_ERRORS_SCHEMA' to the '@NgModule.schemas' of this component.'
,Chrome 126.0.0.0 (Windows 10) ERROR: 'NG0303: Can't bind to 'routerLink' since it isn't a known property of 'a' (used in the 'ProceduresComponent' component template).
1. If 'a' is an Angular component and it has the 'routerLink' input, then verify that it is a part of an @NgModule where this component is declared.
2. To allow any property add 'NO_ERRORS_SCHEMA' to the '@NgModule.schemas' of this component.'
,Chrome 126.0.0.0 (Windows 10) ERROR: 'NG0303: Can't bind to 'routerLink' since it isn't a known property of 'a' (used in the 'ProceduresComponent' component template).
1. If 'a' is an Angular component and it has the 'routerLink' input, then verify that it is a part of an @NgModule where this component is declared.
2. To allow any property add 'NO_ERRORS_SCHEMA' to the '@NgModule.schemas' of this component.'
,Chrome 126.0.0.0 (Windows 10) ERROR: 'NG0303: Can't bind to 'routerLink' since it isn't a known property of 'a' (used in the 'ProceduresComponent' component template).
1. If 'a' is an Angular component and it has the 'routerLink' input, then verify that it is a part of an @NgModule where this component is declared.
2. To allow any property add 'NO_ERRORS_SCHEMA' to the '@NgModule.schemas' of this component.'
,Chrome 126.0.0.0 (Windows 10) ERROR: 'NG0303: Can't bind to 'routerLink' since it isn't a known property of 'a' (used in the 'ProceduresComponent' component template).
1. If 'a' is an Angular component and it has the 'routerLink' input, then verify that it is a part of an @NgModule where this component is declared.
2. To allow any property add 'NO_ERRORS_SCHEMA' to the '@NgModule.schemas' of this component.'
,Chrome 126.0.0.0 (Windows 10) ERROR: 'NG0303: Can't bind to 'routerLink' since it isn't a known property of 'a' (used in the 'ProceduresComponent' component template).
1. If 'a' is an Angular component and it has the 'routerLink' input, then verify that it is a part of an @NgModule where this component is declared.
2. To allow any property add 'NO_ERRORS_SCHEMA' to the '@NgModule.schemas' of this component.'
,Chrome 126.0.0.0 (Windows 10) ERROR: 'NG0303: Can't bind to 'routerLink' since it isn't a known property of 'a' (used in the 'ProceduresComponent' component template).
1. If 'a' is an Angular component and it has the 'routerLink' input, then verify that it is a part of an @NgModule where this component is declared.
2. To allow any property add 'NO_ERRORS_SCHEMA' to the '@NgModule.schemas' of this component.'
,Chrome 126.0.0.0 (Windows 10) ERROR: 'NG0303: Can't bind to 'routerLink' since it isn't a known property of 'a' (used in the 'ProceduresComponent' component template).
1. If 'a' is an Angular component and it has the 'routerLink' input, then verify that it is a part of an @NgModule where this component is declared.
2. To allow any property add 'NO_ERRORS_SCHEMA' to the '@NgModule.schemas' of this component.'
,Chrome 126.0.0.0 (Windows 10) ERROR: 'NG0303: Can't bind to 'routerLink' since it isn't a known property of 'a' (used in the 'ProceduresComponent' component template).
1. If 'a' is an Angular component and it has the 'routerLink' input, then verify that it is a part of an @NgModule where this component is declared.
2. To allow any property add 'NO_ERRORS_SCHEMA' to the '@NgModule.schemas' of this component.'
,Chrome 126.0.0.0 (Windows 10) ERROR: 'Could not find translation file:', './assets/i18n/en.json'
,Chrome 126.0.0.0 (Windows 10) ERROR: 'Could not find translation file:', './assets/i18n/en.json'
,Chrome 126.0.0.0 (Windows 10) ERROR: 'Could not find translation file:', './assets/i18n/en.json'
,Chrome 126.0.0.0 (Windows 10) ERROR: 'Could not find translation file:', './assets/i18n/en.json'
,Chrome 126.0.0.0 (Windows 10) ERROR: 'Could not find translation file:', './assets/i18n/en.json'
,Chrome 126.0.0.0 (Windows 10) ERROR: 'Could not find translation file:', './assets/i18n/en.json'
,Chrome 126.0.0.0 (Windows 10) ERROR: 'Could not find translation file:', './assets/i18n/en.json'
,Chrome 126.0.0.0 (Windows 10) ERROR: 'NG0304: 'rbn-page-header' is not a known element (used in the 'ProvisioningComponent' component template):
1. If 'rbn-page-header' is an Angular component, then verify that it is a part of an @NgModule where this component is declared.
2. If 'rbn-page-header' is a Web Component then add 'CUSTOM_ELEMENTS_SCHEMA' to the '@NgModule.schemas' of this component to suppress this message.'
,Chrome 126.0.0.0 (Windows 10) ERROR: 'NG0304: 'p-panel' is not a known element (used in the 'ProvisioningComponent' component template):
1. If 'p-panel' is an Angular component, then verify that it is a part of an @NgModule where this component is declared.
2. If 'p-panel' is a Web Component then add 'CUSTOM_ELEMENTS_SCHEMA' to the '@NgModule.schemas' of this component to suppress this message.'
,Chrome 126.0.0.0 (Windows 10) ERROR: 'NG0304: 'p-image' is not a known element (used in the 'ProvisioningComponent' component template):
1. If 'p-image' is an Angular component, then verify that it is a part of an @NgModule where this component is declared.
2. If 'p-image' is a Web Component then add 'CUSTOM_ELEMENTS_SCHEMA' to the '@NgModule.schemas' of this component to suppress this message.'
,Chrome 126.0.0.0 (Windows 10) ERROR: 'NG0303: Can't bind to 'data' since it isn't a known property of 'rbn-page-header' (used in the 'ProvisioningComponent' component template).
1. If 'rbn-page-header' is an Angular component and it has the 'data' input, then verify that it is a part of an @NgModule where this component is declared.
2. If 'rbn-page-header' is a Web Component then add 'CUSTOM_ELEMENTS_SCHEMA' to the '@NgModule.schemas' of this component to suppress this message.
3. To allow any property add 'NO_ERRORS_SCHEMA' to the '@NgModule.schemas' of this component.'
,Chrome 126.0.0.0 (Windows 10) ERROR: 'NG0303: Can't bind to 'showHeader' since it isn't a known property of 'p-panel' (used in the 'ProvisioningComponent' component template).
1. If 'p-panel' is an Angular component and it has the 'showHeader' input, then verify that it is a part of an @NgModule where this component is declared.
2. If 'p-panel' is a Web Component then add 'CUSTOM_ELEMENTS_SCHEMA' to the '@NgModule.schemas' of this component to suppress this message.
3. To allow any property add 'NO_ERRORS_SCHEMA' to the '@NgModule.schemas' of this component.'
,Chrome 126.0.0.0 (Windows 10) ERROR: 'NG0303: Can't bind to 'preview' since it isn't a known property of 'p-image' (used in the 'ProvisioningComponent' component template).
1. If 'p-image' is an Angular component and it has the 'preview' input, then verify that it is a part of an @NgModule where this component is declared.
2. If 'p-image' is a Web Component then add 'CUSTOM_ELEMENTS_SCHEMA' to the '@NgModule.schemas' of this component to suppress this message.
3. To allow any property add 'NO_ERRORS_SCHEMA' to the '@NgModule.schemas' of this component.'
,Chrome 126.0.0.0 (Windows 10) ERROR: 'NG0303: Can't bind to 'routerLink' since it isn't a known property of 'a' (used in the 'ProvisioningComponent' component template).
1. If 'a' is an Angular component and it has the 'routerLink' input, then verify that it is a part of an @NgModule where this component is declared.
2. To allow any property add 'NO_ERRORS_SCHEMA' to the '@NgModule.schemas' of this component.'
,Chrome 126.0.0.0 (Windows 10) ERROR: 'NG0303: Can't bind to 'routerLink' since it isn't a known property of 'a' (used in the 'ProvisioningComponent' component template).
1. If 'a' is an Angular component and it has the 'routerLink' input, then verify that it is a part of an @NgModule where this component is declared.
2. To allow any property add 'NO_ERRORS_SCHEMA' to the '@NgModule.schemas' of this component.'
,Chrome 126.0.0.0 (Windows 10) ERROR: 'NG0303: Can't bind to 'routerLink' since it isn't a known property of 'a' (used in the 'ProvisioningComponent' component template).
1. If 'a' is an Angular component and it has the 'routerLink' input, then verify that it is a part of an @NgModule where this component is declared.
2. To allow any property add 'NO_ERRORS_SCHEMA' to the '@NgModule.schemas' of this component.'
,Chrome 126.0.0.0 (Windows 10) ERROR: 'NG0303: Can't bind to 'routerLink' since it isn't a known property of 'a' (used in the 'ProvisioningComponent' component template).
1. If 'a' is an Angular component and it has the 'routerLink' input, then verify that it is a part of an @NgModule where this component is declared.
2. To allow any property add 'NO_ERRORS_SCHEMA' to the '@NgModule.schemas' of this component.'
,Chrome 126.0.0.0 (Windows 10) ERROR: 'NG0303: Can't bind to 'routerLink' since it isn't a known property of 'a' (used in the 'ProvisioningComponent' component template).
1. If 'a' is an Angular component and it has the 'routerLink' input, then verify that it is a part of an @NgModule where this component is declared.
2. To allow any property add 'NO_ERRORS_SCHEMA' to the '@NgModule.schemas' of this component.'
,Chrome 126.0.0.0 (Windows 10) ERROR: 'Could not find translation file:', './assets/i18n/en.json'
,Chrome 126.0.0.0 (Windows 10) ERROR: 'Could not find translation file:', './assets/i18n/en.json'
,Chrome 126.0.0.0 (Windows 10) ERROR: 'Could not find translation file:', './assets/i18n/en.json'
,Chrome 126.0.0.0 (Windows 10) ERROR: 'Could not find translation file:', './assets/i18n/en.json'
,Chrome 126.0.0.0 (Windows 10) ERROR: 'Could not find translation file:', './assets/i18n/en.json'
,Chrome 126.0.0.0 (Windows 10) ERROR: 'Could not find translation file:', './assets/i18n/en.json'
,Chrome 126.0.0.0 (Windows 10) ERROR: 'Could not find translation file:', './assets/i18n/en.json'
,Chrome 126.0.0.0 (Windows 10) ERROR: 'Could not find translation file:', './assets/i18n/en.json'
,Chrome 126.0.0.0 (Windows 10) ERROR: 'Could not find translation file:', './assets/i18n/en.json'
,Chrome 126.0.0.0 (Windows 10) ERROR: 'Could not find translation file:', './assets/i18n/en.json'
,Chrome 126.0.0.0 (Windows 10) ERROR: 'Could not find translation file:', './assets/i18n/en.json'
,Chrome 126.0.0.0 (Windows 10) ERROR: 'NG0304: 'rbn-page-header' is not a known element (used in the 'GatewaysComponent' component template):
1. If 'rbn-page-header' is an Angular component, then verify that it is a part of an @NgModule where this component is declared.
2. If 'rbn-page-header' is a Web Component then add 'CUSTOM_ELEMENTS_SCHEMA' to the '@NgModule.schemas' of this component to suppress this message.'
,Chrome 126.0.0.0 (Windows 10) ERROR: 'NG0304: 'p-panel' is not a known element (used in the 'GatewaysComponent' component template):
1. If 'p-panel' is an Angular component, then verify that it is a part of an @NgModule where this component is declared.
2. If 'p-panel' is a Web Component then add 'CUSTOM_ELEMENTS_SCHEMA' to the '@NgModule.schemas' of this component to suppress this message.'
,Chrome 126.0.0.0 (Windows 10) ERROR: 'NG0304: 'p-image' is not a known element (used in the 'GatewaysComponent' component template):
1. If 'p-image' is an Angular component, then verify that it is a part of an @NgModule where this component is declared.
2. If 'p-image' is a Web Component then add 'CUSTOM_ELEMENTS_SCHEMA' to the '@NgModule.schemas' of this component to suppress this message.'
,Chrome 126.0.0.0 (Windows 10) ERROR: 'NG0304: 'p-accordion' is not a known element (used in the 'GatewaysComponent' component template):
1. If 'p-accordion' is an Angular component, then verify that it is a part of an @NgModule where this component is declared.
2. If 'p-accordion' is a Web Component then add 'CUSTOM_ELEMENTS_SCHEMA' to the '@NgModule.schemas' of this component to suppress this message.'
,Chrome 126.0.0.0 (Windows 10) ERROR: 'NG0304: 'p-accordionTab' is not a known element (used in the 'GatewaysComponent' component template):
1. If 'p-accordionTab' is an Angular component, then verify that it is a part of an @NgModule where this component is declared.
2. If 'p-accordionTab' is a Web Component then add 'CUSTOM_ELEMENTS_SCHEMA' to the '@NgModule.schemas' of this component to suppress this message.'
,Chrome 126.0.0.0 (Windows 10) ERROR: 'NG0304: 'p-tabView' is not a known element (used in the 'GatewaysComponent' component template):
1. If 'p-tabView' is an Angular component, then verify that it is a part of an @NgModule where this component is declared.
2. If 'p-tabView' is a Web Component then add 'CUSTOM_ELEMENTS_SCHEMA' to the '@NgModule.schemas' of this component to suppress this message.'
,Chrome 126.0.0.0 (Windows 10) ERROR: 'NG0304: 'p-tabPanel' is not a known element (used in the 'GatewaysComponent' component template):
1. If 'p-tabPanel' is an Angular component, then verify that it is a part of an @NgModule where this component is declared.
2. If 'p-tabPanel' is a Web Component then add 'CUSTOM_ELEMENTS_SCHEMA' to the '@NgModule.schemas' of this component to suppress this message.'
,Chrome 126.0.0.0 (Windows 10) ERROR: 'NG0304: 'p-tabPanel' is not a known element (used in the 'GatewaysComponent' component template):
1. If 'p-tabPanel' is an Angular component, then verify that it is a part of an @NgModule where this component is declared.
2. If 'p-tabPanel' is a Web Component then add 'CUSTOM_ELEMENTS_SCHEMA' to the '@NgModule.schemas' of this component to suppress this message.'
,Chrome 126.0.0.0 (Windows 10) ERROR: 'NG0304: 'p-image' is not a known element (used in the 'GatewaysComponent' component template):
1. If 'p-image' is an Angular component, then verify that it is a part of an @NgModule where this component is declared.
2. If 'p-image' is a Web Component then add 'CUSTOM_ELEMENTS_SCHEMA' to the '@NgModule.schemas' of this component to suppress this message.'
,Chrome 126.0.0.0 (Windows 10) ERROR: 'NG0304: 'p-image' is not a known element (used in the 'GatewaysComponent' component template):
1. If 'p-image' is an Angular component, then verify that it is a part of an @NgModule where this component is declared.
2. If 'p-image' is a Web Component then add 'CUSTOM_ELEMENTS_SCHEMA' to the '@NgModule.schemas' of this component to suppress this message.'
,Chrome 126.0.0.0 (Windows 10) ERROR: 'NG0304: 'p-tabPanel' is not a known element (used in the 'GatewaysComponent' component template):
1. If 'p-tabPanel' is an Angular component, then verify that it is a part of an @NgModule where this component is declared.
2. If 'p-tabPanel' is a Web Component then add 'CUSTOM_ELEMENTS_SCHEMA' to the '@NgModule.schemas' of this component to suppress this message.'
,Chrome 126.0.0.0 (Windows 10) ERROR: 'NG0304: 'p-image' is not a known element (used in the 'GatewaysComponent' component template):
1. If 'p-image' is an Angular component, then verify that it is a part of an @NgModule where this component is declared.
2. If 'p-image' is a Web Component then add 'CUSTOM_ELEMENTS_SCHEMA' to the '@NgModule.schemas' of this component to suppress this message.'
,Chrome 126.0.0.0 (Windows 10) ERROR: 'NG0304: 'p-image' is not a known element (used in the 'GatewaysComponent' component template):
1. If 'p-image' is an Angular component, then verify that it is a part of an @NgModule where this component is declared.
2. If 'p-image' is a Web Component then add 'CUSTOM_ELEMENTS_SCHEMA' to the '@NgModule.schemas' of this component to suppress this message.'
,Chrome 126.0.0.0 (Windows 10) ERROR: 'NG0304: 'p-image' is not a known element (used in the 'GatewaysComponent' component template):
1. If 'p-image' is an Angular component, then verify that it is a part of an @NgModule where this component is declared.
2. If 'p-image' is a Web Component then add 'CUSTOM_ELEMENTS_SCHEMA' to the '@NgModule.schemas' of this component to suppress this message.'
,Chrome 126.0.0.0 (Windows 10) ERROR: 'NG0304: 'p-image' is not a known element (used in the 'GatewaysComponent' component template):
1. If 'p-image' is an Angular component, then verify that it is a part of an @NgModule where this component is declared.
2. If 'p-image' is a Web Component then add 'CUSTOM_ELEMENTS_SCHEMA' to the '@NgModule.schemas' of this component to suppress this message.'
,Chrome 126.0.0.0 (Windows 10) ERROR: 'NG0304: 'p-image' is not a known element (used in the 'GatewaysComponent' component template):
1. If 'p-image' is an Angular component, then verify that it is a part of an @NgModule where this component is declared.
2. If 'p-image' is a Web Component then add 'CUSTOM_ELEMENTS_SCHEMA' to the '@NgModule.schemas' of this component to suppress this message.'
,Chrome 126.0.0.0 (Windows 10) ERROR: 'NG0304: 'p-image' is not a known element (used in the 'GatewaysComponent' component template):
1. If 'p-image' is an Angular component, then verify that it is a part of an @NgModule where this component is declared.
2. If 'p-image' is a Web Component then add 'CUSTOM_ELEMENTS_SCHEMA' to the '@NgModule.schemas' of this component to suppress this message.'
,Chrome 126.0.0.0 (Windows 10) ERROR: 'NG0304: 'rbn-panel-messages' is not a known element (used in the 'GatewaysComponent' component template):
1. If 'rbn-panel-messages' is an Angular component, then verify that it is a part of an @NgModule where this component is declared.
2. If 'rbn-panel-messages' is a Web Component then add 'CUSTOM_ELEMENTS_SCHEMA' to the '@NgModule.schemas' of this component to suppress this message.'
,Chrome 126.0.0.0 (Windows 10) ERROR: 'NG0304: 'p-image' is not a known element (used in the 'GatewaysComponent' component template):
1. If 'p-image' is an Angular component, then verify that it is a part of an @NgModule where this component is declared.
2. If 'p-image' is a Web Component then add 'CUSTOM_ELEMENTS_SCHEMA' to the '@NgModule.schemas' of this component to suppress this message.'
,Chrome 126.0.0.0 (Windows 10) ERROR: 'NG0304: 'rbn-panel-messages' is not a known element (used in the 'GatewaysComponent' component template):
1. If 'rbn-panel-messages' is an Angular component, then verify that it is a part of an @NgModule where this component is declared.
2. If 'rbn-panel-messages' is a Web Component then add 'CUSTOM_ELEMENTS_SCHEMA' to the '@NgModule.schemas' of this component to suppress this message.'
,Chrome 126.0.0.0 (Windows 10) ERROR: 'NG0304: 'p-tabPanel' is not a known element (used in the 'GatewaysComponent' component template):
1. If 'p-tabPanel' is an Angular component, then verify that it is a part of an @NgModule where this component is declared.
2. If 'p-tabPanel' is a Web Component then add 'CUSTOM_ELEMENTS_SCHEMA' to the '@NgModule.schemas' of this component to suppress this message.'
,Chrome 126.0.0.0 (Windows 10) ERROR: 'NG0304: 'p-image' is not a known element (used in the 'GatewaysComponent' component template):
1. If 'p-image' is an Angular component, then verify that it is a part of an @NgModule where this component is declared.
2. If 'p-image' is a Web Component then add 'CUSTOM_ELEMENTS_SCHEMA' to the '@NgModule.schemas' of this component to suppress this message.'
,Chrome 126.0.0.0 (Windows 10) ERROR: 'NG0304: 'p-image' is not a known element (used in the 'GatewaysComponent' component template):
1. If 'p-image' is an Angular component, then verify that it is a part of an @NgModule where this component is declared.
2. If 'p-image' is a Web Component then add 'CUSTOM_ELEMENTS_SCHEMA' to the '@NgModule.schemas' of this component to suppress this message.'
,Chrome 126.0.0.0 (Windows 10) ERROR: 'NG0304: 'p-image' is not a known element (used in the 'GatewaysComponent' component template):
1. If 'p-image' is an Angular component, then verify that it is a part of an @NgModule where this component is declared.
2. If 'p-image' is a Web Component then add 'CUSTOM_ELEMENTS_SCHEMA' to the '@NgModule.schemas' of this component to suppress this message.'
,Chrome 126.0.0.0 (Windows 10) ERROR: 'NG0304: 'p-image' is not a known element (used in the 'GatewaysComponent' component template):
1. If 'p-image' is an Angular component, then verify that it is a part of an @NgModule where this component is declared.
2. If 'p-image' is a Web Component then add 'CUSTOM_ELEMENTS_SCHEMA' to the '@NgModule.schemas' of this component to suppress this message.'
,Chrome 126.0.0.0 (Windows 10) ERROR: 'NG0304: 'p-image' is not a known element (used in the 'GatewaysComponent' component template):
1. If 'p-image' is an Angular component, then verify that it is a part of an @NgModule where this component is declared.
2. If 'p-image' is a Web Component then add 'CUSTOM_ELEMENTS_SCHEMA' to the '@NgModule.schemas' of this component to suppress this message.'
,Chrome 126.0.0.0 (Windows 10) ERROR: 'NG0303: Can't bind to 'data' since it isn't a known property of 'rbn-page-header' (used in the 'GatewaysComponent' component template).
1. If 'rbn-page-header' is an Angular component and it has the 'data' input, then verify that it is a part of an @NgModule where this component is declared.
2. If 'rbn-page-header' is a Web Component then add 'CUSTOM_ELEMENTS_SCHEMA' to the '@NgModule.schemas' of this component to suppress this message.
3. To allow any property add 'NO_ERRORS_SCHEMA' to the '@NgModule.schemas' of this component.'
,Chrome 126.0.0.0 (Windows 10) ERROR: 'NG0303: Can't bind to 'showHeader' since it isn't a known property of 'p-panel' (used in the 'GatewaysComponent' component template).
1. If 'p-panel' is an Angular component and it has the 'showHeader' input, then verify that it is a part of an @NgModule where this component is declared.
2. If 'p-panel' is a Web Component then add 'CUSTOM_ELEMENTS_SCHEMA' to the '@NgModule.schemas' of this component to suppress this message.
3. To allow any property add 'NO_ERRORS_SCHEMA' to the '@NgModule.schemas' of this component.'
,Chrome 126.0.0.0 (Windows 10) ERROR: 'NG0303: Can't bind to 'preview' since it isn't a known property of 'p-image' (used in the 'GatewaysComponent' component template).
1. If 'p-image' is an Angular component and it has the 'preview' input, then verify that it is a part of an @NgModule where this component is declared.
2. If 'p-image' is a Web Component then add 'CUSTOM_ELEMENTS_SCHEMA' to the '@NgModule.schemas' of this component to suppress this message.
3. To allow any property add 'NO_ERRORS_SCHEMA' to the '@NgModule.schemas' of this component.'
,Chrome 126.0.0.0 (Windows 10) ERROR: 'NG0303: Can't bind to 'expandIcon' since it isn't a known property of 'p-accordion' (used in the 'GatewaysComponent' component template).
1. If 'p-accordion' is an Angular component and it has the 'expandIcon' input, then verify that it is a part of an @NgModule where this component is declared.
2. If 'p-accordion' is a Web Component then add 'CUSTOM_ELEMENTS_SCHEMA' to the '@NgModule.schemas' of this component to suppress this message.
3. To allow any property add 'NO_ERRORS_SCHEMA' to the '@NgModule.schemas' of this component.'
,Chrome 126.0.0.0 (Windows 10) ERROR: 'NG0303: Can't bind to 'header' since it isn't a known property of 'p-accordionTab' (used in the 'GatewaysComponent' component template).
1. If 'p-accordionTab' is an Angular component and it has the 'header' input, then verify that it is a part of an @NgModule where this component is declared.
2. If 'p-accordionTab' is a Web Component then add 'CUSTOM_ELEMENTS_SCHEMA' to the '@NgModule.schemas' of this component to suppress this message.
3. To allow any property add 'NO_ERRORS_SCHEMA' to the '@NgModule.schemas' of this component.'
,Chrome 126.0.0.0 (Windows 10) ERROR: 'NG0303: Can't bind to 'header' since it isn't a known property of 'p-tabPanel' (used in the 'GatewaysComponent' component template).
1. If 'p-tabPanel' is an Angular component and it has the 'header' input, then verify that it is a part of an @NgModule where this component is declared.
2. If 'p-tabPanel' is a Web Component then add 'CUSTOM_ELEMENTS_SCHEMA' to the '@NgModule.schemas' of this component to suppress this message.
3. To allow any property add 'NO_ERRORS_SCHEMA' to the '@NgModule.schemas' of this component.'
,Chrome 126.0.0.0 (Windows 10) ERROR: 'NG0303: Can't bind to 'cache' since it isn't a known property of 'p-tabPanel' (used in the 'GatewaysComponent' component template).
1. If 'p-tabPanel' is an Angular component and it has the 'cache' input, then verify that it is a part of an @NgModule where this component is declared.
2. If 'p-tabPanel' is a Web Component then add 'CUSTOM_ELEMENTS_SCHEMA' to the '@NgModule.schemas' of this component to suppress this message.
3. To allow any property add 'NO_ERRORS_SCHEMA' to the '@NgModule.schemas' of this component.'
,Chrome 126.0.0.0 (Windows 10) ERROR: 'NG0303: Can't bind to 'header' since it isn't a known property of 'p-tabPanel' (used in the 'GatewaysComponent' component template).
1. If 'p-tabPanel' is an Angular component and it has the 'header' input, then verify that it is a part of an @NgModule where this component is declared.
2. If 'p-tabPanel' is a Web Component then add 'CUSTOM_ELEMENTS_SCHEMA' to the '@NgModule.schemas' of this component to suppress this message.
3. To allow any property add 'NO_ERRORS_SCHEMA' to the '@NgModule.schemas' of this component.'
,Chrome 126.0.0.0 (Windows 10) ERROR: 'NG0303: Can't bind to 'cache' since it isn't a known property of 'p-tabPanel' (used in the 'GatewaysComponent' component template).
1. If 'p-tabPanel' is an Angular component and it has the 'cache' input, then verify that it is a part of an @NgModule where this component is declared.
2. If 'p-tabPanel' is a Web Component then add 'CUSTOM_ELEMENTS_SCHEMA' to the '@NgModule.schemas' of this component to suppress this message.
3. To allow any property add 'NO_ERRORS_SCHEMA' to the '@NgModule.schemas' of this component.'
,Chrome 126.0.0.0 (Windows 10) ERROR: 'NG0303: Can't bind to 'preview' since it isn't a known property of 'p-image' (used in the 'GatewaysComponent' component template).
1. If 'p-image' is an Angular component and it has the 'preview' input, then verify that it is a part of an @NgModule where this component is declared.
2. If 'p-image' is a Web Component then add 'CUSTOM_ELEMENTS_SCHEMA' to the '@NgModule.schemas' of this component to suppress this message.
3. To allow any property add 'NO_ERRORS_SCHEMA' to the '@NgModule.schemas' of this component.'
,Chrome 126.0.0.0 (Windows 10) ERROR: 'NG0303: Can't bind to 'preview' since it isn't a known property of 'p-image' (used in the 'GatewaysComponent' component template).
1. If 'p-image' is an Angular component and it has the 'preview' input, then verify that it is a part of an @NgModule where this component is declared.
2. If 'p-image' is a Web Component then add 'CUSTOM_ELEMENTS_SCHEMA' to the '@NgModule.schemas' of this component to suppress this message.
3. To allow any property add 'NO_ERRORS_SCHEMA' to the '@NgModule.schemas' of this component.'
,Chrome 126.0.0.0 (Windows 10) ERROR: 'NG0303: Can't bind to 'header' since it isn't a known property of 'p-tabPanel' (used in the 'GatewaysComponent' component template).
1. If 'p-tabPanel' is an Angular component and it has the 'header' input, then verify that it is a part of an @NgModule where this component is declared.
2. If 'p-tabPanel' is a Web Component then add 'CUSTOM_ELEMENTS_SCHEMA' to the '@NgModule.schemas' of this component to suppress this message.
3. To allow any property add 'NO_ERRORS_SCHEMA' to the '@NgModule.schemas' of this component.'
,Chrome 126.0.0.0 (Windows 10) ERROR: 'NG0303: Can't bind to 'cache' since it isn't a known property of 'p-tabPanel' (used in the 'GatewaysComponent' component template).
1. If 'p-tabPanel' is an Angular component and it has the 'cache' input, then verify that it is a part of an @NgModule where this component is declared.
2. If 'p-tabPanel' is a Web Component then add 'CUSTOM_ELEMENTS_SCHEMA' to the '@NgModule.schemas' of this component to suppress this message.
3. To allow any property add 'NO_ERRORS_SCHEMA' to the '@NgModule.schemas' of this component.'
,Chrome 126.0.0.0 (Windows 10) ERROR: 'NG0303: Can't bind to 'preview' since it isn't a known property of 'p-image' (used in the 'GatewaysComponent' component template).
1. If 'p-image' is an Angular component and it has the 'preview' input, then verify that it is a part of an @NgModule where this component is declared.
2. If 'p-image' is a Web Component then add 'CUSTOM_ELEMENTS_SCHEMA' to the '@NgModule.schemas' of this component to suppress this message.
3. To allow any property add 'NO_ERRORS_SCHEMA' to the '@NgModule.schemas' of this component.'
,Chrome 126.0.0.0 (Windows 10) ERROR: 'NG0303: Can't bind to 'preview' since it isn't a known property of 'p-image' (used in the 'GatewaysComponent' component template).
1. If 'p-image' is an Angular component and it has the 'preview' input, then verify that it is a part of an @NgModule where this component is declared.
2. If 'p-image' is a Web Component then add 'CUSTOM_ELEMENTS_SCHEMA' to the '@NgModule.schemas' of this component to suppress this message.
3. To allow any property add 'NO_ERRORS_SCHEMA' to the '@NgModule.schemas' of this component.'
,Chrome 126.0.0.0 (Windows 10) ERROR: 'NG0303: Can't bind to 'preview' since it isn't a known property of 'p-image' (used in the 'GatewaysComponent' component template).
1. If 'p-image' is an Angular component and it has the 'preview' input, then verify that it is a part of an @NgModule where this component is declared.
2. If 'p-image' is a Web Component then add 'CUSTOM_ELEMENTS_SCHEMA' to the '@NgModule.schemas' of this component to suppress this message.
3. To allow any property add 'NO_ERRORS_SCHEMA' to the '@NgModule.schemas' of this component.'
,Chrome 126.0.0.0 (Windows 10) ERROR: 'NG0303: Can't bind to 'preview' since it isn't a known property of 'p-image' (used in the 'GatewaysComponent' component template).
1. If 'p-image' is an Angular component and it has the 'preview' input, then verify that it is a part of an @NgModule where this component is declared.
2. If 'p-image' is a Web Component then add 'CUSTOM_ELEMENTS_SCHEMA' to the '@NgModule.schemas' of this component to suppress this message.
3. To allow any property add 'NO_ERRORS_SCHEMA' to the '@NgModule.schemas' of this component.'
,Chrome 126.0.0.0 (Windows 10) ERROR: 'NG0303: Can't bind to 'preview' since it isn't a known property of 'p-image' (used in the 'GatewaysComponent' component template).
1. If 'p-image' is an Angular component and it has the 'preview' input, then verify that it is a part of an @NgModule where this component is declared.
2. If 'p-image' is a Web Component then add 'CUSTOM_ELEMENTS_SCHEMA' to the '@NgModule.schemas' of this component to suppress this message.
3. To allow any property add 'NO_ERRORS_SCHEMA' to the '@NgModule.schemas' of this component.'
,Chrome 126.0.0.0 (Windows 10) ERROR: 'NG0303: Can't bind to 'preview' since it isn't a known property of 'p-image' (used in the 'GatewaysComponent' component template).
1. If 'p-image' is an Angular component and it has the 'preview' input, then verify that it is a part of an @NgModule where this component is declared.
2. If 'p-image' is a Web Component then add 'CUSTOM_ELEMENTS_SCHEMA' to the '@NgModule.schemas' of this component to suppress this message.
3. To allow any property add 'NO_ERRORS_SCHEMA' to the '@NgModule.schemas' of this component.'
,Chrome 126.0.0.0 (Windows 10) ERROR: 'NG0303: Can't bind to 'content' since it isn't a known property of 'rbn-panel-messages' (used in the 'GatewaysComponent' component template).
1. If 'rbn-panel-messages' is an Angular component and it has the 'content' input, then verify that it is a part of an @NgModule where this component is declared.
2. If 'rbn-panel-messages' is a Web Component then add 'CUSTOM_ELEMENTS_SCHEMA' to the '@NgModule.schemas' of this component to suppress this message.
3. To allow any property add 'NO_ERRORS_SCHEMA' to the '@NgModule.schemas' of this component.'
,Chrome 126.0.0.0 (Windows 10) ERROR: 'NG0303: Can't bind to 'typeOfMessage' since it isn't a known property of 'rbn-panel-messages' (used in the 'GatewaysComponent' component template).
1. If 'rbn-panel-messages' is an Angular component and it has the 'typeOfMessage' input, then verify that it is a part of an @NgModule where this component is declared.
2. If 'rbn-panel-messages' is a Web Component then add 'CUSTOM_ELEMENTS_SCHEMA' to the '@NgModule.schemas' of this component to suppress this message.
3. To allow any property add 'NO_ERRORS_SCHEMA' to the '@NgModule.schemas' of this component.'
,Chrome 126.0.0.0 (Windows 10) ERROR: 'NG0303: Can't bind to 'preview' since it isn't a known property of 'p-image' (used in the 'GatewaysComponent' component template).
1. If 'p-image' is an Angular component and it has the 'preview' input, then verify that it is a part of an @NgModule where this component is declared.
2. If 'p-image' is a Web Component then add 'CUSTOM_ELEMENTS_SCHEMA' to the '@NgModule.schemas' of this component to suppress this message.
3. To allow any property add 'NO_ERRORS_SCHEMA' to the '@NgModule.schemas' of this component.'
,Chrome 126.0.0.0 (Windows 10) ERROR: 'NG0303: Can't bind to 'content' since it isn't a known property of 'rbn-panel-messages' (used in the 'GatewaysComponent' component template).
1. If 'rbn-panel-messages' is an Angular component and it has the 'content' input, then verify that it is a part of an @NgModule where this component is declared.
2. If 'rbn-panel-messages' is a Web Component then add 'CUSTOM_ELEMENTS_SCHEMA' to the '@NgModule.schemas' of this component to suppress this message.
3. To allow any property add 'NO_ERRORS_SCHEMA' to the '@NgModule.schemas' of this component.'
,Chrome 126.0.0.0 (Windows 10) ERROR: 'NG0303: Can't bind to 'typeOfMessage' since it isn't a known property of 'rbn-panel-messages' (used in the 'GatewaysComponent' component template).
1. If 'rbn-panel-messages' is an Angular component and it has the 'typeOfMessage' input, then verify that it is a part of an @NgModule where this component is declared.
2. If 'rbn-panel-messages' is a Web Component then add 'CUSTOM_ELEMENTS_SCHEMA' to the '@NgModule.schemas' of this component to suppress this message.
3. To allow any property add 'NO_ERRORS_SCHEMA' to the '@NgModule.schemas' of this component.'
,Chrome 126.0.0.0 (Windows 10) ERROR: 'NG0303: Can't bind to 'header' since it isn't a known property of 'p-tabPanel' (used in the 'GatewaysComponent' component template).
1. If 'p-tabPanel' is an Angular component and it has the 'header' input, then verify that it is a part of an @NgModule where this component is declared.
2. If 'p-tabPanel' is a Web Component then add 'CUSTOM_ELEMENTS_SCHEMA' to the '@NgModule.schemas' of this component to suppress this message.
3. To allow any property add 'NO_ERRORS_SCHEMA' to the '@NgModule.schemas' of this component.'
,Chrome 126.0.0.0 (Windows 10) ERROR: 'NG0303: Can't bind to 'cache' since it isn't a known property of 'p-tabPanel' (used in the 'GatewaysComponent' component template).
1. If 'p-tabPanel' is an Angular component and it has the 'cache' input, then verify that it is a part of an @NgModule where this component is declared.
2. If 'p-tabPanel' is a Web Component then add 'CUSTOM_ELEMENTS_SCHEMA' to the '@NgModule.schemas' of this component to suppress this message.
3. To allow any property add 'NO_ERRORS_SCHEMA' to the '@NgModule.schemas' of this component.'
,Chrome 126.0.0.0 (Windows 10) ERROR: 'NG0303: Can't bind to 'preview' since it isn't a known property of 'p-image' (used in the 'GatewaysComponent' component template).
1. If 'p-image' is an Angular component and it has the 'preview' input, then verify that it is a part of an @NgModule where this component is declared.
2. If 'p-image' is a Web Component then add 'CUSTOM_ELEMENTS_SCHEMA' to the '@NgModule.schemas' of this component to suppress this message.
3. To allow any property add 'NO_ERRORS_SCHEMA' to the '@NgModule.schemas' of this component.'
,Chrome 126.0.0.0 (Windows 10) ERROR: 'NG0303: Can't bind to 'preview' since it isn't a known property of 'p-image' (used in the 'GatewaysComponent' component template).
1. If 'p-image' is an Angular component and it has the 'preview' input, then verify that it is a part of an @NgModule where this component is declared.
2. If 'p-image' is a Web Component then add 'CUSTOM_ELEMENTS_SCHEMA' to the '@NgModule.schemas' of this component to suppress this message.
3. To allow any property add 'NO_ERRORS_SCHEMA' to the '@NgModule.schemas' of this component.'
,Chrome 126.0.0.0 (Windows 10) ERROR: 'NG0303: Can't bind to 'preview' since it isn't a known property of 'p-image' (used in the 'GatewaysComponent' component template).
1. If 'p-image' is an Angular component and it has the 'preview' input, then verify that it is a part of an @NgModule where this component is declared.
2. If 'p-image' is a Web Component then add 'CUSTOM_ELEMENTS_SCHEMA' to the '@NgModule.schemas' of this component to suppress this message.
3. To allow any property add 'NO_ERRORS_SCHEMA' to the '@NgModule.schemas' of this component.'
,Chrome 126.0.0.0 (Windows 10) ERROR: 'NG0303: Can't bind to 'preview' since it isn't a known property of 'p-image' (used in the 'GatewaysComponent' component template).
1. If 'p-image' is an Angular component and it has the 'preview' input, then verify that it is a part of an @NgModule where this component is declared.
2. If 'p-image' is a Web Component then add 'CUSTOM_ELEMENTS_SCHEMA' to the '@NgModule.schemas' of this component to suppress this message.
3. To allow any property add 'NO_ERRORS_SCHEMA' to the '@NgModule.schemas' of this component.'
,Chrome 126.0.0.0 (Windows 10) ERROR: 'NG0303: Can't bind to 'preview' since it isn't a known property of 'p-image' (used in the 'GatewaysComponent' component template).
1. If 'p-image' is an Angular component and it has the 'preview' input, then verify that it is a part of an @NgModule where this component is declared.
2. If 'p-image' is a Web Component then add 'CUSTOM_ELEMENTS_SCHEMA' to the '@NgModule.schemas' of this component to suppress this message.
3. To allow any property add 'NO_ERRORS_SCHEMA' to the '@NgModule.schemas' of this component.'
,Chrome 126.0.0.0 (Windows 10) WARN: 'Spec 'PreferencesComponent should call handleLogsOnSave' has no expectations.'
,Chrome 126.0.0.0 (Windows 10) WARN: 'Spec 'GatewaysComponent should reset form and set validators for REMOVE_LBL on updateFormValidators true, handleOperationChange()' has no expectations.'
,Chrome 126.0.0.0 (Windows 10) WARN: 'Spec 'GatewaysComponent should handle error when getting profiles' has no expectations.'
,Chrome 126.0.0.0 (Windows 10) WARN: 'Spec 'GatewaysComponent should reset form and set validators for PROFILE_BULK on updateFormValidators true, handleOperationChange()' has no expectations.'
,Chrome 126.0.0.0 (Windows 10) ERROR: 'Could not find translation file:', './assets/i18n/en.json'
,Chrome 126.0.0.0 (Windows 10) ERROR: 'Could not find translation file:', './assets/i18n/en.json'
,Chrome 126.0.0.0 (Windows 10) ERROR: 'Could not find translation file:', './assets/i18n/en.json'
,Chrome 126.0.0.0 (Windows 10) ERROR: 'Could not find translation file:', './assets/i18n/en.json'
,Chrome 126.0.0.0 (Windows 10) ERROR: 'NG0304: 'rbn-page-header' is not a known element (used in the 'ControllerComponent' component template):
1. If 'rbn-page-header' is an Angular component, then verify that it is a part of an @NgModule where this component is declared.
2. If 'rbn-page-header' is a Web Component then add 'CUSTOM_ELEMENTS_SCHEMA' to the '@NgModule.schemas' of this component to suppress this message.'
,Chrome 126.0.0.0 (Windows 10) ERROR: 'NG0304: 'p-panel' is not a known element (used in the 'ControllerComponent' component template):
1. If 'p-panel' is an Angular component, then verify that it is a part of an @NgModule where this component is declared.
2. If 'p-panel' is a Web Component then add 'CUSTOM_ELEMENTS_SCHEMA' to the '@NgModule.schemas' of this component to suppress this message.'
,Chrome 126.0.0.0 (Windows 10) ERROR: 'NG0304: 'p-image' is not a known element (used in the 'ControllerComponent' component template):
1. If 'p-image' is an Angular component, then verify that it is a part of an @NgModule where this component is declared.
2. If 'p-image' is a Web Component then add 'CUSTOM_ELEMENTS_SCHEMA' to the '@NgModule.schemas' of this component to suppress this message.'
,Chrome 126.0.0.0 (Windows 10) ERROR: 'NG0304: 'p-image' is not a known element (used in the 'ControllerComponent' component template):
1. If 'p-image' is an Angular component, then verify that it is a part of an @NgModule where this component is declared.
2. If 'p-image' is a Web Component then add 'CUSTOM_ELEMENTS_SCHEMA' to the '@NgModule.schemas' of this component to suppress this message.'
,Chrome 126.0.0.0 (Windows 10) ERROR: 'NG0304: 'p-image' is not a known element (used in the 'ControllerComponent' component template):
1. If 'p-image' is an Angular component, then verify that it is a part of an @NgModule where this component is declared.
2. If 'p-image' is a Web Component then add 'CUSTOM_ELEMENTS_SCHEMA' to the '@NgModule.schemas' of this component to suppress this message.'
,Chrome 126.0.0.0 (Windows 10) ERROR: 'NG0304: 'p-accordion' is not a known element (used in the 'ControllerComponent' component template):
1. If 'p-accordion' is an Angular component, then verify that it is a part of an @NgModule where this component is declared.
2. If 'p-accordion' is a Web Component then add 'CUSTOM_ELEMENTS_SCHEMA' to the '@NgModule.schemas' of this component to suppress this message.'
,Chrome 126.0.0.0 (Windows 10) ERROR: 'NG0304: 'p-accordionTab' is not a known element (used in the 'ControllerComponent' component template):
1. If 'p-accordionTab' is an Angular component, then verify that it is a part of an @NgModule where this component is declared.
2. If 'p-accordionTab' is a Web Component then add 'CUSTOM_ELEMENTS_SCHEMA' to the '@NgModule.schemas' of this component to suppress this message.'
,Chrome 126.0.0.0 (Windows 10) ERROR: 'NG0304: 'rbn-panel-messages' is not a known element (used in the 'ControllerComponent' component template):
1. If 'rbn-panel-messages' is an Angular component, then verify that it is a part of an @NgModule where this component is declared.
2. If 'rbn-panel-messages' is a Web Component then add 'CUSTOM_ELEMENTS_SCHEMA' to the '@NgModule.schemas' of this component to suppress this message.'
,Chrome 126.0.0.0 (Windows 10) ERROR: 'NG0304: 'p-image' is not a known element (used in the 'ControllerComponent' component template):
1. If 'p-image' is an Angular component, then verify that it is a part of an @NgModule where this component is declared.
2. If 'p-image' is a Web Component then add 'CUSTOM_ELEMENTS_SCHEMA' to the '@NgModule.schemas' of this component to suppress this message.'
,Chrome 126.0.0.0 (Windows 10) ERROR: 'NG0304: 'p-image' is not a known element (used in the 'ControllerComponent' component template):
1. If 'p-image' is an Angular component, then verify that it is a part of an @NgModule where this component is declared.
2. If 'p-image' is a Web Component then add 'CUSTOM_ELEMENTS_SCHEMA' to the '@NgModule.schemas' of this component to suppress this message.'
,Chrome 126.0.0.0 (Windows 10) ERROR: 'NG0304: 'p-accordion' is not a known element (used in the 'ControllerComponent' component template):
1. If 'p-accordion' is an Angular component, then verify that it is a part of an @NgModule where this component is declared.
2. If 'p-accordion' is a Web Component then add 'CUSTOM_ELEMENTS_SCHEMA' to the '@NgModule.schemas' of this component to suppress this message.'
,Chrome 126.0.0.0 (Windows 10) ERROR: 'NG0304: 'p-accordionTab' is not a known element (used in the 'ControllerComponent' component template):
1. If 'p-accordionTab' is an Angular component, then verify that it is a part of an @NgModule where this component is declared.
2. If 'p-accordionTab' is a Web Component then add 'CUSTOM_ELEMENTS_SCHEMA' to the '@NgModule.schemas' of this component to suppress this message.'
,Chrome 126.0.0.0 (Windows 10) ERROR: 'NG0304: 'p-image' is not a known element (used in the 'ControllerComponent' component template):
1. If 'p-image' is an Angular component, then verify that it is a part of an @NgModule where this component is declared.
2. If 'p-image' is a Web Component then add 'CUSTOM_ELEMENTS_SCHEMA' to the '@NgModule.schemas' of this component to suppress this message.'
,Chrome 126.0.0.0 (Windows 10) ERROR: 'NG0304: 'p-image' is not a known element (used in the 'ControllerComponent' component template):
1. If 'p-image' is an Angular component, then verify that it is a part of an @NgModule where this component is declared.
2. If 'p-image' is a Web Component then add 'CUSTOM_ELEMENTS_SCHEMA' to the '@NgModule.schemas' of this component to suppress this message.'
,Chrome 126.0.0.0 (Windows 10) ERROR: 'NG0304: 'p-image' is not a known element (used in the 'ControllerComponent' component template):
1. If 'p-image' is an Angular component, then verify that it is a part of an @NgModule where this component is declared.
2. If 'p-image' is a Web Component then add 'CUSTOM_ELEMENTS_SCHEMA' to the '@NgModule.schemas' of this component to suppress this message.'
,Chrome 126.0.0.0 (Windows 10) ERROR: 'NG0304: 'p-image' is not a known element (used in the 'ControllerComponent' component template):
1. If 'p-image' is an Angular component, then verify that it is a part of an @NgModule where this component is declared.
2. If 'p-image' is a Web Component then add 'CUSTOM_ELEMENTS_SCHEMA' to the '@NgModule.schemas' of this component to suppress this message.'
,Chrome 126.0.0.0 (Windows 10) ERROR: 'NG0303: Can't bind to 'data' since it isn't a known property of 'rbn-page-header' (used in the 'ControllerComponent' component template).
1. If 'rbn-page-header' is an Angular component and it has the 'data' input, then verify that it is a part of an @NgModule where this component is declared.
2. If 'rbn-page-header' is a Web Component then add 'CUSTOM_ELEMENTS_SCHEMA' to the '@NgModule.schemas' of this component to suppress this message.
3. To allow any property add 'NO_ERRORS_SCHEMA' to the '@NgModule.schemas' of this component.'
,Chrome 126.0.0.0 (Windows 10) ERROR: 'NG0303: Can't bind to 'showHeader' since it isn't a known property of 'p-panel' (used in the 'ControllerComponent' component template).
1. If 'p-panel' is an Angular component and it has the 'showHeader' input, then verify that it is a part of an @NgModule where this component is declared.
2. If 'p-panel' is a Web Component then add 'CUSTOM_ELEMENTS_SCHEMA' to the '@NgModule.schemas' of this component to suppress this message.
3. To allow any property add 'NO_ERRORS_SCHEMA' to the '@NgModule.schemas' of this component.'
,Chrome 126.0.0.0 (Windows 10) ERROR: 'NG0303: Can't bind to 'preview' since it isn't a known property of 'p-image' (used in the 'ControllerComponent' component template).
1. If 'p-image' is an Angular component and it has the 'preview' input, then verify that it is a part of an @NgModule where this component is declared.
2. If 'p-image' is a Web Component then add 'CUSTOM_ELEMENTS_SCHEMA' to the '@NgModule.schemas' of this component to suppress this message.
3. To allow any property add 'NO_ERRORS_SCHEMA' to the '@NgModule.schemas' of this component.'
,Chrome 126.0.0.0 (Windows 10) ERROR: 'NG0303: Can't bind to 'preview' since it isn't a known property of 'p-image' (used in the 'ControllerComponent' component template).
1. If 'p-image' is an Angular component and it has the 'preview' input, then verify that it is a part of an @NgModule where this component is declared.
2. If 'p-image' is a Web Component then add 'CUSTOM_ELEMENTS_SCHEMA' to the '@NgModule.schemas' of this component to suppress this message.
3. To allow any property add 'NO_ERRORS_SCHEMA' to the '@NgModule.schemas' of this component.'
,Chrome 126.0.0.0 (Windows 10) ERROR: 'NG0303: Can't bind to 'preview' since it isn't a known property of 'p-image' (used in the 'ControllerComponent' component template).
1. If 'p-image' is an Angular component and it has the 'preview' input, then verify that it is a part of an @NgModule where this component is declared.
2. If 'p-image' is a Web Component then add 'CUSTOM_ELEMENTS_SCHEMA' to the '@NgModule.schemas' of this component to suppress this message.
3. To allow any property add 'NO_ERRORS_SCHEMA' to the '@NgModule.schemas' of this component.'
,Chrome 126.0.0.0 (Windows 10) ERROR: 'NG0303: Can't bind to 'expandIcon' since it isn't a known property of 'p-accordion' (used in the 'ControllerComponent' component template).
1. If 'p-accordion' is an Angular component and it has the 'expandIcon' input, then verify that it is a part of an @NgModule where this component is declared.
2. If 'p-accordion' is a Web Component then add 'CUSTOM_ELEMENTS_SCHEMA' to the '@NgModule.schemas' of this component to suppress this message.
3. To allow any property add 'NO_ERRORS_SCHEMA' to the '@NgModule.schemas' of this component.'
,Chrome 126.0.0.0 (Windows 10) ERROR: 'NG0303: Can't bind to 'header' since it isn't a known property of 'p-accordionTab' (used in the 'ControllerComponent' component template).
1. If 'p-accordionTab' is an Angular component and it has the 'header' input, then verify that it is a part of an @NgModule where this component is declared.
2. If 'p-accordionTab' is a Web Component then add 'CUSTOM_ELEMENTS_SCHEMA' to the '@NgModule.schemas' of this component to suppress this message.
3. To allow any property add 'NO_ERRORS_SCHEMA' to the '@NgModule.schemas' of this component.'
,Chrome 126.0.0.0 (Windows 10) ERROR: 'NG0303: Can't bind to 'content' since it isn't a known property of 'rbn-panel-messages' (used in the 'ControllerComponent' component template).
1. If 'rbn-panel-messages' is an Angular component and it has the 'content' input, then verify that it is a part of an @NgModule where this component is declared.
2. If 'rbn-panel-messages' is a Web Component then add 'CUSTOM_ELEMENTS_SCHEMA' to the '@NgModule.schemas' of this component to suppress this message.
3. To allow any property add 'NO_ERRORS_SCHEMA' to the '@NgModule.schemas' of this component.'
,Chrome 126.0.0.0 (Windows 10) ERROR: 'NG0303: Can't bind to 'typeOfMessage' since it isn't a known property of 'rbn-panel-messages' (used in the 'ControllerComponent' component template).
1. If 'rbn-panel-messages' is an Angular component and it has the 'typeOfMessage' input, then verify that it is a part of an @NgModule where this component is declared.
2. If 'rbn-panel-messages' is a Web Component then add 'CUSTOM_ELEMENTS_SCHEMA' to the '@NgModule.schemas' of this component to suppress this message.
3. To allow any property add 'NO_ERRORS_SCHEMA' to the '@NgModule.schemas' of this component.'
,Chrome 126.0.0.0 (Windows 10) ERROR: 'NG0303: Can't bind to 'routerLink' since it isn't a known property of 'a' (used in the 'ControllerComponent' component template).
1. If 'a' is an Angular component and it has the 'routerLink' input, then verify that it is a part of an @NgModule where this component is declared.
2. To allow any property add 'NO_ERRORS_SCHEMA' to the '@NgModule.schemas' of this component.'
,Chrome 126.0.0.0 (Windows 10) ERROR: 'NG0303: Can't bind to 'preview' since it isn't a known property of 'p-image' (used in the 'ControllerComponent' component template).
1. If 'p-image' is an Angular component and it has the 'preview' input, then verify that it is a part of an @NgModule where this component is declared.
2. If 'p-image' is a Web Component then add 'CUSTOM_ELEMENTS_SCHEMA' to the '@NgModule.schemas' of this component to suppress this message.
3. To allow any property add 'NO_ERRORS_SCHEMA' to the '@NgModule.schemas' of this component.'
,Chrome 126.0.0.0 (Windows 10) ERROR: 'NG0303: Can't bind to 'preview' since it isn't a known property of 'p-image' (used in the 'ControllerComponent' component template).
1. If 'p-image' is an Angular component and it has the 'preview' input, then verify that it is a part of an @NgModule where this component is declared.
2. If 'p-image' is a Web Component then add 'CUSTOM_ELEMENTS_SCHEMA' to the '@NgModule.schemas' of this component to suppress this message.
3. To allow any property add 'NO_ERRORS_SCHEMA' to the '@NgModule.schemas' of this component.'
,Chrome 126.0.0.0 (Windows 10) ERROR: 'NG0303: Can't bind to 'expandIcon' since it isn't a known property of 'p-accordion' (used in the 'ControllerComponent' component template).
1. If 'p-accordion' is an Angular component and it has the 'expandIcon' input, then verify that it is a part of an @NgModule where this component is declared.
2. If 'p-accordion' is a Web Component then add 'CUSTOM_ELEMENTS_SCHEMA' to the '@NgModule.schemas' of this component to suppress this message.
3. To allow any property add 'NO_ERRORS_SCHEMA' to the '@NgModule.schemas' of this component.'
,Chrome 126.0.0.0 (Windows 10) ERROR: 'NG0303: Can't bind to 'header' since it isn't a known property of 'p-accordionTab' (used in the 'ControllerComponent' component template).
1. If 'p-accordionTab' is an Angular component and it has the 'header' input, then verify that it is a part of an @NgModule where this component is declared.
2. If 'p-accordionTab' is a Web Component then add 'CUSTOM_ELEMENTS_SCHEMA' to the '@NgModule.schemas' of this component to suppress this message.
3. To allow any property add 'NO_ERRORS_SCHEMA' to the '@NgModule.schemas' of this component.'
,Chrome 126.0.0.0 (Windows 10) ERROR: 'NG0303: Can't bind to 'preview' since it isn't a known property of 'p-image' (used in the 'ControllerComponent' component template).
1. If 'p-image' is an Angular component and it has the 'preview' input, then verify that it is a part of an @NgModule where this component is declared.
2. If 'p-image' is a Web Component then add 'CUSTOM_ELEMENTS_SCHEMA' to the '@NgModule.schemas' of this component to suppress this message.
3. To allow any property add 'NO_ERRORS_SCHEMA' to the '@NgModule.schemas' of this component.'
,Chrome 126.0.0.0 (Windows 10) ERROR: 'NG0303: Can't bind to 'routerLink' since it isn't a known property of 'a' (used in the 'ControllerComponent' component template).
1. If 'a' is an Angular component and it has the 'routerLink' input, then verify that it is a part of an @NgModule where this component is declared.
2. To allow any property add 'NO_ERRORS_SCHEMA' to the '@NgModule.schemas' of this component.'
,Chrome 126.0.0.0 (Windows 10) ERROR: 'NG0303: Can't bind to 'preview' since it isn't a known property of 'p-image' (used in the 'ControllerComponent' component template).
1. If 'p-image' is an Angular component and it has the 'preview' input, then verify that it is a part of an @NgModule where this component is declared.
2. If 'p-image' is a Web Component then add 'CUSTOM_ELEMENTS_SCHEMA' to the '@NgModule.schemas' of this component to suppress this message.
3. To allow any property add 'NO_ERRORS_SCHEMA' to the '@NgModule.schemas' of this component.'
,Chrome 126.0.0.0 (Windows 10) ERROR: 'NG0303: Can't bind to 'preview' since it isn't a known property of 'p-image' (used in the 'ControllerComponent' component template).
1. If 'p-image' is an Angular component and it has the 'preview' input, then verify that it is a part of an @NgModule where this component is declared.
2. If 'p-image' is a Web Component then add 'CUSTOM_ELEMENTS_SCHEMA' to the '@NgModule.schemas' of this component to suppress this message.
3. To allow any property add 'NO_ERRORS_SCHEMA' to the '@NgModule.schemas' of this component.'
,Chrome 126.0.0.0 (Windows 10) ERROR: 'NG0303: Can't bind to 'preview' since it isn't a known property of 'p-image' (used in the 'ControllerComponent' component template).
1. If 'p-image' is an Angular component and it has the 'preview' input, then verify that it is a part of an @NgModule where this component is declared.
2. If 'p-image' is a Web Component then add 'CUSTOM_ELEMENTS_SCHEMA' to the '@NgModule.schemas' of this component to suppress this message.
3. To allow any property add 'NO_ERRORS_SCHEMA' to the '@NgModule.schemas' of this component.'
,Chrome 126.0.0.0 (Windows 10) ERROR: 'NG0304: 'rbn-page-header' is not a known element (used in the 'QosCollectorsComponent' component template):
1. If 'rbn-page-header' is an Angular component, then verify that it is a part of an @NgModule where this component is declared.
2. If 'rbn-page-header' is a Web Component then add 'CUSTOM_ELEMENTS_SCHEMA' to the '@NgModule.schemas' of this component to suppress this message.'
,Chrome 126.0.0.0 (Windows 10) ERROR: 'NG0304: 'p-panel' is not a known element (used in the 'QosCollectorsComponent' component template):
1. If 'p-panel' is an Angular component, then verify that it is a part of an @NgModule where this component is declared.
2. If 'p-panel' is a Web Component then add 'CUSTOM_ELEMENTS_SCHEMA' to the '@NgModule.schemas' of this component to suppress this message.'
,Chrome 126.0.0.0 (Windows 10) ERROR: 'NG0304: 'p-image' is not a known element (used in the 'QosCollectorsComponent' component template):
1. If 'p-image' is an Angular component, then verify that it is a part of an @NgModule where this component is declared.
2. If 'p-image' is a Web Component then add 'CUSTOM_ELEMENTS_SCHEMA' to the '@NgModule.schemas' of this component to suppress this message.'
,Chrome 126.0.0.0 (Windows 10) ERROR: 'NG0304: 'p-accordion' is not a known element (used in the 'QosCollectorsComponent' component template):
1. If 'p-accordion' is an Angular component, then verify that it is a part of an @NgModule where this component is declared.
2. If 'p-accordion' is a Web Component then add 'CUSTOM_ELEMENTS_SCHEMA' to the '@NgModule.schemas' of this component to suppress this message.'
,Chrome 126.0.0.0 (Windows 10) ERROR: 'NG0304: 'p-accordionTab' is not a known element (used in the 'QosCollectorsComponent' component template):
1. If 'p-accordionTab' is an Angular component, then verify that it is a part of an @NgModule where this component is declared.
2. If 'p-accordionTab' is a Web Component then add 'CUSTOM_ELEMENTS_SCHEMA' to the '@NgModule.schemas' of this component to suppress this message.'
,Chrome 126.0.0.0 (Windows 10) ERROR: 'NG0304: 'p-tabView' is not a known element (used in the 'QosCollectorsComponent' component template):
1. If 'p-tabView' is an Angular component, then verify that it is a part of an @NgModule where this component is declared.
2. If 'p-tabView' is a Web Component then add 'CUSTOM_ELEMENTS_SCHEMA' to the '@NgModule.schemas' of this component to suppress this message.'
,Chrome 126.0.0.0 (Windows 10) ERROR: 'NG0304: 'p-tabPanel' is not a known element (used in the 'QosCollectorsComponent' component template):
1. If 'p-tabPanel' is an Angular component, then verify that it is a part of an @NgModule where this component is declared.
2. If 'p-tabPanel' is a Web Component then add 'CUSTOM_ELEMENTS_SCHEMA' to the '@NgModule.schemas' of this component to suppress this message.'
,Chrome 126.0.0.0 (Windows 10) ERROR: 'NG0304: 'p-tabPanel' is not a known element (used in the 'QosCollectorsComponent' component template):
1. If 'p-tabPanel' is an Angular component, then verify that it is a part of an @NgModule where this component is declared.
2. If 'p-tabPanel' is a Web Component then add 'CUSTOM_ELEMENTS_SCHEMA' to the '@NgModule.schemas' of this component to suppress this message.'
,Chrome 126.0.0.0 (Windows 10) ERROR: 'NG0304: 'p-tabPanel' is not a known element (used in the 'QosCollectorsComponent' component template):
1. If 'p-tabPanel' is an Angular component, then verify that it is a part of an @NgModule where this component is declared.
2. If 'p-tabPanel' is a Web Component then add 'CUSTOM_ELEMENTS_SCHEMA' to the '@NgModule.schemas' of this component to suppress this message.'
,Chrome 126.0.0.0 (Windows 10) ERROR: 'NG0304: 'p-tabPanel' is not a known element (used in the 'QosCollectorsComponent' component template):
1. If 'p-tabPanel' is an Angular component, then verify that it is a part of an @NgModule where this component is declared.
2. If 'p-tabPanel' is a Web Component then add 'CUSTOM_ELEMENTS_SCHEMA' to the '@NgModule.schemas' of this component to suppress this message.'
,Chrome 126.0.0.0 (Windows 10) ERROR: 'NG0303: Can't bind to 'data' since it isn't a known property of 'rbn-page-header' (used in the 'QosCollectorsComponent' component template).
1. If 'rbn-page-header' is an Angular component and it has the 'data' input, then verify that it is a part of an @NgModule where this component is declared.
2. If 'rbn-page-header' is a Web Component then add 'CUSTOM_ELEMENTS_SCHEMA' to the '@NgModule.schemas' of this component to suppress this message.
3. To allow any property add 'NO_ERRORS_SCHEMA' to the '@NgModule.schemas' of this component.'
,Chrome 126.0.0.0 (Windows 10) ERROR: 'NG0303: Can't bind to 'showHeader' since it isn't a known property of 'p-panel' (used in the 'QosCollectorsComponent' component template).
1. If 'p-panel' is an Angular component and it has the 'showHeader' input, then verify that it is a part of an @NgModule where this component is declared.
2. If 'p-panel' is a Web Component then add 'CUSTOM_ELEMENTS_SCHEMA' to the '@NgModule.schemas' of this component to suppress this message.
3. To allow any property add 'NO_ERRORS_SCHEMA' to the '@NgModule.schemas' of this component.'
,Chrome 126.0.0.0 (Windows 10) ERROR: 'NG0303: Can't bind to 'preview' since it isn't a known property of 'p-image' (used in the 'QosCollectorsComponent' component template).
1. If 'p-image' is an Angular component and it has the 'preview' input, then verify that it is a part of an @NgModule where this component is declared.
2. If 'p-image' is a Web Component then add 'CUSTOM_ELEMENTS_SCHEMA' to the '@NgModule.schemas' of this component to suppress this message.
3. To allow any property add 'NO_ERRORS_SCHEMA' to the '@NgModule.schemas' of this component.'
,Chrome 126.0.0.0 (Windows 10) ERROR: 'NG0303: Can't bind to 'expandIcon' since it isn't a known property of 'p-accordion' (used in the 'QosCollectorsComponent' component template).
1. If 'p-accordion' is an Angular component and it has the 'expandIcon' input, then verify that it is a part of an @NgModule where this component is declared.
2. If 'p-accordion' is a Web Component then add 'CUSTOM_ELEMENTS_SCHEMA' to the '@NgModule.schemas' of this component to suppress this message.
3. To allow any property add 'NO_ERRORS_SCHEMA' to the '@NgModule.schemas' of this component.'
,Chrome 126.0.0.0 (Windows 10) ERROR: 'NG0303: Can't bind to 'header' since it isn't a known property of 'p-accordionTab' (used in the 'QosCollectorsComponent' component template).
1. If 'p-accordionTab' is an Angular component and it has the 'header' input, then verify that it is a part of an @NgModule where this component is declared.
2. If 'p-accordionTab' is a Web Component then add 'CUSTOM_ELEMENTS_SCHEMA' to the '@NgModule.schemas' of this component to suppress this message.
3. To allow any property add 'NO_ERRORS_SCHEMA' to the '@NgModule.schemas' of this component.'
,Chrome 126.0.0.0 (Windows 10) ERROR: 'NG0303: Can't bind to 'header' since it isn't a known property of 'p-tabPanel' (used in the 'QosCollectorsComponent' component template).
1. If 'p-tabPanel' is an Angular component and it has the 'header' input, then verify that it is a part of an @NgModule where this component is declared.
2. If 'p-tabPanel' is a Web Component then add 'CUSTOM_ELEMENTS_SCHEMA' to the '@NgModule.schemas' of this component to suppress this message.
3. To allow any property add 'NO_ERRORS_SCHEMA' to the '@NgModule.schemas' of this component.'
,Chrome 126.0.0.0 (Windows 10) ERROR: 'NG0303: Can't bind to 'cache' since it isn't a known property of 'p-tabPanel' (used in the 'QosCollectorsComponent' component template).
1. If 'p-tabPanel' is an Angular component and it has the 'cache' input, then verify that it is a part of an @NgModule where this component is declared.
2. If 'p-tabPanel' is a Web Component then add 'CUSTOM_ELEMENTS_SCHEMA' to the '@NgModule.schemas' of this component to suppress this message.
3. To allow any property add 'NO_ERRORS_SCHEMA' to the '@NgModule.schemas' of this component.'
,Chrome 126.0.0.0 (Windows 10) ERROR: 'NG0303: Can't bind to 'header' since it isn't a known property of 'p-tabPanel' (used in the 'QosCollectorsComponent' component template).
1. If 'p-tabPanel' is an Angular component and it has the 'header' input, then verify that it is a part of an @NgModule where this component is declared.
2. If 'p-tabPanel' is a Web Component then add 'CUSTOM_ELEMENTS_SCHEMA' to the '@NgModule.schemas' of this component to suppress this message.
3. To allow any property add 'NO_ERRORS_SCHEMA' to the '@NgModule.schemas' of this component.'
,Chrome 126.0.0.0 (Windows 10) ERROR: 'NG0303: Can't bind to 'cache' since it isn't a known property of 'p-tabPanel' (used in the 'QosCollectorsComponent' component template).
1. If 'p-tabPanel' is an Angular component and it has the 'cache' input, then verify that it is a part of an @NgModule where this component is declared.
2. If 'p-tabPanel' is a Web Component then add 'CUSTOM_ELEMENTS_SCHEMA' to the '@NgModule.schemas' of this component to suppress this message.
3. To allow any property add 'NO_ERRORS_SCHEMA' to the '@NgModule.schemas' of this component.'
,Chrome 126.0.0.0 (Windows 10) ERROR: 'NG0303: Can't bind to 'header' since it isn't a known property of 'p-tabPanel' (used in the 'QosCollectorsComponent' component template).
1. If 'p-tabPanel' is an Angular component and it has the 'header' input, then verify that it is a part of an @NgModule where this component is declared.
2. If 'p-tabPanel' is a Web Component then add 'CUSTOM_ELEMENTS_SCHEMA' to the '@NgModule.schemas' of this component to suppress this message.
3. To allow any property add 'NO_ERRORS_SCHEMA' to the '@NgModule.schemas' of this component.'
,Chrome 126.0.0.0 (Windows 10) ERROR: 'NG0303: Can't bind to 'cache' since it isn't a known property of 'p-tabPanel' (used in the 'QosCollectorsComponent' component template).
1. If 'p-tabPanel' is an Angular component and it has the 'cache' input, then verify that it is a part of an @NgModule where this component is declared.
2. If 'p-tabPanel' is a Web Component then add 'CUSTOM_ELEMENTS_SCHEMA' to the '@NgModule.schemas' of this component to suppress this message.
3. To allow any property add 'NO_ERRORS_SCHEMA' to the '@NgModule.schemas' of this component.'
,Chrome 126.0.0.0 (Windows 10) ERROR: 'NG0303: Can't bind to 'header' since it isn't a known property of 'p-tabPanel' (used in the 'QosCollectorsComponent' component template).
1. If 'p-tabPanel' is an Angular component and it has the 'header' input, then verify that it is a part of an @NgModule where this component is declared.
2. If 'p-tabPanel' is a Web Component then add 'CUSTOM_ELEMENTS_SCHEMA' to the '@NgModule.schemas' of this component to suppress this message.
3. To allow any property add 'NO_ERRORS_SCHEMA' to the '@NgModule.schemas' of this component.'
,Chrome 126.0.0.0 (Windows 10) ERROR: 'NG0303: Can't bind to 'cache' since it isn't a known property of 'p-tabPanel' (used in the 'QosCollectorsComponent' component template).
1. If 'p-tabPanel' is an Angular component and it has the 'cache' input, then verify that it is a part of an @NgModule where this component is declared.
2. If 'p-tabPanel' is a Web Component then add 'CUSTOM_ELEMENTS_SCHEMA' to the '@NgModule.schemas' of this component to suppress this message.
3. To allow any property add 'NO_ERRORS_SCHEMA' to the '@NgModule.schemas' of this component.'
,Chrome 126.0.0.0 (Windows 10) ERROR: 'NG0304: 'rbn-page-header' is not a known element (used in the 'CarriersComponent' component template):
1. If 'rbn-page-header' is an Angular component, then verify that it is a part of an @NgModule where this component is declared.
2. If 'rbn-page-header' is a Web Component then add 'CUSTOM_ELEMENTS_SCHEMA' to the '@NgModule.schemas' of this component to suppress this message.'
,Chrome 126.0.0.0 (Windows 10) ERROR: 'NG0304: 'p-panel' is not a known element (used in the 'CarriersComponent' component template):
1. If 'p-panel' is an Angular component, then verify that it is a part of an @NgModule where this component is declared.
2. If 'p-panel' is a Web Component then add 'CUSTOM_ELEMENTS_SCHEMA' to the '@NgModule.schemas' of this component to suppress this message.'
,Chrome 126.0.0.0 (Windows 10) ERROR: 'NG0304: 'rbn-panel-messages' is not a known element (used in the 'CarriersComponent' component template):
1. If 'rbn-panel-messages' is an Angular component, then verify that it is a part of an @NgModule where this component is declared.
2. If 'rbn-panel-messages' is a Web Component then add 'CUSTOM_ELEMENTS_SCHEMA' to the '@NgModule.schemas' of this component to suppress this message.'
,Chrome 126.0.0.0 (Windows 10) ERROR: 'NG0304: 'rbn-panel-messages' is not a known element (used in the 'CarriersComponent' component template):
1. If 'rbn-panel-messages' is an Angular component, then verify that it is a part of an @NgModule where this component is declared.
2. If 'rbn-panel-messages' is a Web Component then add 'CUSTOM_ELEMENTS_SCHEMA' to the '@NgModule.schemas' of this component to suppress this message.'
,Chrome 126.0.0.0 (Windows 10) ERROR: 'NG0304: 'p-image' is not a known element (used in the 'CarriersComponent' component template):
1. If 'p-image' is an Angular component, then verify that it is a part of an @NgModule where this component is declared.
2. If 'p-image' is a Web Component then add 'CUSTOM_ELEMENTS_SCHEMA' to the '@NgModule.schemas' of this component to suppress this message.'
,Chrome 126.0.0.0 (Windows 10) ERROR: 'NG0304: 'p-accordion' is not a known element (used in the 'CarriersComponent' component template):
1. If 'p-accordion' is an Angular component, then verify that it is a part of an @NgModule where this component is declared.
2. If 'p-accordion' is a Web Component then add 'CUSTOM_ELEMENTS_SCHEMA' to the '@NgModule.schemas' of this component to suppress this message.'
,Chrome 126.0.0.0 (Windows 10) ERROR: 'NG0304: 'p-accordionTab' is not a known element (used in the 'CarriersComponent' component template):
1. If 'p-accordionTab' is an Angular component, then verify that it is a part of an @NgModule where this component is declared.
2. If 'p-accordionTab' is a Web Component then add 'CUSTOM_ELEMENTS_SCHEMA' to the '@NgModule.schemas' of this component to suppress this message.'
,Chrome 126.0.0.0 (Windows 10) ERROR: 'NG0304: 'p-tabView' is not a known element (used in the 'CarriersComponent' component template):
1. If 'p-tabView' is an Angular component, then verify that it is a part of an @NgModule where this component is declared.
2. If 'p-tabView' is a Web Component then add 'CUSTOM_ELEMENTS_SCHEMA' to the '@NgModule.schemas' of this component to suppress this message.'
,Chrome 126.0.0.0 (Windows 10) ERROR: 'NG0304: 'p-tabPanel' is not a known element (used in the 'CarriersComponent' component template):
1. If 'p-tabPanel' is an Angular component, then verify that it is a part of an @NgModule where this component is declared.
2. If 'p-tabPanel' is a Web Component then add 'CUSTOM_ELEMENTS_SCHEMA' to the '@NgModule.schemas' of this component to suppress this message.'
,Chrome 126.0.0.0 (Windows 10) ERROR: 'NG0304: 'p-image' is not a known element (used in the 'CarriersComponent' component template):
1. If 'p-image' is an Angular component, then verify that it is a part of an @NgModule where this component is declared.
2. If 'p-image' is a Web Component then add 'CUSTOM_ELEMENTS_SCHEMA' to the '@NgModule.schemas' of this component to suppress this message.'
,Chrome 126.0.0.0 (Windows 10) ERROR: 'NG0304: 'rbn-panel-messages' is not a known element (used in the 'CarriersComponent' component template):
1. If 'rbn-panel-messages' is an Angular component, then verify that it is a part of an @NgModule where this component is declared.
2. If 'rbn-panel-messages' is a Web Component then add 'CUSTOM_ELEMENTS_SCHEMA' to the '@NgModule.schemas' of this component to suppress this message.'
,Chrome 126.0.0.0 (Windows 10) ERROR: 'NG0304: 'p-tabPanel' is not a known element (used in the 'CarriersComponent' component template):
1. If 'p-tabPanel' is an Angular component, then verify that it is a part of an @NgModule where this component is declared.
2. If 'p-tabPanel' is a Web Component then add 'CUSTOM_ELEMENTS_SCHEMA' to the '@NgModule.schemas' of this component to suppress this message.'
,Chrome 126.0.0.0 (Windows 10) ERROR: 'NG0304: 'p-image' is not a known element (used in the 'CarriersComponent' component template):
1. If 'p-image' is an Angular component, then verify that it is a part of an @NgModule where this component is declared.
2. If 'p-image' is a Web Component then add 'CUSTOM_ELEMENTS_SCHEMA' to the '@NgModule.schemas' of this component to suppress this message.'
,Chrome 126.0.0.0 (Windows 10) ERROR: 'NG0304: 'p-tabPanel' is not a known element (used in the 'CarriersComponent' component template):
1. If 'p-tabPanel' is an Angular component, then verify that it is a part of an @NgModule where this component is declared.
2. If 'p-tabPanel' is a Web Component then add 'CUSTOM_ELEMENTS_SCHEMA' to the '@NgModule.schemas' of this component to suppress this message.'
,Chrome 126.0.0.0 (Windows 10) ERROR: 'NG0304: 'p-image' is not a known element (used in the 'CarriersComponent' component template):
1. If 'p-image' is an Angular component, then verify that it is a part of an @NgModule where this component is declared.
2. If 'p-image' is a Web Component then add 'CUSTOM_ELEMENTS_SCHEMA' to the '@NgModule.schemas' of this component to suppress this message.'
,Chrome 126.0.0.0 (Windows 10) ERROR: 'NG0303: Can't bind to 'data' since it isn't a known property of 'rbn-page-header' (used in the 'CarriersComponent' component template).
1. If 'rbn-page-header' is an Angular component and it has the 'data' input, then verify that it is a part of an @NgModule where this component is declared.
2. If 'rbn-page-header' is a Web Component then add 'CUSTOM_ELEMENTS_SCHEMA' to the '@NgModule.schemas' of this component to suppress this message.
3. To allow any property add 'NO_ERRORS_SCHEMA' to the '@NgModule.schemas' of this component.'
,Chrome 126.0.0.0 (Windows 10) ERROR: 'NG0303: Can't bind to 'showHeader' since it isn't a known property of 'p-panel' (used in the 'CarriersComponent' component template).
1. If 'p-panel' is an Angular component and it has the 'showHeader' input, then verify that it is a part of an @NgModule where this component is declared.
2. If 'p-panel' is a Web Component then add 'CUSTOM_ELEMENTS_SCHEMA' to the '@NgModule.schemas' of this component to suppress this message.
3. To allow any property add 'NO_ERRORS_SCHEMA' to the '@NgModule.schemas' of this component.'
,Chrome 126.0.0.0 (Windows 10) ERROR: 'NG0303: Can't bind to 'content' since it isn't a known property of 'rbn-panel-messages' (used in the 'CarriersComponent' component template).
1. If 'rbn-panel-messages' is an Angular component and it has the 'content' input, then verify that it is a part of an @NgModule where this component is declared.
2. If 'rbn-panel-messages' is a Web Component then add 'CUSTOM_ELEMENTS_SCHEMA' to the '@NgModule.schemas' of this component to suppress this message.
3. To allow any property add 'NO_ERRORS_SCHEMA' to the '@NgModule.schemas' of this component.'
,Chrome 126.0.0.0 (Windows 10) ERROR: 'NG0303: Can't bind to 'typeOfMessage' since it isn't a known property of 'rbn-panel-messages' (used in the 'CarriersComponent' component template).
1. If 'rbn-panel-messages' is an Angular component and it has the 'typeOfMessage' input, then verify that it is a part of an @NgModule where this component is declared.
2. If 'rbn-panel-messages' is a Web Component then add 'CUSTOM_ELEMENTS_SCHEMA' to the '@NgModule.schemas' of this component to suppress this message.
3. To allow any property add 'NO_ERRORS_SCHEMA' to the '@NgModule.schemas' of this component.'
,Chrome 126.0.0.0 (Windows 10) ERROR: 'NG0303: Can't bind to 'content' since it isn't a known property of 'rbn-panel-messages' (used in the 'CarriersComponent' component template).
1. If 'rbn-panel-messages' is an Angular component and it has the 'content' input, then verify that it is a part of an @NgModule where this component is declared.
2. If 'rbn-panel-messages' is a Web Component then add 'CUSTOM_ELEMENTS_SCHEMA' to the '@NgModule.schemas' of this component to suppress this message.
3. To allow any property add 'NO_ERRORS_SCHEMA' to the '@NgModule.schemas' of this component.'
,Chrome 126.0.0.0 (Windows 10) ERROR: 'NG0303: Can't bind to 'typeOfMessage' since it isn't a known property of 'rbn-panel-messages' (used in the 'CarriersComponent' component template).
1. If 'rbn-panel-messages' is an Angular component and it has the 'typeOfMessage' input, then verify that it is a part of an @NgModule where this component is declared.
2. If 'rbn-panel-messages' is a Web Component then add 'CUSTOM_ELEMENTS_SCHEMA' to the '@NgModule.schemas' of this component to suppress this message.
3. To allow any property add 'NO_ERRORS_SCHEMA' to the '@NgModule.schemas' of this component.'
,Chrome 126.0.0.0 (Windows 10) ERROR: 'NG0303: Can't bind to 'preview' since it isn't a known property of 'p-image' (used in the 'CarriersComponent' component template).
1. If 'p-image' is an Angular component and it has the 'preview' input, then verify that it is a part of an @NgModule where this component is declared.
2. If 'p-image' is a Web Component then add 'CUSTOM_ELEMENTS_SCHEMA' to the '@NgModule.schemas' of this component to suppress this message.
3. To allow any property add 'NO_ERRORS_SCHEMA' to the '@NgModule.schemas' of this component.'
,Chrome 126.0.0.0 (Windows 10) ERROR: 'NG0303: Can't bind to 'expandIcon' since it isn't a known property of 'p-accordion' (used in the 'CarriersComponent' component template).
1. If 'p-accordion' is an Angular component and it has the 'expandIcon' input, then verify that it is a part of an @NgModule where this component is declared.
2. If 'p-accordion' is a Web Component then add 'CUSTOM_ELEMENTS_SCHEMA' to the '@NgModule.schemas' of this component to suppress this message.
3. To allow any property add 'NO_ERRORS_SCHEMA' to the '@NgModule.schemas' of this component.'
,Chrome 126.0.0.0 (Windows 10) ERROR: 'NG0303: Can't bind to 'header' since it isn't a known property of 'p-accordionTab' (used in the 'CarriersComponent' component template).
1. If 'p-accordionTab' is an Angular component and it has the 'header' input, then verify that it is a part of an @NgModule where this component is declared.
2. If 'p-accordionTab' is a Web Component then add 'CUSTOM_ELEMENTS_SCHEMA' to the '@NgModule.schemas' of this component to suppress this message.
3. To allow any property add 'NO_ERRORS_SCHEMA' to the '@NgModule.schemas' of this component.'
,Chrome 126.0.0.0 (Windows 10) ERROR: 'NG0303: Can't bind to 'header' since it isn't a known property of 'p-tabPanel' (used in the 'CarriersComponent' component template).
1. If 'p-tabPanel' is an Angular component and it has the 'header' input, then verify that it is a part of an @NgModule where this component is declared.
2. If 'p-tabPanel' is a Web Component then add 'CUSTOM_ELEMENTS_SCHEMA' to the '@NgModule.schemas' of this component to suppress this message.
3. To allow any property add 'NO_ERRORS_SCHEMA' to the '@NgModule.schemas' of this component.'
,Chrome 126.0.0.0 (Windows 10) ERROR: 'NG0303: Can't bind to 'cache' since it isn't a known property of 'p-tabPanel' (used in the 'CarriersComponent' component template).
1. If 'p-tabPanel' is an Angular component and it has the 'cache' input, then verify that it is a part of an @NgModule where this component is declared.
2. If 'p-tabPanel' is a Web Component then add 'CUSTOM_ELEMENTS_SCHEMA' to the '@NgModule.schemas' of this component to suppress this message.
3. To allow any property add 'NO_ERRORS_SCHEMA' to the '@NgModule.schemas' of this component.'
,Chrome 126.0.0.0 (Windows 10) ERROR: 'NG0303: Can't bind to 'preview' since it isn't a known property of 'p-image' (used in the 'CarriersComponent' component template).
1. If 'p-image' is an Angular component and it has the 'preview' input, then verify that it is a part of an @NgModule where this component is declared.
2. If 'p-image' is a Web Component then add 'CUSTOM_ELEMENTS_SCHEMA' to the '@NgModule.schemas' of this component to suppress this message.
3. To allow any property add 'NO_ERRORS_SCHEMA' to the '@NgModule.schemas' of this component.'
,Chrome 126.0.0.0 (Windows 10) ERROR: 'NG0303: Can't bind to 'content' since it isn't a known property of 'rbn-panel-messages' (used in the 'CarriersComponent' component template).
1. If 'rbn-panel-messages' is an Angular component and it has the 'content' input, then verify that it is a part of an @NgModule where this component is declared.
2. If 'rbn-panel-messages' is a Web Component then add 'CUSTOM_ELEMENTS_SCHEMA' to the '@NgModule.schemas' of this component to suppress this message.
3. To allow any property add 'NO_ERRORS_SCHEMA' to the '@NgModule.schemas' of this component.'
,Chrome 126.0.0.0 (Windows 10) ERROR: 'NG0303: Can't bind to 'typeOfMessage' since it isn't a known property of 'rbn-panel-messages' (used in the 'CarriersComponent' component template).
1. If 'rbn-panel-messages' is an Angular component and it has the 'typeOfMessage' input, then verify that it is a part of an @NgModule where this component is declared.
2. If 'rbn-panel-messages' is a Web Component then add 'CUSTOM_ELEMENTS_SCHEMA' to the '@NgModule.schemas' of this component to suppress this message.
3. To allow any property add 'NO_ERRORS_SCHEMA' to the '@NgModule.schemas' of this component.'
,Chrome 126.0.0.0 (Windows 10) ERROR: 'NG0303: Can't bind to 'header' since it isn't a known property of 'p-tabPanel' (used in the 'CarriersComponent' component template).
1. If 'p-tabPanel' is an Angular component and it has the 'header' input, then verify that it is a part of an @NgModule where this component is declared.
2. If 'p-tabPanel' is a Web Component then add 'CUSTOM_ELEMENTS_SCHEMA' to the '@NgModule.schemas' of this component to suppress this message.
3. To allow any property add 'NO_ERRORS_SCHEMA' to the '@NgModule.schemas' of this component.'
,Chrome 126.0.0.0 (Windows 10) ERROR: 'NG0303: Can't bind to 'cache' since it isn't a known property of 'p-tabPanel' (used in the 'CarriersComponent' component template).
1. If 'p-tabPanel' is an Angular component and it has the 'cache' input, then verify that it is a part of an @NgModule where this component is declared.
2. If 'p-tabPanel' is a Web Component then add 'CUSTOM_ELEMENTS_SCHEMA' to the '@NgModule.schemas' of this component to suppress this message.
3. To allow any property add 'NO_ERRORS_SCHEMA' to the '@NgModule.schemas' of this component.'
,Chrome 126.0.0.0 (Windows 10) ERROR: 'NG0303: Can't bind to 'preview' since it isn't a known property of 'p-image' (used in the 'CarriersComponent' component template).
1. If 'p-image' is an Angular component and it has the 'preview' input, then verify that it is a part of an @NgModule where this component is declared.
2. If 'p-image' is a Web Component then add 'CUSTOM_ELEMENTS_SCHEMA' to the '@NgModule.schemas' of this component to suppress this message.
3. To allow any property add 'NO_ERRORS_SCHEMA' to the '@NgModule.schemas' of this component.'
,Chrome 126.0.0.0 (Windows 10) ERROR: 'NG0303: Can't bind to 'header' since it isn't a known property of 'p-tabPanel' (used in the 'CarriersComponent' component template).
1. If 'p-tabPanel' is an Angular component and it has the 'header' input, then verify that it is a part of an @NgModule where this component is declared.
2. If 'p-tabPanel' is a Web Component then add 'CUSTOM_ELEMENTS_SCHEMA' to the '@NgModule.schemas' of this component to suppress this message.
3. To allow any property add 'NO_ERRORS_SCHEMA' to the '@NgModule.schemas' of this component.'
,Chrome 126.0.0.0 (Windows 10) ERROR: 'NG0303: Can't bind to 'cache' since it isn't a known property of 'p-tabPanel' (used in the 'CarriersComponent' component template).
1. If 'p-tabPanel' is an Angular component and it has the 'cache' input, then verify that it is a part of an @NgModule where this component is declared.
2. If 'p-tabPanel' is a Web Component then add 'CUSTOM_ELEMENTS_SCHEMA' to the '@NgModule.schemas' of this component to suppress this message.
3. To allow any property add 'NO_ERRORS_SCHEMA' to the '@NgModule.schemas' of this component.'
,Chrome 126.0.0.0 (Windows 10) ERROR: 'NG0303: Can't bind to 'preview' since it isn't a known property of 'p-image' (used in the 'CarriersComponent' component template).
1. If 'p-image' is an Angular component and it has the 'preview' input, then verify that it is a part of an @NgModule where this component is declared.
2. If 'p-image' is a Web Component then add 'CUSTOM_ELEMENTS_SCHEMA' to the '@NgModule.schemas' of this component to suppress this message.
3. To allow any property add 'NO_ERRORS_SCHEMA' to the '@NgModule.schemas' of this component.'
,Chrome 126.0.0.0 (Windows 10) ERROR: 'NG0304: 'rbn-page-header' is not a known element (used in the 'SearchComponent' component template):
1. If 'rbn-page-header' is an Angular component, then verify that it is a part of an @NgModule where this component is declared.
2. If 'rbn-page-header' is a Web Component then add 'CUSTOM_ELEMENTS_SCHEMA' to the '@NgModule.schemas' of this component to suppress this message.'
,Chrome 126.0.0.0 (Windows 10) ERROR: 'NG0304: 'p-panel' is not a known element (used in the 'SearchComponent' component template):
1. If 'p-panel' is an Angular component, then verify that it is a part of an @NgModule where this component is declared.
2. If 'p-panel' is a Web Component then add 'CUSTOM_ELEMENTS_SCHEMA' to the '@NgModule.schemas' of this component to suppress this message.'
,Chrome 126.0.0.0 (Windows 10) ERROR: 'NG0304: 'p-image' is not a known element (used in the 'SearchComponent' component template):
1. If 'p-image' is an Angular component, then verify that it is a part of an @NgModule where this component is declared.
2. If 'p-image' is a Web Component then add 'CUSTOM_ELEMENTS_SCHEMA' to the '@NgModule.schemas' of this component to suppress this message.'
,Chrome 126.0.0.0 (Windows 10) ERROR: 'NG0304: 'p-image' is not a known element (used in the 'SearchComponent' component template):
1. If 'p-image' is an Angular component, then verify that it is a part of an @NgModule where this component is declared.
2. If 'p-image' is a Web Component then add 'CUSTOM_ELEMENTS_SCHEMA' to the '@NgModule.schemas' of this component to suppress this message.'
,Chrome 126.0.0.0 (Windows 10) ERROR: 'NG0304: 'rbn-panel-messages' is not a known element (used in the 'SearchComponent' component template):
1. If 'rbn-panel-messages' is an Angular component, then verify that it is a part of an @NgModule where this component is declared.
2. If 'rbn-panel-messages' is a Web Component then add 'CUSTOM_ELEMENTS_SCHEMA' to the '@NgModule.schemas' of this component to suppress this message.'
,Chrome 126.0.0.0 (Windows 10) ERROR: 'NG0303: Can't bind to 'data' since it isn't a known property of 'rbn-page-header' (used in the 'SearchComponent' component template).
1. If 'rbn-page-header' is an Angular component and it has the 'data' input, then verify that it is a part of an @NgModule where this component is declared.
2. If 'rbn-page-header' is a Web Component then add 'CUSTOM_ELEMENTS_SCHEMA' to the '@NgModule.schemas' of this component to suppress this message.
3. To allow any property add 'NO_ERRORS_SCHEMA' to the '@NgModule.schemas' of this component.'
,Chrome 126.0.0.0 (Windows 10) ERROR: 'NG0303: Can't bind to 'showHeader' since it isn't a known property of 'p-panel' (used in the 'SearchComponent' component template).
1. If 'p-panel' is an Angular component and it has the 'showHeader' input, then verify that it is a part of an @NgModule where this component is declared.
2. If 'p-panel' is a Web Component then add 'CUSTOM_ELEMENTS_SCHEMA' to the '@NgModule.schemas' of this component to suppress this message.
3. To allow any property add 'NO_ERRORS_SCHEMA' to the '@NgModule.schemas' of this component.'
,Chrome 126.0.0.0 (Windows 10) ERROR: 'NG0303: Can't bind to 'preview' since it isn't a known property of 'p-image' (used in the 'SearchComponent' component template).
1. If 'p-image' is an Angular component and it has the 'preview' input, then verify that it is a part of an @NgModule where this component is declared.
2. If 'p-image' is a Web Component then add 'CUSTOM_ELEMENTS_SCHEMA' to the '@NgModule.schemas' of this component to suppress this message.
3. To allow any property add 'NO_ERRORS_SCHEMA' to the '@NgModule.schemas' of this component.'
,Chrome 126.0.0.0 (Windows 10) ERROR: 'NG0303: Can't bind to 'preview' since it isn't a known property of 'p-image' (used in the 'SearchComponent' component template).
1. If 'p-image' is an Angular component and it has the 'preview' input, then verify that it is a part of an @NgModule where this component is declared.
2. If 'p-image' is a Web Component then add 'CUSTOM_ELEMENTS_SCHEMA' to the '@NgModule.schemas' of this component to suppress this message.
3. To allow any property add 'NO_ERRORS_SCHEMA' to the '@NgModule.schemas' of this component.'
,Chrome 126.0.0.0 (Windows 10) ERROR: 'NG0303: Can't bind to 'content' since it isn't a known property of 'rbn-panel-messages' (used in the 'SearchComponent' component template).
1. If 'rbn-panel-messages' is an Angular component and it has the 'content' input, then verify that it is a part of an @NgModule where this component is declared.
2. If 'rbn-panel-messages' is a Web Component then add 'CUSTOM_ELEMENTS_SCHEMA' to the '@NgModule.schemas' of this component to suppress this message.
3. To allow any property add 'NO_ERRORS_SCHEMA' to the '@NgModule.schemas' of this component.'
,Chrome 126.0.0.0 (Windows 10) ERROR: 'NG0303: Can't bind to 'typeOfMessage' since it isn't a known property of 'rbn-panel-messages' (used in the 'SearchComponent' component template).
1. If 'rbn-panel-messages' is an Angular component and it has the 'typeOfMessage' input, then verify that it is a part of an @NgModule where this component is declared.
2. If 'rbn-panel-messages' is a Web Component then add 'CUSTOM_ELEMENTS_SCHEMA' to the '@NgModule.schemas' of this component to suppress this message.
3. To allow any property add 'NO_ERRORS_SCHEMA' to the '@NgModule.schemas' of this component.'
,Chrome 126.0.0.0 (Windows 10) LOG: 'Responsive property is deprecated.'
,Chrome 126.0.0.0 (Windows 10) ERROR: 'Could not find translation file:', './assets/i18n/en.json'
,Chrome 126.0.0.0 (Windows 10) LOG: 'Responsive property is deprecated.'
,Chrome 126.0.0.0 (Windows 10) ERROR: 'Could not find translation file:', './assets/i18n/en.json'
,Chrome 126.0.0.0 (Windows 10) LOG: 'Responsive property is deprecated.'
,Chrome 126.0.0.0 (Windows 10) ERROR: 'Could not find translation file:', './assets/i18n/en.json'
,Chrome 126.0.0.0 (Windows 10) LOG: 'Responsive property is deprecated.'
,Chrome 126.0.0.0 (Windows 10) ERROR: 'Could not find translation file:', './assets/i18n/en.json'
,Chrome 126.0.0.0 (Windows 10) LOG: 'Responsive property is deprecated.'
,Chrome 126.0.0.0 (Windows 10) ERROR: 'Could not find translation file:', './assets/i18n/en.json'
,Chrome 126.0.0.0 (Windows 10) LOG: 'Responsive property is deprecated.'
,Chrome 126.0.0.0 (Windows 10) ERROR: 'Could not find translation file:', './assets/i18n/en.json'
,Chrome 126.0.0.0 (Windows 10) LOG: 'Responsive property is deprecated.'
,Chrome 126.0.0.0 (Windows 10) ERROR: 'Could not find translation file:', './assets/i18n/en.json'
,Chrome 126.0.0.0 (Windows 10) LOG: 'Responsive property is deprecated.'
,Chrome 126.0.0.0 (Windows 10) ERROR: 'Could not find translation file:', './assets/i18n/en.json'
,Chrome 126.0.0.0 (Windows 10) LOG: 'Responsive property is deprecated.'
,Chrome 126.0.0.0 (Windows 10) ERROR: 'Could not find translation file:', './assets/i18n/en.json'
,Chrome 126.0.0.0 (Windows 10) LOG: 'Responsive property is deprecated.'
,Chrome 126.0.0.0 (Windows 10) ERROR: 'Could not find translation file:', './assets/i18n/en.json'
,Chrome 126.0.0.0 (Windows 10) LOG: 'Responsive property is deprecated.'
,Chrome 126.0.0.0 (Windows 10) ERROR: 'Could not find translation file:', './assets/i18n/en.json'
,Chrome 126.0.0.0 (Windows 10) LOG: 'Responsive property is deprecated.'
,Chrome 126.0.0.0 (Windows 10) ERROR: 'Could not find translation file:', './assets/i18n/en.json'
,Chrome 126.0.0.0 (Windows 10) WARN: 'Spec 'AssociateDialogComponent should run checkbakcup ' has no expectations.'
,Chrome 126.0.0.0 (Windows 10) ERROR: 'NG0304: 'p-accordion' is not a known element (used in the 'ProvisioningComponent' component template):
1. If 'p-accordion' is an Angular component, then verify that it is a part of an @NgModule where this component is declared.
2. If 'p-accordion' is a Web Component then add 'CUSTOM_ELEMENTS_SCHEMA' to the '@NgModule.schemas' of this component to suppress this message.'
,Chrome 126.0.0.0 (Windows 10) ERROR: 'NG0304: 'p-accordionTab' is not a known element (used in the 'ProvisioningComponent' component template):
1. If 'p-accordionTab' is an Angular component, then verify that it is a part of an @NgModule where this component is declared.
2. If 'p-accordionTab' is a Web Component then add 'CUSTOM_ELEMENTS_SCHEMA' to the '@NgModule.schemas' of this component to suppress this message.'
,Chrome 126.0.0.0 (Windows 10) ERROR: 'Could not find translation file:', './assets/i18n/en.json'
,Chrome 126.0.0.0 (Windows 10) ERROR: 'Could not find translation file:', './assets/i18n/en.json'
,Chrome 126.0.0.0 (Windows 10) ERROR: 'Could not find translation file:', './assets/i18n/en.json'
,Chrome 126.0.0.0 (Windows 10) ERROR: 'Could not find translation file:', './assets/i18n/en.json'
,Chrome 126.0.0.0 (Windows 10) ERROR: 'Could not find translation file:', './assets/i18n/en.json'
,Chrome 126.0.0.0 (Windows 10) ERROR: 'Could not find translation file:', './assets/i18n/en.json'
,Chrome 126.0.0.0 (Windows 10) ERROR: 'Could not find translation file:', './assets/i18n/en.json'
,Chrome 126.0.0.0 (Windows 10) ERROR: 'Could not find translation file:', './assets/i18n/en.json'
,Chrome 126.0.0.0 (Windows 10) ERROR: 'Could not find translation file:', './assets/i18n/en.json'
,Chrome 126.0.0.0 (Windows 10) LOG: 'Responsive property is deprecated.'
,Chrome 126.0.0.0 (Windows 10) ERROR: 'Could not find translation file:', './assets/i18n/en.json'
,Chrome 126.0.0.0 (Windows 10) ERROR: 'Could not find translation file:', './assets/i18n/en.json'
,Chrome 126.0.0.0 (Windows 10) ERROR: 'Could not find translation file:', './assets/i18n/en.json'
,Chrome 126.0.0.0 (Windows 10) ERROR: 'Could not find translation file:', './assets/i18n/en.json'
,Chrome 126.0.0.0 (Windows 10) ERROR: 'Could not find translation file:', './assets/i18n/en.json'
,Chrome 126.0.0.0 (Windows 10) ERROR: 'NG0304: 'rbn-page-header' is not a known element (used in the 'MaintenanceComponent' component template):
1. If 'rbn-page-header' is an Angular component, then verify that it is a part of an @NgModule where this component is declared.
2. If 'rbn-page-header' is a Web Component then add 'CUSTOM_ELEMENTS_SCHEMA' to the '@NgModule.schemas' of this component to suppress this message.'
,Chrome 126.0.0.0 (Windows 10) ERROR: 'NG0304: 'p-panel' is not a known element (used in the 'MaintenanceComponent' component template):
1. If 'p-panel' is an Angular component, then verify that it is a part of an @NgModule where this component is declared.
2. If 'p-panel' is a Web Component then add 'CUSTOM_ELEMENTS_SCHEMA' to the '@NgModule.schemas' of this component to suppress this message.'
,Chrome 126.0.0.0 (Windows 10) ERROR: 'NG0304: 'p-image' is not a known element (used in the 'MaintenanceComponent' component template):
1. If 'p-image' is an Angular component, then verify that it is a part of an @NgModule where this component is declared.
2. If 'p-image' is a Web Component then add 'CUSTOM_ELEMENTS_SCHEMA' to the '@NgModule.schemas' of this component to suppress this message.'
,Chrome 126.0.0.0 (Windows 10) ERROR: 'NG0304: 'p-image' is not a known element (used in the 'MaintenanceComponent' component template):
1. If 'p-image' is an Angular component, then verify that it is a part of an @NgModule where this component is declared.
2. If 'p-image' is a Web Component then add 'CUSTOM_ELEMENTS_SCHEMA' to the '@NgModule.schemas' of this component to suppress this message.'
,Chrome 126.0.0.0 (Windows 10) ERROR: 'NG0303: Can't bind to 'data' since it isn't a known property of 'rbn-page-header' (used in the 'MaintenanceComponent' component template).
1. If 'rbn-page-header' is an Angular component and it has the 'data' input, then verify that it is a part of an @NgModule where this component is declared.
2. If 'rbn-page-header' is a Web Component then add 'CUSTOM_ELEMENTS_SCHEMA' to the '@NgModule.schemas' of this component to suppress this message.
3. To allow any property add 'NO_ERRORS_SCHEMA' to the '@NgModule.schemas' of this component.'
,Chrome 126.0.0.0 (Windows 10) ERROR: 'NG0303: Can't bind to 'showHeader' since it isn't a known property of 'p-panel' (used in the 'MaintenanceComponent' component template).
1. If 'p-panel' is an Angular component and it has the 'showHeader' input, then verify that it is a part of an @NgModule where this component is declared.
2. If 'p-panel' is a Web Component then add 'CUSTOM_ELEMENTS_SCHEMA' to the '@NgModule.schemas' of this component to suppress this message.
3. To allow any property add 'NO_ERRORS_SCHEMA' to the '@NgModule.schemas' of this component.'
,Chrome 126.0.0.0 (Windows 10) ERROR: 'NG0303: Can't bind to 'preview' since it isn't a known property of 'p-image' (used in the 'MaintenanceComponent' component template).
1. If 'p-image' is an Angular component and it has the 'preview' input, then verify that it is a part of an @NgModule where this component is declared.
2. If 'p-image' is a Web Component then add 'CUSTOM_ELEMENTS_SCHEMA' to the '@NgModule.schemas' of this component to suppress this message.
3. To allow any property add 'NO_ERRORS_SCHEMA' to the '@NgModule.schemas' of this component.'
,Chrome 126.0.0.0 (Windows 10) ERROR: 'NG0303: Can't bind to 'preview' since it isn't a known property of 'p-image' (used in the 'MaintenanceComponent' component template).
1. If 'p-image' is an Angular component and it has the 'preview' input, then verify that it is a part of an @NgModule where this component is declared.
2. If 'p-image' is a Web Component then add 'CUSTOM_ELEMENTS_SCHEMA' to the '@NgModule.schemas' of this component to suppress this message.
3. To allow any property add 'NO_ERRORS_SCHEMA' to the '@NgModule.schemas' of this component.'
,Chrome 126.0.0.0 (Windows 10) ERROR: 'NG0304: 'rbn-page-header' is not a known element (used in the 'LinesComponent' component template):
1. If 'rbn-page-header' is an Angular component, then verify that it is a part of an @NgModule where this component is declared.
2. If 'rbn-page-header' is a Web Component then add 'CUSTOM_ELEMENTS_SCHEMA' to the '@NgModule.schemas' of this component to suppress this message.'
,Chrome 126.0.0.0 (Windows 10) ERROR: 'NG0304: 'p-panel' is not a known element (used in the 'LinesComponent' component template):
1. If 'p-panel' is an Angular component, then verify that it is a part of an @NgModule where this component is declared.
2. If 'p-panel' is a Web Component then add 'CUSTOM_ELEMENTS_SCHEMA' to the '@NgModule.schemas' of this component to suppress this message.'
,Chrome 126.0.0.0 (Windows 10) ERROR: 'NG0304: 'p-image' is not a known element (used in the 'LinesComponent' component template):
1. If 'p-image' is an Angular component, then verify that it is a part of an @NgModule where this component is declared.
2. If 'p-image' is a Web Component then add 'CUSTOM_ELEMENTS_SCHEMA' to the '@NgModule.schemas' of this component to suppress this message.'
,Chrome 126.0.0.0 (Windows 10) ERROR: 'NG0303: Can't bind to 'data' since it isn't a known property of 'rbn-page-header' (used in the 'LinesComponent' component template).
1. If 'rbn-page-header' is an Angular component and it has the 'data' input, then verify that it is a part of an @NgModule where this component is declared.
2. If 'rbn-page-header' is a Web Component then add 'CUSTOM_ELEMENTS_SCHEMA' to the '@NgModule.schemas' of this component to suppress this message.
3. To allow any property add 'NO_ERRORS_SCHEMA' to the '@NgModule.schemas' of this component.'
,Chrome 126.0.0.0 (Windows 10) ERROR: 'NG0303: Can't bind to 'showHeader' since it isn't a known property of 'p-panel' (used in the 'LinesComponent' component template).
1. If 'p-panel' is an Angular component and it has the 'showHeader' input, then verify that it is a part of an @NgModule where this component is declared.
2. If 'p-panel' is a Web Component then add 'CUSTOM_ELEMENTS_SCHEMA' to the '@NgModule.schemas' of this component to suppress this message.
3. To allow any property add 'NO_ERRORS_SCHEMA' to the '@NgModule.schemas' of this component.'
,Chrome 126.0.0.0 (Windows 10) ERROR: 'NG0303: Can't bind to 'routerLink' since it isn't a known property of 'a' (used in the 'LinesComponent' component template).
1. If 'a' is an Angular component and it has the 'routerLink' input, then verify that it is a part of an @NgModule where this component is declared.
2. To allow any property add 'NO_ERRORS_SCHEMA' to the '@NgModule.schemas' of this component.'
,Chrome 126.0.0.0 (Windows 10) ERROR: 'NG0303: Can't bind to 'preview' since it isn't a known property of 'p-image' (used in the 'LinesComponent' component template).
1. If 'p-image' is an Angular component and it has the 'preview' input, then verify that it is a part of an @NgModule where this component is declared.
2. If 'p-image' is a Web Component then add 'CUSTOM_ELEMENTS_SCHEMA' to the '@NgModule.schemas' of this component to suppress this message.
3. To allow any property add 'NO_ERRORS_SCHEMA' to the '@NgModule.schemas' of this component.'
,Chrome 126.0.0.0 (Windows 10) ERROR: 'Could not find translation file:', './assets/i18n/en.json'
,Chrome 126.0.0.0 (Windows 10) ERROR: 'Could not find translation file:', './assets/i18n/en.json'
,Chrome 126.0.0.0 (Windows 10) ERROR: 'Could not find translation file:', './assets/i18n/en.json'
,Chrome 126.0.0.0 (Windows 10) ERROR: 'Could not find translation file:', './assets/i18n/en.json'
,Chrome 126.0.0.0 (Windows 10) ERROR: 'Could not find translation file:', './assets/i18n/en.json'
,Chrome 126.0.0.0 (Windows 10) ERROR: 'Could not find translation file:', './assets/i18n/en.json'
,Chrome 126.0.0.0 (Windows 10) LOG: 'Responsive property is deprecated.'
,Chrome 126.0.0.0 (Windows 10) ERROR: 'Could not find translation file:', './assets/i18n/en.json'
,Chrome 126.0.0.0 (Windows 10) LOG: 'Responsive property is deprecated.'
,Chrome 126.0.0.0 (Windows 10) ERROR: 'Could not find translation file:', './assets/i18n/en.json'
,Chrome 126.0.0.0 (Windows 10) LOG: 'Responsive property is deprecated.'
,Chrome 126.0.0.0 (Windows 10) ERROR: 'Could not find translation file:', './assets/i18n/en.json'
,Chrome 126.0.0.0 (Windows 10) LOG: 'Responsive property is deprecated.'
,Chrome 126.0.0.0 (Windows 10) ERROR: 'Could not find translation file:', './assets/i18n/en.json'
,Chrome 126.0.0.0 (Windows 10) LOG: 'Responsive property is deprecated.'
,Chrome 126.0.0.0 (Windows 10) ERROR: 'Could not find translation file:', './assets/i18n/en.json'
,Chrome 126.0.0.0 (Windows 10) LOG: 'Responsive property is deprecated.'
,Chrome 126.0.0.0 (Windows 10) ERROR: 'Could not find translation file:', './assets/i18n/en.json'
,Chrome 126.0.0.0 (Windows 10) LOG: 'Responsive property is deprecated.'
,Chrome 126.0.0.0 (Windows 10) ERROR: 'Could not find translation file:', './assets/i18n/en.json'
,Chrome 126.0.0.0 (Windows 10) LOG: 'Responsive property is deprecated.'
,Chrome 126.0.0.0 (Windows 10) ERROR: 'Could not find translation file:', './assets/i18n/en.json'

]]>
  </system-out>
  <system-err/>
</testsuite>